[0.005s] Invoking command in '/home/jacky/Documents/robot_bartender/build/ev3_interfaces': CMAKE_PREFIX_PATH=/home/jacky/Documents/robot_bartender/install/ev3_mqtt_bridge:/home/jacky/Documents/robot_bartender/install/camera:/opt/ros/humble /usr/bin/cmake /home/jacky/Documents/robot_bartender/src/ev3_interfaces -DCMAKE_INSTALL_PREFIX=/home/jacky/Documents/robot_bartender/install/ev3_interfaces
[0.058s] -- The C compiler identification is GNU 11.4.0
[0.092s] -- The CXX compiler identification is GNU 11.4.0
[0.099s] -- Detecting C compiler ABI info
[0.141s] -- Detecting C compiler ABI info - done
[0.146s] -- Check for working C compiler: /usr/bin/cc - skipped
[0.146s] -- Detecting C compile features
[0.147s] -- Detecting C compile features - done
[0.149s] -- Detecting CXX compiler ABI info
[0.198s] -- Detecting CXX compiler ABI info - done
[0.202s] -- Check for working CXX compiler: /usr/bin/c++ - skipped
[0.202s] -- Detecting CXX compile features
[0.203s] -- Detecting CXX compile features - done
[0.213s] -- Found ament_cmake: 1.3.11 (/opt/ros/humble/share/ament_cmake/cmake)
[0.304s] -- Found Python3: /usr/bin/python3 (found version "3.10.12") found components: Interpreter 
[0.370s] -- Found rosidl_default_generators: 1.2.0 (/opt/ros/humble/share/rosidl_default_generators/cmake)
[0.373s] -- Using all available rosidl_typesupport_c: rosidl_typesupport_fastrtps_c;rosidl_typesupport_introspection_c
[0.380s] -- Found rosidl_adapter: 3.1.6 (/opt/ros/humble/share/rosidl_adapter/cmake)
[0.416s] -- Using all available rosidl_typesupport_cpp: rosidl_typesupport_fastrtps_cpp;rosidl_typesupport_introspection_cpp
[0.446s] -- Found ament_lint_auto: 0.12.12 (/opt/ros/humble/share/ament_lint_auto/cmake)
[0.569s] [31mCMake Error at /opt/ros/humble/share/rosidl_cmake/cmake/rosidl_generate_interfaces.cmake:229 (message):
[0.569s]   Packages installing interfaces must include
[0.569s]   '<member_of_group>rosidl_interface_packages</member_of_group>' in their
[0.569s]   package.xml
[0.569s] Call Stack (most recent call first):
[0.569s]   CMakeLists.txt:27 (rosidl_generate_interfaces)
[0.569s] 
[0.570s] [0m
[0.570s] -- Configuring incomplete, errors occurred!
[0.570s] See also "/home/jacky/Documents/robot_bartender/build/ev3_interfaces/CMakeFiles/CMakeOutput.log".
[0.573s] Invoked command in '/home/jacky/Documents/robot_bartender/build/ev3_interfaces' returned '1': CMAKE_PREFIX_PATH=/home/jacky/Documents/robot_bartender/install/ev3_mqtt_bridge:/home/jacky/Documents/robot_bartender/install/camera:/opt/ros/humble /usr/bin/cmake /home/jacky/Documents/robot_bartender/src/ev3_interfaces -DCMAKE_INSTALL_PREFIX=/home/jacky/Documents/robot_bartender/install/ev3_interfaces
