[0.008s] Invoking command in '/home/jacky/Documents/robot_bartender/build/ev3_interfaces': CMAKE_PREFIX_PATH=/opt/ros/humble /usr/bin/cmake --build /home/jacky/Documents/robot_bartender/build/ev3_interfaces -- -j16 -l16
[0.038s] -- Found ament_cmake: 1.3.11 (/opt/ros/humble/share/ament_cmake/cmake)
[0.126s] -- Found rosidl_default_generators: 1.2.0 (/opt/ros/humble/share/rosidl_default_generators/cmake)
[0.128s] -- Using all available rosidl_typesupport_c: rosidl_typesupport_fastrtps_c;rosidl_typesupport_introspection_c
[0.131s] -- Found rosidl_adapter: 3.1.6 (/opt/ros/humble/share/rosidl_adapter/cmake)
[0.159s] -- Using all available rosidl_typesupport_cpp: rosidl_typesupport_fastrtps_cpp;rosidl_typesupport_introspection_cpp
[0.181s] -- Found ament_lint_auto: 0.12.12 (/opt/ros/humble/share/ament_lint_auto/cmake)
[0.383s] -- Found ament_cmake_ros: 0.10.0 (/opt/ros/humble/share/ament_cmake_ros/cmake)
[0.507s] -- Using all available rosidl_typesupport_c: rosidl_typesupport_fastrtps_c;rosidl_typesupport_introspection_c
[0.650s] -- Using all available rosidl_typesupport_cpp: rosidl_typesupport_fastrtps_cpp;rosidl_typesupport_introspection_cpp
[0.664s] -- Found python_cmake_module: 0.10.0 (/opt/ros/humble/share/python_cmake_module/cmake)
[0.678s] -- Using PYTHON_EXECUTABLE: /usr/bin/python3
[0.678s] -- Using PYTHON_INCLUDE_DIRS: /usr/include/python3.10
[0.678s] -- Using PYTHON_LIBRARIES: /usr/lib/x86_64-linux-gnu/libpython3.10.so
[0.692s] -- Added test 'lint_cmake' to check CMake code style
[0.693s] -- Added test 'xmllint' to check XML markup files
[0.699s] -- Configuring done
[0.725s] -- Generating done
[0.733s] -- Build files have been written to: /home/jacky/Documents/robot_bartender/build/ev3_interfaces
[0.748s] [  2%] [34m[1mGenerating C code for ROS interfaces[0m
[0.753s] [  5%] [34m[1mGenerating C++ code for ROS interfaces[0m
[0.760s] [  5%] Built target ament_cmake_python_copy_ev3_interfaces
[0.924s] running egg_info
[0.924s] writing ev3_interfaces.egg-info/PKG-INFO
[0.924s] writing dependency_links to ev3_interfaces.egg-info/dependency_links.txt
[0.924s] writing top-level names to ev3_interfaces.egg-info/top_level.txt
[0.926s] reading manifest file 'ev3_interfaces.egg-info/SOURCES.txt'
[0.927s] writing manifest file 'ev3_interfaces.egg-info/SOURCES.txt'
[0.946s] [  5%] Built target ament_cmake_python_build_ev3_interfaces_egg
[1.127s] [35m[1mConsolidate compiler generated dependencies of target ev3_interfaces__rosidl_generator_c[0m
[1.130s] [  5%] Built target ev3_interfaces__cpp
[1.134s] [  7%] [32mBuilding C object CMakeFiles/ev3_interfaces__rosidl_generator_c.dir/rosidl_generator_c/ev3_interfaces/action/detail/motor_command__functions.c.o[0m
[1.136s] [ 10%] [34m[1mGenerating C++ type support for eProsima Fast-RTPS[0m
[1.136s] [ 12%] [34m[1mGenerating C++ introspection for ROS interfaces[0m
[1.136s] [ 15%] [34m[1mGenerating C++ type support dispatch for ROS interfaces[0m
[1.137s] [ 17%] [32mBuilding C object CMakeFiles/ev3_interfaces__rosidl_generator_c.dir/rosidl_generator_c/ev3_interfaces/srv/detail/motor_command__functions.c.o[0m
[1.233s] [ 20%] [32m[1mLinking C shared library libev3_interfaces__rosidl_generator_c.so[0m
[1.264s] [ 20%] Built target ev3_interfaces__rosidl_generator_c
[1.270s] [ 23%] [34m[1mGenerating C type support for eProsima Fast-RTPS[0m
[1.270s] [ 28%] [34m[1mGenerating C introspection for ROS interfaces[0m
[1.270s] [ 28%] [34m[1mGenerating C type support dispatch for ROS interfaces[0m
[1.386s] [35m[1mConsolidate compiler generated dependencies of target ev3_interfaces__rosidl_typesupport_cpp[0m
[1.394s] [ 30%] [32mBuilding CXX object CMakeFiles/ev3_interfaces__rosidl_typesupport_cpp.dir/rosidl_typesupport_cpp/ev3_interfaces/action/motor_command__type_support.cpp.o[0m
[1.399s] [ 33%] [32mBuilding CXX object CMakeFiles/ev3_interfaces__rosidl_typesupport_cpp.dir/rosidl_typesupport_cpp/ev3_interfaces/srv/motor_command__type_support.cpp.o[0m
[1.444s] [35m[1mConsolidate compiler generated dependencies of target ev3_interfaces__rosidl_typesupport_introspection_cpp[0m
[1.452s] [ 35%] [32mBuilding CXX object CMakeFiles/ev3_interfaces__rosidl_typesupport_introspection_cpp.dir/rosidl_typesupport_introspection_cpp/ev3_interfaces/action/detail/motor_command__type_support.cpp.o[0m
[1.453s] [ 38%] [32mBuilding CXX object CMakeFiles/ev3_interfaces__rosidl_typesupport_introspection_cpp.dir/rosidl_typesupport_introspection_cpp/ev3_interfaces/srv/detail/motor_command__type_support.cpp.o[0m
[1.473s] [35m[1mConsolidate compiler generated dependencies of target ev3_interfaces__rosidl_typesupport_fastrtps_cpp[0m
[1.481s] [ 41%] [32mBuilding CXX object CMakeFiles/ev3_interfaces__rosidl_typesupport_fastrtps_cpp.dir/rosidl_typesupport_fastrtps_cpp/ev3_interfaces/action/detail/dds_fastrtps/motor_command__type_support.cpp.o[0m
[1.483s] [ 43%] [32mBuilding CXX object CMakeFiles/ev3_interfaces__rosidl_typesupport_fastrtps_cpp.dir/rosidl_typesupport_fastrtps_cpp/ev3_interfaces/srv/detail/dds_fastrtps/motor_command__type_support.cpp.o[0m
[1.561s] [35m[1mConsolidate compiler generated dependencies of target ev3_interfaces__rosidl_typesupport_c[0m
[1.568s] [ 46%] [32mBuilding CXX object CMakeFiles/ev3_interfaces__rosidl_typesupport_c.dir/rosidl_typesupport_c/ev3_interfaces/action/motor_command__type_support.cpp.o[0m
[1.571s] [ 48%] [32mBuilding CXX object CMakeFiles/ev3_interfaces__rosidl_typesupport_c.dir/rosidl_typesupport_c/ev3_interfaces/srv/motor_command__type_support.cpp.o[0m
[1.601s] [ 51%] [32m[1mLinking CXX shared library libev3_interfaces__rosidl_typesupport_c.so[0m
[1.631s] [ 51%] Built target ev3_interfaces__rosidl_typesupport_c
[1.645s] [35m[1mConsolidate compiler generated dependencies of target ev3_interfaces__rosidl_typesupport_fastrtps_c[0m
[1.653s] [ 53%] [32mBuilding CXX object CMakeFiles/ev3_interfaces__rosidl_typesupport_fastrtps_c.dir/rosidl_typesupport_fastrtps_c/ev3_interfaces/action/detail/motor_command__type_support_c.cpp.o[0m
[1.654s] [ 56%] [32mBuilding CXX object CMakeFiles/ev3_interfaces__rosidl_typesupport_fastrtps_c.dir/rosidl_typesupport_fastrtps_c/ev3_interfaces/srv/detail/motor_command__type_support_c.cpp.o[0m
[1.667s] [35m[1mConsolidate compiler generated dependencies of target ev3_interfaces__rosidl_typesupport_introspection_c[0m
[1.674s] [ 61%] [32mBuilding C object CMakeFiles/ev3_interfaces__rosidl_typesupport_introspection_c.dir/rosidl_typesupport_introspection_c/ev3_interfaces/srv/detail/motor_command__type_support.c.o[0m
[1.674s] [ 61%] [32mBuilding C object CMakeFiles/ev3_interfaces__rosidl_typesupport_introspection_c.dir/rosidl_typesupport_introspection_c/ev3_interfaces/action/detail/motor_command__type_support.c.o[0m
[1.705s] [ 64%] [32m[1mLinking C shared library libev3_interfaces__rosidl_typesupport_introspection_c.so[0m
[1.727s] [ 64%] Built target ev3_interfaces__rosidl_typesupport_introspection_c
[1.809s] [ 66%] [32m[1mLinking CXX shared library libev3_interfaces__rosidl_typesupport_cpp.so[0m
[1.836s] [ 66%] Built target ev3_interfaces__rosidl_typesupport_cpp
[1.848s] [ 69%] [32m[1mLinking CXX shared library libev3_interfaces__rosidl_typesupport_fastrtps_cpp.so[0m
[1.852s] [ 71%] [32m[1mLinking CXX shared library libev3_interfaces__rosidl_typesupport_introspection_cpp.so[0m
[1.897s] [ 71%] Built target ev3_interfaces__rosidl_typesupport_fastrtps_cpp
[1.899s] [ 71%] Built target ev3_interfaces__rosidl_typesupport_introspection_cpp
[1.902s] [ 74%] [32m[1mLinking CXX shared library libev3_interfaces__rosidl_typesupport_fastrtps_c.so[0m
[1.947s] [ 74%] Built target ev3_interfaces__rosidl_typesupport_fastrtps_c
[1.958s] [ 74%] Built target ev3_interfaces
[1.974s] [ 76%] [34m[1mGenerating Python code for ROS interfaces[0m
[2.601s] [ 76%] Built target ev3_interfaces__py
[2.607s] [35m[1mConsolidate compiler generated dependencies of target ev3_interfaces__rosidl_generator_py[0m
[2.615s] [ 79%] [32mBuilding C object CMakeFiles/ev3_interfaces__rosidl_generator_py.dir/rosidl_generator_py/ev3_interfaces/action/_motor_command_s.c.o[0m
[2.617s] [ 82%] [32mBuilding C object CMakeFiles/ev3_interfaces__rosidl_generator_py.dir/rosidl_generator_py/ev3_interfaces/srv/_motor_command_s.c.o[0m
[2.727s] [ 84%] [32m[1mLinking C shared library rosidl_generator_py/ev3_interfaces/libev3_interfaces__rosidl_generator_py.so[0m
[2.755s] [ 84%] Built target ev3_interfaces__rosidl_generator_py
[2.762s] [35m[1mConsolidate compiler generated dependencies of target ev3_interfaces__rosidl_typesupport_fastrtps_c__pyext[0m
[2.764s] [35m[1mConsolidate compiler generated dependencies of target ev3_interfaces__rosidl_typesupport_c__pyext[0m
[2.764s] [35m[1mConsolidate compiler generated dependencies of target ev3_interfaces__rosidl_typesupport_introspection_c__pyext[0m
[2.770s] [ 87%] [32mBuilding C object CMakeFiles/ev3_interfaces__rosidl_typesupport_fastrtps_c__pyext.dir/rosidl_generator_py/ev3_interfaces/_ev3_interfaces_s.ep.rosidl_typesupport_fastrtps_c.c.o[0m
[2.772s] [ 92%] [32mBuilding C object CMakeFiles/ev3_interfaces__rosidl_typesupport_c__pyext.dir/rosidl_generator_py/ev3_interfaces/_ev3_interfaces_s.ep.rosidl_typesupport_c.c.o[0m
[2.772s] [ 92%] [32mBuilding C object CMakeFiles/ev3_interfaces__rosidl_typesupport_introspection_c__pyext.dir/rosidl_generator_py/ev3_interfaces/_ev3_interfaces_s.ep.rosidl_typesupport_introspection_c.c.o[0m
[2.851s] [ 94%] [32m[1mLinking C shared library rosidl_generator_py/ev3_interfaces/ev3_interfaces_s__rosidl_typesupport_fastrtps_c.cpython-310-x86_64-linux-gnu.so[0m
[2.851s] [ 97%] [32m[1mLinking C shared library rosidl_generator_py/ev3_interfaces/ev3_interfaces_s__rosidl_typesupport_introspection_c.cpython-310-x86_64-linux-gnu.so[0m
[2.851s] [100%] [32m[1mLinking C shared library rosidl_generator_py/ev3_interfaces/ev3_interfaces_s__rosidl_typesupport_c.cpython-310-x86_64-linux-gnu.so[0m
[2.876s] [100%] Built target ev3_interfaces__rosidl_typesupport_introspection_c__pyext
[2.876s] [100%] Built target ev3_interfaces__rosidl_typesupport_fastrtps_c__pyext
[2.876s] [100%] Built target ev3_interfaces__rosidl_typesupport_c__pyext
[2.883s] Invoked command in '/home/jacky/Documents/robot_bartender/build/ev3_interfaces' returned '0': CMAKE_PREFIX_PATH=/opt/ros/humble /usr/bin/cmake --build /home/jacky/Documents/robot_bartender/build/ev3_interfaces -- -j16 -l16
[2.889s] Invoking command in '/home/jacky/Documents/robot_bartender/build/ev3_interfaces': CMAKE_PREFIX_PATH=/opt/ros/humble /usr/bin/cmake --install /home/jacky/Documents/robot_bartender/build/ev3_interfaces
[2.893s] -- Install configuration: ""
[2.894s] -- Installing: /home/jacky/Documents/robot_bartender/install/ev3_interfaces/share/ament_index/resource_index/rosidl_interfaces/ev3_interfaces
[2.894s] -- Up-to-date: /home/jacky/Documents/robot_bartender/install/ev3_interfaces/include/ev3_interfaces/ev3_interfaces
[2.894s] -- Installing: /home/jacky/Documents/robot_bartender/install/ev3_interfaces/include/ev3_interfaces/ev3_interfaces/action
[2.894s] -- Installing: /home/jacky/Documents/robot_bartender/install/ev3_interfaces/include/ev3_interfaces/ev3_interfaces/action/detail
[2.894s] -- Installing: /home/jacky/Documents/robot_bartender/install/ev3_interfaces/include/ev3_interfaces/ev3_interfaces/action/detail/motor_command__functions.c
[2.894s] -- Installing: /home/jacky/Documents/robot_bartender/install/ev3_interfaces/include/ev3_interfaces/ev3_interfaces/action/detail/motor_command__functions.h
[2.894s] -- Installing: /home/jacky/Documents/robot_bartender/install/ev3_interfaces/include/ev3_interfaces/ev3_interfaces/action/detail/motor_command__type_support.h
[2.894s] -- Installing: /home/jacky/Documents/robot_bartender/install/ev3_interfaces/include/ev3_interfaces/ev3_interfaces/action/detail/motor_command__struct.h
[2.894s] -- Installing: /home/jacky/Documents/robot_bartender/install/ev3_interfaces/include/ev3_interfaces/ev3_interfaces/action/motor_command.h
[2.894s] -- Up-to-date: /home/jacky/Documents/robot_bartender/install/ev3_interfaces/include/ev3_interfaces/ev3_interfaces/srv
[2.894s] -- Up-to-date: /home/jacky/Documents/robot_bartender/install/ev3_interfaces/include/ev3_interfaces/ev3_interfaces/srv/detail
[2.894s] -- Installing: /home/jacky/Documents/robot_bartender/install/ev3_interfaces/include/ev3_interfaces/ev3_interfaces/srv/detail/motor_command__functions.c
[2.894s] -- Installing: /home/jacky/Documents/robot_bartender/install/ev3_interfaces/include/ev3_interfaces/ev3_interfaces/srv/detail/motor_command__functions.h
[2.894s] -- Installing: /home/jacky/Documents/robot_bartender/install/ev3_interfaces/include/ev3_interfaces/ev3_interfaces/srv/detail/motor_command__type_support.h
[2.894s] -- Installing: /home/jacky/Documents/robot_bartender/install/ev3_interfaces/include/ev3_interfaces/ev3_interfaces/srv/detail/motor_command__struct.h
[2.894s] -- Installing: /home/jacky/Documents/robot_bartender/install/ev3_interfaces/include/ev3_interfaces/ev3_interfaces/srv/motor_command.h
[2.894s] -- Up-to-date: /home/jacky/Documents/robot_bartender/install/ev3_interfaces/include/ev3_interfaces/ev3_interfaces/msg
[2.894s] -- Up-to-date: /home/jacky/Documents/robot_bartender/install/ev3_interfaces/include/ev3_interfaces/ev3_interfaces/msg/rosidl_generator_c__visibility_control.h
[2.895s] -- Up-to-date: /home/jacky/Documents/robot_bartender/install/ev3_interfaces/share/ev3_interfaces/environment/library_path.sh
[2.895s] -- Installing: /home/jacky/Documents/robot_bartender/install/ev3_interfaces/share/ev3_interfaces/environment/library_path.dsv
[2.895s] -- Installing: /home/jacky/Documents/robot_bartender/install/ev3_interfaces/lib/libev3_interfaces__rosidl_generator_c.so
[2.895s] -- Set runtime path of "/home/jacky/Documents/robot_bartender/install/ev3_interfaces/lib/libev3_interfaces__rosidl_generator_c.so" to ""
[2.895s] -- Up-to-date: /home/jacky/Documents/robot_bartender/install/ev3_interfaces/include/ev3_interfaces/ev3_interfaces
[2.895s] -- Up-to-date: /home/jacky/Documents/robot_bartender/install/ev3_interfaces/include/ev3_interfaces/ev3_interfaces/action
[2.895s] -- Up-to-date: /home/jacky/Documents/robot_bartender/install/ev3_interfaces/include/ev3_interfaces/ev3_interfaces/action/detail
[2.895s] -- Installing: /home/jacky/Documents/robot_bartender/install/ev3_interfaces/include/ev3_interfaces/ev3_interfaces/action/detail/motor_command__rosidl_typesupport_fastrtps_c.h
[2.895s] -- Up-to-date: /home/jacky/Documents/robot_bartender/install/ev3_interfaces/include/ev3_interfaces/ev3_interfaces/srv
[2.895s] -- Up-to-date: /home/jacky/Documents/robot_bartender/install/ev3_interfaces/include/ev3_interfaces/ev3_interfaces/srv/detail
[2.895s] -- Installing: /home/jacky/Documents/robot_bartender/install/ev3_interfaces/include/ev3_interfaces/ev3_interfaces/srv/detail/motor_command__rosidl_typesupport_fastrtps_c.h
[2.896s] -- Up-to-date: /home/jacky/Documents/robot_bartender/install/ev3_interfaces/include/ev3_interfaces/ev3_interfaces/msg
[2.896s] -- Up-to-date: /home/jacky/Documents/robot_bartender/install/ev3_interfaces/include/ev3_interfaces/ev3_interfaces/msg/rosidl_typesupport_fastrtps_c__visibility_control.h
[2.896s] -- Installing: /home/jacky/Documents/robot_bartender/install/ev3_interfaces/lib/libev3_interfaces__rosidl_typesupport_fastrtps_c.so
[2.896s] -- Set runtime path of "/home/jacky/Documents/robot_bartender/install/ev3_interfaces/lib/libev3_interfaces__rosidl_typesupport_fastrtps_c.so" to ""
[2.896s] -- Up-to-date: /home/jacky/Documents/robot_bartender/install/ev3_interfaces/include/ev3_interfaces/ev3_interfaces
[2.896s] -- Up-to-date: /home/jacky/Documents/robot_bartender/install/ev3_interfaces/include/ev3_interfaces/ev3_interfaces/action
[2.896s] -- Up-to-date: /home/jacky/Documents/robot_bartender/install/ev3_interfaces/include/ev3_interfaces/ev3_interfaces/action/detail
[2.896s] -- Installing: /home/jacky/Documents/robot_bartender/install/ev3_interfaces/include/ev3_interfaces/ev3_interfaces/action/detail/motor_command__type_support.c
[2.896s] -- Installing: /home/jacky/Documents/robot_bartender/install/ev3_interfaces/include/ev3_interfaces/ev3_interfaces/action/detail/motor_command__rosidl_typesupport_introspection_c.h
[2.896s] -- Up-to-date: /home/jacky/Documents/robot_bartender/install/ev3_interfaces/include/ev3_interfaces/ev3_interfaces/srv
[2.896s] -- Up-to-date: /home/jacky/Documents/robot_bartender/install/ev3_interfaces/include/ev3_interfaces/ev3_interfaces/srv/detail
[2.896s] -- Installing: /home/jacky/Documents/robot_bartender/install/ev3_interfaces/include/ev3_interfaces/ev3_interfaces/srv/detail/motor_command__type_support.c
[2.896s] -- Installing: /home/jacky/Documents/robot_bartender/install/ev3_interfaces/include/ev3_interfaces/ev3_interfaces/srv/detail/motor_command__rosidl_typesupport_introspection_c.h
[2.896s] -- Up-to-date: /home/jacky/Documents/robot_bartender/install/ev3_interfaces/include/ev3_interfaces/ev3_interfaces/msg
[2.897s] -- Up-to-date: /home/jacky/Documents/robot_bartender/install/ev3_interfaces/include/ev3_interfaces/ev3_interfaces/msg/rosidl_typesupport_introspection_c__visibility_control.h
[2.897s] -- Installing: /home/jacky/Documents/robot_bartender/install/ev3_interfaces/lib/libev3_interfaces__rosidl_typesupport_introspection_c.so
[2.897s] -- Set runtime path of "/home/jacky/Documents/robot_bartender/install/ev3_interfaces/lib/libev3_interfaces__rosidl_typesupport_introspection_c.so" to ""
[2.897s] -- Installing: /home/jacky/Documents/robot_bartender/install/ev3_interfaces/lib/libev3_interfaces__rosidl_typesupport_c.so
[2.897s] -- Set runtime path of "/home/jacky/Documents/robot_bartender/install/ev3_interfaces/lib/libev3_interfaces__rosidl_typesupport_c.so" to ""
[2.897s] -- Up-to-date: /home/jacky/Documents/robot_bartender/install/ev3_interfaces/include/ev3_interfaces/ev3_interfaces
[2.897s] -- Up-to-date: /home/jacky/Documents/robot_bartender/install/ev3_interfaces/include/ev3_interfaces/ev3_interfaces/action
[2.897s] -- Up-to-date: /home/jacky/Documents/robot_bartender/install/ev3_interfaces/include/ev3_interfaces/ev3_interfaces/action/detail
[2.897s] -- Installing: /home/jacky/Documents/robot_bartender/install/ev3_interfaces/include/ev3_interfaces/ev3_interfaces/action/detail/motor_command__traits.hpp
[2.898s] -- Installing: /home/jacky/Documents/robot_bartender/install/ev3_interfaces/include/ev3_interfaces/ev3_interfaces/action/detail/motor_command__type_support.hpp
[2.898s] -- Installing: /home/jacky/Documents/robot_bartender/install/ev3_interfaces/include/ev3_interfaces/ev3_interfaces/action/detail/motor_command__struct.hpp
[2.898s] -- Installing: /home/jacky/Documents/robot_bartender/install/ev3_interfaces/include/ev3_interfaces/ev3_interfaces/action/detail/motor_command__builder.hpp
[2.898s] -- Installing: /home/jacky/Documents/robot_bartender/install/ev3_interfaces/include/ev3_interfaces/ev3_interfaces/action/motor_command.hpp
[2.898s] -- Up-to-date: /home/jacky/Documents/robot_bartender/install/ev3_interfaces/include/ev3_interfaces/ev3_interfaces/srv
[2.898s] -- Up-to-date: /home/jacky/Documents/robot_bartender/install/ev3_interfaces/include/ev3_interfaces/ev3_interfaces/srv/detail
[2.898s] -- Installing: /home/jacky/Documents/robot_bartender/install/ev3_interfaces/include/ev3_interfaces/ev3_interfaces/srv/detail/motor_command__traits.hpp
[2.898s] -- Installing: /home/jacky/Documents/robot_bartender/install/ev3_interfaces/include/ev3_interfaces/ev3_interfaces/srv/detail/motor_command__type_support.hpp
[2.898s] -- Installing: /home/jacky/Documents/robot_bartender/install/ev3_interfaces/include/ev3_interfaces/ev3_interfaces/srv/detail/motor_command__struct.hpp
[2.898s] -- Installing: /home/jacky/Documents/robot_bartender/install/ev3_interfaces/include/ev3_interfaces/ev3_interfaces/srv/detail/motor_command__builder.hpp
[2.898s] -- Installing: /home/jacky/Documents/robot_bartender/install/ev3_interfaces/include/ev3_interfaces/ev3_interfaces/srv/motor_command.hpp
[2.898s] -- Up-to-date: /home/jacky/Documents/robot_bartender/install/ev3_interfaces/include/ev3_interfaces/ev3_interfaces/msg
[2.898s] -- Up-to-date: /home/jacky/Documents/robot_bartender/install/ev3_interfaces/include/ev3_interfaces/ev3_interfaces/msg/rosidl_generator_cpp__visibility_control.hpp
[2.898s] -- Up-to-date: /home/jacky/Documents/robot_bartender/install/ev3_interfaces/include/ev3_interfaces/ev3_interfaces
[2.898s] -- Up-to-date: /home/jacky/Documents/robot_bartender/install/ev3_interfaces/include/ev3_interfaces/ev3_interfaces/action
[2.898s] -- Up-to-date: /home/jacky/Documents/robot_bartender/install/ev3_interfaces/include/ev3_interfaces/ev3_interfaces/action/detail
[2.898s] -- Installing: /home/jacky/Documents/robot_bartender/install/ev3_interfaces/include/ev3_interfaces/ev3_interfaces/action/detail/motor_command__rosidl_typesupport_fastrtps_cpp.hpp
[2.898s] -- Installing: /home/jacky/Documents/robot_bartender/install/ev3_interfaces/include/ev3_interfaces/ev3_interfaces/action/detail/dds_fastrtps
[2.898s] -- Up-to-date: /home/jacky/Documents/robot_bartender/install/ev3_interfaces/include/ev3_interfaces/ev3_interfaces/srv
[2.898s] -- Up-to-date: /home/jacky/Documents/robot_bartender/install/ev3_interfaces/include/ev3_interfaces/ev3_interfaces/srv/detail
[2.898s] -- Installing: /home/jacky/Documents/robot_bartender/install/ev3_interfaces/include/ev3_interfaces/ev3_interfaces/srv/detail/motor_command__rosidl_typesupport_fastrtps_cpp.hpp
[2.898s] -- Up-to-date: /home/jacky/Documents/robot_bartender/install/ev3_interfaces/include/ev3_interfaces/ev3_interfaces/srv/detail/dds_fastrtps
[2.898s] -- Up-to-date: /home/jacky/Documents/robot_bartender/install/ev3_interfaces/include/ev3_interfaces/ev3_interfaces/msg
[2.898s] -- Up-to-date: /home/jacky/Documents/robot_bartender/install/ev3_interfaces/include/ev3_interfaces/ev3_interfaces/msg/rosidl_typesupport_fastrtps_cpp__visibility_control.h
[2.899s] -- Installing: /home/jacky/Documents/robot_bartender/install/ev3_interfaces/lib/libev3_interfaces__rosidl_typesupport_fastrtps_cpp.so
[2.899s] -- Set runtime path of "/home/jacky/Documents/robot_bartender/install/ev3_interfaces/lib/libev3_interfaces__rosidl_typesupport_fastrtps_cpp.so" to ""
[2.899s] -- Up-to-date: /home/jacky/Documents/robot_bartender/install/ev3_interfaces/include/ev3_interfaces/ev3_interfaces
[2.899s] -- Up-to-date: /home/jacky/Documents/robot_bartender/install/ev3_interfaces/include/ev3_interfaces/ev3_interfaces/action
[2.899s] -- Up-to-date: /home/jacky/Documents/robot_bartender/install/ev3_interfaces/include/ev3_interfaces/ev3_interfaces/action/detail
[2.899s] -- Installing: /home/jacky/Documents/robot_bartender/install/ev3_interfaces/include/ev3_interfaces/ev3_interfaces/action/detail/motor_command__type_support.cpp
[2.899s] -- Installing: /home/jacky/Documents/robot_bartender/install/ev3_interfaces/include/ev3_interfaces/ev3_interfaces/action/detail/motor_command__rosidl_typesupport_introspection_cpp.hpp
[2.899s] -- Up-to-date: /home/jacky/Documents/robot_bartender/install/ev3_interfaces/include/ev3_interfaces/ev3_interfaces/srv
[2.899s] -- Up-to-date: /home/jacky/Documents/robot_bartender/install/ev3_interfaces/include/ev3_interfaces/ev3_interfaces/srv/detail
[2.899s] -- Installing: /home/jacky/Documents/robot_bartender/install/ev3_interfaces/include/ev3_interfaces/ev3_interfaces/srv/detail/motor_command__type_support.cpp
[2.899s] -- Installing: /home/jacky/Documents/robot_bartender/install/ev3_interfaces/include/ev3_interfaces/ev3_interfaces/srv/detail/motor_command__rosidl_typesupport_introspection_cpp.hpp
[2.899s] -- Installing: /home/jacky/Documents/robot_bartender/install/ev3_interfaces/lib/libev3_interfaces__rosidl_typesupport_introspection_cpp.so
[2.900s] -- Set runtime path of "/home/jacky/Documents/robot_bartender/install/ev3_interfaces/lib/libev3_interfaces__rosidl_typesupport_introspection_cpp.so" to ""
[2.900s] -- Installing: /home/jacky/Documents/robot_bartender/install/ev3_interfaces/lib/libev3_interfaces__rosidl_typesupport_cpp.so
[2.900s] -- Set runtime path of "/home/jacky/Documents/robot_bartender/install/ev3_interfaces/lib/libev3_interfaces__rosidl_typesupport_cpp.so" to ""
[2.900s] -- Up-to-date: /home/jacky/Documents/robot_bartender/install/ev3_interfaces/share/ev3_interfaces/environment/pythonpath.sh
[2.900s] -- Installing: /home/jacky/Documents/robot_bartender/install/ev3_interfaces/share/ev3_interfaces/environment/pythonpath.dsv
[2.900s] -- Up-to-date: /home/jacky/Documents/robot_bartender/install/ev3_interfaces/local/lib/python3.10/dist-packages/ev3_interfaces-0.0.0-py3.10.egg-info
[2.900s] -- Installing: /home/jacky/Documents/robot_bartender/install/ev3_interfaces/local/lib/python3.10/dist-packages/ev3_interfaces-0.0.0-py3.10.egg-info/SOURCES.txt
[2.900s] -- Installing: /home/jacky/Documents/robot_bartender/install/ev3_interfaces/local/lib/python3.10/dist-packages/ev3_interfaces-0.0.0-py3.10.egg-info/PKG-INFO
[2.900s] -- Installing: /home/jacky/Documents/robot_bartender/install/ev3_interfaces/local/lib/python3.10/dist-packages/ev3_interfaces-0.0.0-py3.10.egg-info/top_level.txt
[2.900s] -- Installing: /home/jacky/Documents/robot_bartender/install/ev3_interfaces/local/lib/python3.10/dist-packages/ev3_interfaces-0.0.0-py3.10.egg-info/dependency_links.txt
[2.900s] -- Up-to-date: /home/jacky/Documents/robot_bartender/install/ev3_interfaces/local/lib/python3.10/dist-packages/ev3_interfaces
[2.900s] -- Installing: /home/jacky/Documents/robot_bartender/install/ev3_interfaces/local/lib/python3.10/dist-packages/ev3_interfaces/_ev3_interfaces_s.ep.rosidl_typesupport_fastrtps_c.c
[2.901s] -- Installing: /home/jacky/Documents/robot_bartender/install/ev3_interfaces/local/lib/python3.10/dist-packages/ev3_interfaces/_ev3_interfaces_s.ep.rosidl_typesupport_c.c
[2.901s] -- Installing: /home/jacky/Documents/robot_bartender/install/ev3_interfaces/local/lib/python3.10/dist-packages/ev3_interfaces/action
[2.901s] -- Installing: /home/jacky/Documents/robot_bartender/install/ev3_interfaces/local/lib/python3.10/dist-packages/ev3_interfaces/action/_motor_command.py
[2.901s] -- Installing: /home/jacky/Documents/robot_bartender/install/ev3_interfaces/local/lib/python3.10/dist-packages/ev3_interfaces/action/_motor_command_s.c
[2.901s] -- Installing: /home/jacky/Documents/robot_bartender/install/ev3_interfaces/local/lib/python3.10/dist-packages/ev3_interfaces/action/__init__.py
[2.901s] -- Installing: /home/jacky/Documents/robot_bartender/install/ev3_interfaces/local/lib/python3.10/dist-packages/ev3_interfaces/libev3_interfaces__rosidl_generator_py.so
[2.901s] -- Installing: /home/jacky/Documents/robot_bartender/install/ev3_interfaces/local/lib/python3.10/dist-packages/ev3_interfaces/_ev3_interfaces_s.ep.rosidl_typesupport_introspection_c.c
[2.901s] -- Installing: /home/jacky/Documents/robot_bartender/install/ev3_interfaces/local/lib/python3.10/dist-packages/ev3_interfaces/__init__.py
[2.901s] -- Installing: /home/jacky/Documents/robot_bartender/install/ev3_interfaces/local/lib/python3.10/dist-packages/ev3_interfaces/ev3_interfaces_s__rosidl_typesupport_fastrtps_c.cpython-310-x86_64-linux-gnu.so
[2.901s] -- Installing: /home/jacky/Documents/robot_bartender/install/ev3_interfaces/local/lib/python3.10/dist-packages/ev3_interfaces/ev3_interfaces_s__rosidl_typesupport_introspection_c.cpython-310-x86_64-linux-gnu.so
[2.901s] -- Up-to-date: /home/jacky/Documents/robot_bartender/install/ev3_interfaces/local/lib/python3.10/dist-packages/ev3_interfaces/srv
[2.901s] -- Installing: /home/jacky/Documents/robot_bartender/install/ev3_interfaces/local/lib/python3.10/dist-packages/ev3_interfaces/srv/_motor_command.py
[2.901s] -- Installing: /home/jacky/Documents/robot_bartender/install/ev3_interfaces/local/lib/python3.10/dist-packages/ev3_interfaces/srv/_motor_command_s.c
[2.901s] -- Installing: /home/jacky/Documents/robot_bartender/install/ev3_interfaces/local/lib/python3.10/dist-packages/ev3_interfaces/srv/__init__.py
[2.902s] -- Installing: /home/jacky/Documents/robot_bartender/install/ev3_interfaces/local/lib/python3.10/dist-packages/ev3_interfaces/ev3_interfaces_s__rosidl_typesupport_c.cpython-310-x86_64-linux-gnu.so
[2.929s] Listing '/home/jacky/Documents/robot_bartender/install/ev3_interfaces/local/lib/python3.10/dist-packages/ev3_interfaces'...
[2.929s] Compiling '/home/jacky/Documents/robot_bartender/install/ev3_interfaces/local/lib/python3.10/dist-packages/ev3_interfaces/__init__.py'...
[2.929s] Listing '/home/jacky/Documents/robot_bartender/install/ev3_interfaces/local/lib/python3.10/dist-packages/ev3_interfaces/action'...
[2.929s] Compiling '/home/jacky/Documents/robot_bartender/install/ev3_interfaces/local/lib/python3.10/dist-packages/ev3_interfaces/action/__init__.py'...
[2.929s] Compiling '/home/jacky/Documents/robot_bartender/install/ev3_interfaces/local/lib/python3.10/dist-packages/ev3_interfaces/action/_motor_command.py'...
[2.929s] Listing '/home/jacky/Documents/robot_bartender/install/ev3_interfaces/local/lib/python3.10/dist-packages/ev3_interfaces/srv'...
[2.929s] Compiling '/home/jacky/Documents/robot_bartender/install/ev3_interfaces/local/lib/python3.10/dist-packages/ev3_interfaces/srv/__init__.py'...
[2.929s] Compiling '/home/jacky/Documents/robot_bartender/install/ev3_interfaces/local/lib/python3.10/dist-packages/ev3_interfaces/srv/_motor_command.py'...
[2.932s] -- Installing: /home/jacky/Documents/robot_bartender/install/ev3_interfaces/local/lib/python3.10/dist-packages/ev3_interfaces/ev3_interfaces_s__rosidl_typesupport_fastrtps_c.cpython-310-x86_64-linux-gnu.so
[2.932s] -- Set runtime path of "/home/jacky/Documents/robot_bartender/install/ev3_interfaces/local/lib/python3.10/dist-packages/ev3_interfaces/ev3_interfaces_s__rosidl_typesupport_fastrtps_c.cpython-310-x86_64-linux-gnu.so" to ""
[2.932s] -- Installing: /home/jacky/Documents/robot_bartender/install/ev3_interfaces/local/lib/python3.10/dist-packages/ev3_interfaces/ev3_interfaces_s__rosidl_typesupport_introspection_c.cpython-310-x86_64-linux-gnu.so
[2.932s] -- Set runtime path of "/home/jacky/Documents/robot_bartender/install/ev3_interfaces/local/lib/python3.10/dist-packages/ev3_interfaces/ev3_interfaces_s__rosidl_typesupport_introspection_c.cpython-310-x86_64-linux-gnu.so" to ""
[2.932s] -- Installing: /home/jacky/Documents/robot_bartender/install/ev3_interfaces/local/lib/python3.10/dist-packages/ev3_interfaces/ev3_interfaces_s__rosidl_typesupport_c.cpython-310-x86_64-linux-gnu.so
[2.932s] -- Set runtime path of "/home/jacky/Documents/robot_bartender/install/ev3_interfaces/local/lib/python3.10/dist-packages/ev3_interfaces/ev3_interfaces_s__rosidl_typesupport_c.cpython-310-x86_64-linux-gnu.so" to ""
[2.933s] -- Installing: /home/jacky/Documents/robot_bartender/install/ev3_interfaces/lib/libev3_interfaces__rosidl_generator_py.so
[2.933s] -- Set runtime path of "/home/jacky/Documents/robot_bartender/install/ev3_interfaces/lib/libev3_interfaces__rosidl_generator_py.so" to ""
[2.933s] -- Installing: /home/jacky/Documents/robot_bartender/install/ev3_interfaces/share/ev3_interfaces/action/MotorCommand.idl
[2.933s] -- Up-to-date: /home/jacky/Documents/robot_bartender/install/ev3_interfaces/share/ev3_interfaces/srv/MotorCommand.idl
[2.933s] -- Installing: /home/jacky/Documents/robot_bartender/install/ev3_interfaces/share/ev3_interfaces/action/MotorCommand.action
[2.933s] -- Up-to-date: /home/jacky/Documents/robot_bartender/install/ev3_interfaces/share/ev3_interfaces/srv/MotorCommand.srv
[2.933s] -- Up-to-date: /home/jacky/Documents/robot_bartender/install/ev3_interfaces/share/ev3_interfaces/srv/MotorCommand_Request.msg
[2.933s] -- Up-to-date: /home/jacky/Documents/robot_bartender/install/ev3_interfaces/share/ev3_interfaces/srv/MotorCommand_Response.msg
[2.933s] -- Up-to-date: /home/jacky/Documents/robot_bartender/install/ev3_interfaces/share/ament_index/resource_index/package_run_dependencies/ev3_interfaces
[2.934s] -- Installing: /home/jacky/Documents/robot_bartender/install/ev3_interfaces/share/ament_index/resource_index/parent_prefix_path/ev3_interfaces
[2.934s] -- Up-to-date: /home/jacky/Documents/robot_bartender/install/ev3_interfaces/share/ev3_interfaces/environment/ament_prefix_path.sh
[2.934s] -- Installing: /home/jacky/Documents/robot_bartender/install/ev3_interfaces/share/ev3_interfaces/environment/ament_prefix_path.dsv
[2.934s] -- Up-to-date: /home/jacky/Documents/robot_bartender/install/ev3_interfaces/share/ev3_interfaces/environment/path.sh
[2.934s] -- Installing: /home/jacky/Documents/robot_bartender/install/ev3_interfaces/share/ev3_interfaces/environment/path.dsv
[2.934s] -- Up-to-date: /home/jacky/Documents/robot_bartender/install/ev3_interfaces/share/ev3_interfaces/local_setup.bash
[2.934s] -- Up-to-date: /home/jacky/Documents/robot_bartender/install/ev3_interfaces/share/ev3_interfaces/local_setup.sh
[2.934s] -- Up-to-date: /home/jacky/Documents/robot_bartender/install/ev3_interfaces/share/ev3_interfaces/local_setup.zsh
[2.934s] -- Installing: /home/jacky/Documents/robot_bartender/install/ev3_interfaces/share/ev3_interfaces/local_setup.dsv
[2.934s] -- Installing: /home/jacky/Documents/robot_bartender/install/ev3_interfaces/share/ev3_interfaces/package.dsv
[2.934s] -- Up-to-date: /home/jacky/Documents/robot_bartender/install/ev3_interfaces/share/ament_index/resource_index/packages/ev3_interfaces
[2.934s] -- Old export file "/home/jacky/Documents/robot_bartender/install/ev3_interfaces/share/ev3_interfaces/cmake/export_ev3_interfaces__rosidl_generator_cExport.cmake" will be replaced.  Removing files [/home/jacky/Documents/robot_bartender/install/ev3_interfaces/share/ev3_interfaces/cmake/export_ev3_interfaces__rosidl_generator_cExport-noconfig.cmake].
[2.934s] -- Installing: /home/jacky/Documents/robot_bartender/install/ev3_interfaces/share/ev3_interfaces/cmake/export_ev3_interfaces__rosidl_generator_cExport.cmake
[2.934s] -- Installing: /home/jacky/Documents/robot_bartender/install/ev3_interfaces/share/ev3_interfaces/cmake/export_ev3_interfaces__rosidl_generator_cExport-noconfig.cmake
[2.934s] -- Old export file "/home/jacky/Documents/robot_bartender/install/ev3_interfaces/share/ev3_interfaces/cmake/export_ev3_interfaces__rosidl_typesupport_fastrtps_cExport.cmake" will be replaced.  Removing files [/home/jacky/Documents/robot_bartender/install/ev3_interfaces/share/ev3_interfaces/cmake/export_ev3_interfaces__rosidl_typesupport_fastrtps_cExport-noconfig.cmake].
[2.934s] -- Installing: /home/jacky/Documents/robot_bartender/install/ev3_interfaces/share/ev3_interfaces/cmake/export_ev3_interfaces__rosidl_typesupport_fastrtps_cExport.cmake
[2.934s] -- Installing: /home/jacky/Documents/robot_bartender/install/ev3_interfaces/share/ev3_interfaces/cmake/export_ev3_interfaces__rosidl_typesupport_fastrtps_cExport-noconfig.cmake
[2.934s] -- Old export file "/home/jacky/Documents/robot_bartender/install/ev3_interfaces/share/ev3_interfaces/cmake/ev3_interfaces__rosidl_typesupport_introspection_cExport.cmake" will be replaced.  Removing files [/home/jacky/Documents/robot_bartender/install/ev3_interfaces/share/ev3_interfaces/cmake/ev3_interfaces__rosidl_typesupport_introspection_cExport-noconfig.cmake].
[2.934s] -- Installing: /home/jacky/Documents/robot_bartender/install/ev3_interfaces/share/ev3_interfaces/cmake/ev3_interfaces__rosidl_typesupport_introspection_cExport.cmake
[2.934s] -- Installing: /home/jacky/Documents/robot_bartender/install/ev3_interfaces/share/ev3_interfaces/cmake/ev3_interfaces__rosidl_typesupport_introspection_cExport-noconfig.cmake
[2.934s] -- Old export file "/home/jacky/Documents/robot_bartender/install/ev3_interfaces/share/ev3_interfaces/cmake/ev3_interfaces__rosidl_typesupport_cExport.cmake" will be replaced.  Removing files [/home/jacky/Documents/robot_bartender/install/ev3_interfaces/share/ev3_interfaces/cmake/ev3_interfaces__rosidl_typesupport_cExport-noconfig.cmake].
[2.934s] -- Installing: /home/jacky/Documents/robot_bartender/install/ev3_interfaces/share/ev3_interfaces/cmake/ev3_interfaces__rosidl_typesupport_cExport.cmake
[2.935s] -- Installing: /home/jacky/Documents/robot_bartender/install/ev3_interfaces/share/ev3_interfaces/cmake/ev3_interfaces__rosidl_typesupport_cExport-noconfig.cmake
[2.935s] -- Installing: /home/jacky/Documents/robot_bartender/install/ev3_interfaces/share/ev3_interfaces/cmake/export_ev3_interfaces__rosidl_generator_cppExport.cmake
[2.935s] -- Old export file "/home/jacky/Documents/robot_bartender/install/ev3_interfaces/share/ev3_interfaces/cmake/export_ev3_interfaces__rosidl_typesupport_fastrtps_cppExport.cmake" will be replaced.  Removing files [/home/jacky/Documents/robot_bartender/install/ev3_interfaces/share/ev3_interfaces/cmake/export_ev3_interfaces__rosidl_typesupport_fastrtps_cppExport-noconfig.cmake].
[2.935s] -- Installing: /home/jacky/Documents/robot_bartender/install/ev3_interfaces/share/ev3_interfaces/cmake/export_ev3_interfaces__rosidl_typesupport_fastrtps_cppExport.cmake
[2.935s] -- Installing: /home/jacky/Documents/robot_bartender/install/ev3_interfaces/share/ev3_interfaces/cmake/export_ev3_interfaces__rosidl_typesupport_fastrtps_cppExport-noconfig.cmake
[2.935s] -- Old export file "/home/jacky/Documents/robot_bartender/install/ev3_interfaces/share/ev3_interfaces/cmake/ev3_interfaces__rosidl_typesupport_introspection_cppExport.cmake" will be replaced.  Removing files [/home/jacky/Documents/robot_bartender/install/ev3_interfaces/share/ev3_interfaces/cmake/ev3_interfaces__rosidl_typesupport_introspection_cppExport-noconfig.cmake].
[2.935s] -- Installing: /home/jacky/Documents/robot_bartender/install/ev3_interfaces/share/ev3_interfaces/cmake/ev3_interfaces__rosidl_typesupport_introspection_cppExport.cmake
[2.935s] -- Installing: /home/jacky/Documents/robot_bartender/install/ev3_interfaces/share/ev3_interfaces/cmake/ev3_interfaces__rosidl_typesupport_introspection_cppExport-noconfig.cmake
[2.935s] -- Old export file "/home/jacky/Documents/robot_bartender/install/ev3_interfaces/share/ev3_interfaces/cmake/ev3_interfaces__rosidl_typesupport_cppExport.cmake" will be replaced.  Removing files [/home/jacky/Documents/robot_bartender/install/ev3_interfaces/share/ev3_interfaces/cmake/ev3_interfaces__rosidl_typesupport_cppExport-noconfig.cmake].
[2.935s] -- Installing: /home/jacky/Documents/robot_bartender/install/ev3_interfaces/share/ev3_interfaces/cmake/ev3_interfaces__rosidl_typesupport_cppExport.cmake
[2.935s] -- Installing: /home/jacky/Documents/robot_bartender/install/ev3_interfaces/share/ev3_interfaces/cmake/ev3_interfaces__rosidl_typesupport_cppExport-noconfig.cmake
[2.935s] -- Old export file "/home/jacky/Documents/robot_bartender/install/ev3_interfaces/share/ev3_interfaces/cmake/export_ev3_interfaces__rosidl_generator_pyExport.cmake" will be replaced.  Removing files [/home/jacky/Documents/robot_bartender/install/ev3_interfaces/share/ev3_interfaces/cmake/export_ev3_interfaces__rosidl_generator_pyExport-noconfig.cmake].
[2.935s] -- Installing: /home/jacky/Documents/robot_bartender/install/ev3_interfaces/share/ev3_interfaces/cmake/export_ev3_interfaces__rosidl_generator_pyExport.cmake
[2.936s] -- Installing: /home/jacky/Documents/robot_bartender/install/ev3_interfaces/share/ev3_interfaces/cmake/export_ev3_interfaces__rosidl_generator_pyExport-noconfig.cmake
[2.936s] -- Installing: /home/jacky/Documents/robot_bartender/install/ev3_interfaces/share/ev3_interfaces/cmake/rosidl_cmake-extras.cmake
[2.936s] -- Installing: /home/jacky/Documents/robot_bartender/install/ev3_interfaces/share/ev3_interfaces/cmake/ament_cmake_export_dependencies-extras.cmake
[2.936s] -- Up-to-date: /home/jacky/Documents/robot_bartender/install/ev3_interfaces/share/ev3_interfaces/cmake/ament_cmake_export_include_directories-extras.cmake
[2.936s] -- Up-to-date: /home/jacky/Documents/robot_bartender/install/ev3_interfaces/share/ev3_interfaces/cmake/ament_cmake_export_libraries-extras.cmake
[2.936s] -- Up-to-date: /home/jacky/Documents/robot_bartender/install/ev3_interfaces/share/ev3_interfaces/cmake/ament_cmake_export_targets-extras.cmake
[2.936s] -- Up-to-date: /home/jacky/Documents/robot_bartender/install/ev3_interfaces/share/ev3_interfaces/cmake/rosidl_cmake_export_typesupport_targets-extras.cmake
[2.936s] -- Up-to-date: /home/jacky/Documents/robot_bartender/install/ev3_interfaces/share/ev3_interfaces/cmake/rosidl_cmake_export_typesupport_libraries-extras.cmake
[2.936s] -- Installing: /home/jacky/Documents/robot_bartender/install/ev3_interfaces/share/ev3_interfaces/cmake/ev3_interfacesConfig.cmake
[2.936s] -- Up-to-date: /home/jacky/Documents/robot_bartender/install/ev3_interfaces/share/ev3_interfaces/cmake/ev3_interfacesConfig-version.cmake
[2.936s] -- Up-to-date: /home/jacky/Documents/robot_bartender/install/ev3_interfaces/share/ev3_interfaces/package.xml
[2.938s] Invoked command in '/home/jacky/Documents/robot_bartender/build/ev3_interfaces' returned '0': CMAKE_PREFIX_PATH=/opt/ros/humble /usr/bin/cmake --install /home/jacky/Documents/robot_bartender/build/ev3_interfaces
