[0.166s] Invoking command in '/home/jacky/Documents/robot_bartender/build/ev3_interfaces': CMAKE_PREFIX_PATH=${CMAKE_PREFIX_PATH}:/home/jacky/Documents/robot_bartender/install/camera:/home/jacky/Documents/robot_bartender/install/ev3_mqtt_bridge:/opt/ros/humble /usr/bin/cmake --build /home/jacky/Documents/robot_bartender/build/ev3_interfaces -- -j16 -l16
[0.194s] [  3%] Built target ev3_interfaces__cpp
[0.195s] [ 12%] Built target ev3_interfaces__rosidl_generator_c
[0.200s] [ 12%] Built target ament_cmake_python_copy_ev3_interfaces
[0.207s] [ 22%] Built target ev3_interfaces__rosidl_typesupport_cpp
[0.207s] [ 38%] Built target ev3_interfaces__rosidl_typesupport_c
[0.207s] [ 41%] Built target ev3_interfaces__rosidl_typesupport_introspection_c
[0.207s] [ 61%] Built target ev3_interfaces__rosidl_typesupport_fastrtps_cpp
[0.207s] [ 61%] Built target ev3_interfaces__rosidl_typesupport_introspection_cpp
[0.208s] [ 70%] Built target ev3_interfaces__rosidl_typesupport_fastrtps_c
[0.219s] [ 70%] Built target ev3_interfaces
[0.232s] [ 74%] Built target ev3_interfaces__py
[0.245s] [ 80%] Built target ev3_interfaces__rosidl_generator_py
[0.258s] [ 90%] Built target ev3_interfaces__rosidl_typesupport_fastrtps_c__pyext
[0.258s] [ 93%] Built target ev3_interfaces__rosidl_typesupport_c__pyext
[0.258s] [100%] Built target ev3_interfaces__rosidl_typesupport_introspection_c__pyext
[0.360s] running egg_info
[0.360s] writing ev3_interfaces.egg-info/PKG-INFO
[0.361s] writing dependency_links to ev3_interfaces.egg-info/dependency_links.txt
[0.361s] writing top-level names to ev3_interfaces.egg-info/top_level.txt
[0.362s] reading manifest file 'ev3_interfaces.egg-info/SOURCES.txt'
[0.362s] writing manifest file 'ev3_interfaces.egg-info/SOURCES.txt'
[0.378s] [100%] Built target ament_cmake_python_build_ev3_interfaces_egg
[0.386s] Invoked command in '/home/jacky/Documents/robot_bartender/build/ev3_interfaces' returned '0': CMAKE_PREFIX_PATH=${CMAKE_PREFIX_PATH}:/home/jacky/Documents/robot_bartender/install/camera:/home/jacky/Documents/robot_bartender/install/ev3_mqtt_bridge:/opt/ros/humble /usr/bin/cmake --build /home/jacky/Documents/robot_bartender/build/ev3_interfaces -- -j16 -l16
[0.392s] Invoking command in '/home/jacky/Documents/robot_bartender/build/ev3_interfaces': CMAKE_PREFIX_PATH=${CMAKE_PREFIX_PATH}:/home/jacky/Documents/robot_bartender/install/camera:/home/jacky/Documents/robot_bartender/install/ev3_mqtt_bridge:/opt/ros/humble /usr/bin/cmake --install /home/jacky/Documents/robot_bartender/build/ev3_interfaces
[0.396s] -- Install configuration: ""
[0.396s] -- Up-to-date: /home/jacky/Documents/robot_bartender/install/ev3_interfaces/share/ament_index/resource_index/rosidl_interfaces/ev3_interfaces
[0.396s] -- Up-to-date: /home/jacky/Documents/robot_bartender/install/ev3_interfaces/include/ev3_interfaces/ev3_interfaces
[0.396s] -- Up-to-date: /home/jacky/Documents/robot_bartender/install/ev3_interfaces/include/ev3_interfaces/ev3_interfaces/srv
[0.396s] -- Up-to-date: /home/jacky/Documents/robot_bartender/install/ev3_interfaces/include/ev3_interfaces/ev3_interfaces/srv/detail
[0.396s] -- Up-to-date: /home/jacky/Documents/robot_bartender/install/ev3_interfaces/include/ev3_interfaces/ev3_interfaces/srv/detail/motor_command__functions.c
[0.396s] -- Up-to-date: /home/jacky/Documents/robot_bartender/install/ev3_interfaces/include/ev3_interfaces/ev3_interfaces/srv/detail/motor_command__functions.h
[0.396s] -- Up-to-date: /home/jacky/Documents/robot_bartender/install/ev3_interfaces/include/ev3_interfaces/ev3_interfaces/srv/detail/motor_command__type_support.h
[0.396s] -- Up-to-date: /home/jacky/Documents/robot_bartender/install/ev3_interfaces/include/ev3_interfaces/ev3_interfaces/srv/detail/motor_command__struct.h
[0.396s] -- Up-to-date: /home/jacky/Documents/robot_bartender/install/ev3_interfaces/include/ev3_interfaces/ev3_interfaces/srv/motor_command.h
[0.396s] -- Up-to-date: /home/jacky/Documents/robot_bartender/install/ev3_interfaces/include/ev3_interfaces/ev3_interfaces/msg
[0.396s] -- Up-to-date: /home/jacky/Documents/robot_bartender/install/ev3_interfaces/include/ev3_interfaces/ev3_interfaces/msg/rosidl_generator_c__visibility_control.h
[0.397s] -- Up-to-date: /home/jacky/Documents/robot_bartender/install/ev3_interfaces/share/ev3_interfaces/environment/library_path.sh
[0.397s] -- Up-to-date: /home/jacky/Documents/robot_bartender/install/ev3_interfaces/share/ev3_interfaces/environment/library_path.dsv
[0.397s] -- Up-to-date: /home/jacky/Documents/robot_bartender/install/ev3_interfaces/lib/libev3_interfaces__rosidl_generator_c.so
[0.397s] -- Up-to-date: /home/jacky/Documents/robot_bartender/install/ev3_interfaces/include/ev3_interfaces/ev3_interfaces
[0.397s] -- Up-to-date: /home/jacky/Documents/robot_bartender/install/ev3_interfaces/include/ev3_interfaces/ev3_interfaces/srv
[0.397s] -- Up-to-date: /home/jacky/Documents/robot_bartender/install/ev3_interfaces/include/ev3_interfaces/ev3_interfaces/srv/detail
[0.397s] -- Up-to-date: /home/jacky/Documents/robot_bartender/install/ev3_interfaces/include/ev3_interfaces/ev3_interfaces/srv/detail/motor_command__rosidl_typesupport_fastrtps_c.h
[0.397s] -- Up-to-date: /home/jacky/Documents/robot_bartender/install/ev3_interfaces/include/ev3_interfaces/ev3_interfaces/msg
[0.397s] -- Up-to-date: /home/jacky/Documents/robot_bartender/install/ev3_interfaces/include/ev3_interfaces/ev3_interfaces/msg/rosidl_typesupport_fastrtps_c__visibility_control.h
[0.397s] -- Up-to-date: /home/jacky/Documents/robot_bartender/install/ev3_interfaces/lib/libev3_interfaces__rosidl_typesupport_fastrtps_c.so
[0.397s] -- Up-to-date: /home/jacky/Documents/robot_bartender/install/ev3_interfaces/include/ev3_interfaces/ev3_interfaces
[0.397s] -- Up-to-date: /home/jacky/Documents/robot_bartender/install/ev3_interfaces/include/ev3_interfaces/ev3_interfaces/srv
[0.397s] -- Up-to-date: /home/jacky/Documents/robot_bartender/install/ev3_interfaces/include/ev3_interfaces/ev3_interfaces/srv/detail
[0.397s] -- Up-to-date: /home/jacky/Documents/robot_bartender/install/ev3_interfaces/include/ev3_interfaces/ev3_interfaces/srv/detail/motor_command__type_support.c
[0.397s] -- Up-to-date: /home/jacky/Documents/robot_bartender/install/ev3_interfaces/include/ev3_interfaces/ev3_interfaces/srv/detail/motor_command__rosidl_typesupport_introspection_c.h
[0.397s] -- Up-to-date: /home/jacky/Documents/robot_bartender/install/ev3_interfaces/include/ev3_interfaces/ev3_interfaces/msg
[0.397s] -- Up-to-date: /home/jacky/Documents/robot_bartender/install/ev3_interfaces/include/ev3_interfaces/ev3_interfaces/msg/rosidl_typesupport_introspection_c__visibility_control.h
[0.397s] -- Up-to-date: /home/jacky/Documents/robot_bartender/install/ev3_interfaces/lib/libev3_interfaces__rosidl_typesupport_introspection_c.so
[0.397s] -- Up-to-date: /home/jacky/Documents/robot_bartender/install/ev3_interfaces/lib/libev3_interfaces__rosidl_typesupport_c.so
[0.397s] -- Up-to-date: /home/jacky/Documents/robot_bartender/install/ev3_interfaces/include/ev3_interfaces/ev3_interfaces
[0.397s] -- Up-to-date: /home/jacky/Documents/robot_bartender/install/ev3_interfaces/include/ev3_interfaces/ev3_interfaces/srv
[0.397s] -- Up-to-date: /home/jacky/Documents/robot_bartender/install/ev3_interfaces/include/ev3_interfaces/ev3_interfaces/srv/detail
[0.397s] -- Up-to-date: /home/jacky/Documents/robot_bartender/install/ev3_interfaces/include/ev3_interfaces/ev3_interfaces/srv/detail/motor_command__traits.hpp
[0.397s] -- Up-to-date: /home/jacky/Documents/robot_bartender/install/ev3_interfaces/include/ev3_interfaces/ev3_interfaces/srv/detail/motor_command__type_support.hpp
[0.398s] -- Up-to-date: /home/jacky/Documents/robot_bartender/install/ev3_interfaces/include/ev3_interfaces/ev3_interfaces/srv/detail/motor_command__struct.hpp
[0.398s] -- Up-to-date: /home/jacky/Documents/robot_bartender/install/ev3_interfaces/include/ev3_interfaces/ev3_interfaces/srv/detail/motor_command__builder.hpp
[0.398s] -- Up-to-date: /home/jacky/Documents/robot_bartender/install/ev3_interfaces/include/ev3_interfaces/ev3_interfaces/srv/motor_command.hpp
[0.398s] -- Up-to-date: /home/jacky/Documents/robot_bartender/install/ev3_interfaces/include/ev3_interfaces/ev3_interfaces/msg
[0.398s] -- Up-to-date: /home/jacky/Documents/robot_bartender/install/ev3_interfaces/include/ev3_interfaces/ev3_interfaces/msg/rosidl_generator_cpp__visibility_control.hpp
[0.398s] -- Up-to-date: /home/jacky/Documents/robot_bartender/install/ev3_interfaces/include/ev3_interfaces/ev3_interfaces
[0.398s] -- Up-to-date: /home/jacky/Documents/robot_bartender/install/ev3_interfaces/include/ev3_interfaces/ev3_interfaces/srv
[0.398s] -- Up-to-date: /home/jacky/Documents/robot_bartender/install/ev3_interfaces/include/ev3_interfaces/ev3_interfaces/srv/detail
[0.398s] -- Up-to-date: /home/jacky/Documents/robot_bartender/install/ev3_interfaces/include/ev3_interfaces/ev3_interfaces/srv/detail/motor_command__rosidl_typesupport_fastrtps_cpp.hpp
[0.398s] -- Up-to-date: /home/jacky/Documents/robot_bartender/install/ev3_interfaces/include/ev3_interfaces/ev3_interfaces/srv/detail/dds_fastrtps
[0.398s] -- Up-to-date: /home/jacky/Documents/robot_bartender/install/ev3_interfaces/include/ev3_interfaces/ev3_interfaces/msg
[0.398s] -- Up-to-date: /home/jacky/Documents/robot_bartender/install/ev3_interfaces/include/ev3_interfaces/ev3_interfaces/msg/rosidl_typesupport_fastrtps_cpp__visibility_control.h
[0.398s] -- Up-to-date: /home/jacky/Documents/robot_bartender/install/ev3_interfaces/lib/libev3_interfaces__rosidl_typesupport_fastrtps_cpp.so
[0.398s] -- Up-to-date: /home/jacky/Documents/robot_bartender/install/ev3_interfaces/include/ev3_interfaces/ev3_interfaces
[0.398s] -- Up-to-date: /home/jacky/Documents/robot_bartender/install/ev3_interfaces/include/ev3_interfaces/ev3_interfaces/srv
[0.398s] -- Up-to-date: /home/jacky/Documents/robot_bartender/install/ev3_interfaces/include/ev3_interfaces/ev3_interfaces/srv/detail
[0.398s] -- Up-to-date: /home/jacky/Documents/robot_bartender/install/ev3_interfaces/include/ev3_interfaces/ev3_interfaces/srv/detail/motor_command__type_support.cpp
[0.398s] -- Up-to-date: /home/jacky/Documents/robot_bartender/install/ev3_interfaces/include/ev3_interfaces/ev3_interfaces/srv/detail/motor_command__rosidl_typesupport_introspection_cpp.hpp
[0.398s] -- Up-to-date: /home/jacky/Documents/robot_bartender/install/ev3_interfaces/lib/libev3_interfaces__rosidl_typesupport_introspection_cpp.so
[0.398s] -- Up-to-date: /home/jacky/Documents/robot_bartender/install/ev3_interfaces/lib/libev3_interfaces__rosidl_typesupport_cpp.so
[0.398s] -- Up-to-date: /home/jacky/Documents/robot_bartender/install/ev3_interfaces/share/ev3_interfaces/environment/pythonpath.sh
[0.398s] -- Up-to-date: /home/jacky/Documents/robot_bartender/install/ev3_interfaces/share/ev3_interfaces/environment/pythonpath.dsv
[0.398s] -- Up-to-date: /home/jacky/Documents/robot_bartender/install/ev3_interfaces/local/lib/python3.10/dist-packages/ev3_interfaces-0.0.0-py3.10.egg-info
[0.398s] -- Installing: /home/jacky/Documents/robot_bartender/install/ev3_interfaces/local/lib/python3.10/dist-packages/ev3_interfaces-0.0.0-py3.10.egg-info/SOURCES.txt
[0.398s] -- Installing: /home/jacky/Documents/robot_bartender/install/ev3_interfaces/local/lib/python3.10/dist-packages/ev3_interfaces-0.0.0-py3.10.egg-info/PKG-INFO
[0.399s] -- Installing: /home/jacky/Documents/robot_bartender/install/ev3_interfaces/local/lib/python3.10/dist-packages/ev3_interfaces-0.0.0-py3.10.egg-info/top_level.txt
[0.399s] -- Installing: /home/jacky/Documents/robot_bartender/install/ev3_interfaces/local/lib/python3.10/dist-packages/ev3_interfaces-0.0.0-py3.10.egg-info/dependency_links.txt
[0.399s] -- Up-to-date: /home/jacky/Documents/robot_bartender/install/ev3_interfaces/local/lib/python3.10/dist-packages/ev3_interfaces
[0.399s] -- Up-to-date: /home/jacky/Documents/robot_bartender/install/ev3_interfaces/local/lib/python3.10/dist-packages/ev3_interfaces/_ev3_interfaces_s.ep.rosidl_typesupport_fastrtps_c.c
[0.399s] -- Up-to-date: /home/jacky/Documents/robot_bartender/install/ev3_interfaces/local/lib/python3.10/dist-packages/ev3_interfaces/_ev3_interfaces_s.ep.rosidl_typesupport_c.c
[0.399s] -- Up-to-date: /home/jacky/Documents/robot_bartender/install/ev3_interfaces/local/lib/python3.10/dist-packages/ev3_interfaces/libev3_interfaces__rosidl_generator_py.so
[0.399s] -- Up-to-date: /home/jacky/Documents/robot_bartender/install/ev3_interfaces/local/lib/python3.10/dist-packages/ev3_interfaces/_ev3_interfaces_s.ep.rosidl_typesupport_introspection_c.c
[0.399s] -- Up-to-date: /home/jacky/Documents/robot_bartender/install/ev3_interfaces/local/lib/python3.10/dist-packages/ev3_interfaces/__init__.py
[0.399s] -- Up-to-date: /home/jacky/Documents/robot_bartender/install/ev3_interfaces/local/lib/python3.10/dist-packages/ev3_interfaces/ev3_interfaces_s__rosidl_typesupport_fastrtps_c.cpython-310-x86_64-linux-gnu.so
[0.399s] -- Up-to-date: /home/jacky/Documents/robot_bartender/install/ev3_interfaces/local/lib/python3.10/dist-packages/ev3_interfaces/ev3_interfaces_s__rosidl_typesupport_introspection_c.cpython-310-x86_64-linux-gnu.so
[0.399s] -- Up-to-date: /home/jacky/Documents/robot_bartender/install/ev3_interfaces/local/lib/python3.10/dist-packages/ev3_interfaces/srv
[0.399s] -- Up-to-date: /home/jacky/Documents/robot_bartender/install/ev3_interfaces/local/lib/python3.10/dist-packages/ev3_interfaces/srv/_motor_command.py
[0.399s] -- Up-to-date: /home/jacky/Documents/robot_bartender/install/ev3_interfaces/local/lib/python3.10/dist-packages/ev3_interfaces/srv/_motor_command_s.c
[0.399s] -- Up-to-date: /home/jacky/Documents/robot_bartender/install/ev3_interfaces/local/lib/python3.10/dist-packages/ev3_interfaces/srv/__init__.py
[0.399s] -- Up-to-date: /home/jacky/Documents/robot_bartender/install/ev3_interfaces/local/lib/python3.10/dist-packages/ev3_interfaces/ev3_interfaces_s__rosidl_typesupport_c.cpython-310-x86_64-linux-gnu.so
[0.419s] Listing '/home/jacky/Documents/robot_bartender/install/ev3_interfaces/local/lib/python3.10/dist-packages/ev3_interfaces'...
[0.419s] Listing '/home/jacky/Documents/robot_bartender/install/ev3_interfaces/local/lib/python3.10/dist-packages/ev3_interfaces/srv'...
[0.422s] -- Up-to-date: /home/jacky/Documents/robot_bartender/install/ev3_interfaces/local/lib/python3.10/dist-packages/ev3_interfaces/ev3_interfaces_s__rosidl_typesupport_fastrtps_c.cpython-310-x86_64-linux-gnu.so
[0.422s] -- Up-to-date: /home/jacky/Documents/robot_bartender/install/ev3_interfaces/local/lib/python3.10/dist-packages/ev3_interfaces/ev3_interfaces_s__rosidl_typesupport_introspection_c.cpython-310-x86_64-linux-gnu.so
[0.422s] -- Up-to-date: /home/jacky/Documents/robot_bartender/install/ev3_interfaces/local/lib/python3.10/dist-packages/ev3_interfaces/ev3_interfaces_s__rosidl_typesupport_c.cpython-310-x86_64-linux-gnu.so
[0.422s] -- Up-to-date: /home/jacky/Documents/robot_bartender/install/ev3_interfaces/lib/libev3_interfaces__rosidl_generator_py.so
[0.422s] -- Up-to-date: /home/jacky/Documents/robot_bartender/install/ev3_interfaces/share/ev3_interfaces/srv/MotorCommand.idl
[0.422s] -- Up-to-date: /home/jacky/Documents/robot_bartender/install/ev3_interfaces/share/ev3_interfaces/srv/MotorCommand.srv
[0.423s] -- Up-to-date: /home/jacky/Documents/robot_bartender/install/ev3_interfaces/share/ev3_interfaces/srv/MotorCommand_Request.msg
[0.423s] -- Up-to-date: /home/jacky/Documents/robot_bartender/install/ev3_interfaces/share/ev3_interfaces/srv/MotorCommand_Response.msg
[0.423s] -- Up-to-date: /home/jacky/Documents/robot_bartender/install/ev3_interfaces/share/ament_index/resource_index/package_run_dependencies/ev3_interfaces
[0.423s] -- Up-to-date: /home/jacky/Documents/robot_bartender/install/ev3_interfaces/share/ament_index/resource_index/parent_prefix_path/ev3_interfaces
[0.423s] -- Up-to-date: /home/jacky/Documents/robot_bartender/install/ev3_interfaces/share/ev3_interfaces/environment/ament_prefix_path.sh
[0.423s] -- Up-to-date: /home/jacky/Documents/robot_bartender/install/ev3_interfaces/share/ev3_interfaces/environment/ament_prefix_path.dsv
[0.423s] -- Up-to-date: /home/jacky/Documents/robot_bartender/install/ev3_interfaces/share/ev3_interfaces/environment/path.sh
[0.423s] -- Up-to-date: /home/jacky/Documents/robot_bartender/install/ev3_interfaces/share/ev3_interfaces/environment/path.dsv
[0.423s] -- Up-to-date: /home/jacky/Documents/robot_bartender/install/ev3_interfaces/share/ev3_interfaces/local_setup.bash
[0.423s] -- Up-to-date: /home/jacky/Documents/robot_bartender/install/ev3_interfaces/share/ev3_interfaces/local_setup.sh
[0.423s] -- Up-to-date: /home/jacky/Documents/robot_bartender/install/ev3_interfaces/share/ev3_interfaces/local_setup.zsh
[0.423s] -- Up-to-date: /home/jacky/Documents/robot_bartender/install/ev3_interfaces/share/ev3_interfaces/local_setup.dsv
[0.423s] -- Installing: /home/jacky/Documents/robot_bartender/install/ev3_interfaces/share/ev3_interfaces/package.dsv
[0.423s] -- Up-to-date: /home/jacky/Documents/robot_bartender/install/ev3_interfaces/share/ament_index/resource_index/packages/ev3_interfaces
[0.423s] -- Up-to-date: /home/jacky/Documents/robot_bartender/install/ev3_interfaces/share/ev3_interfaces/cmake/export_ev3_interfaces__rosidl_generator_cExport.cmake
[0.423s] -- Up-to-date: /home/jacky/Documents/robot_bartender/install/ev3_interfaces/share/ev3_interfaces/cmake/export_ev3_interfaces__rosidl_generator_cExport-noconfig.cmake
[0.423s] -- Up-to-date: /home/jacky/Documents/robot_bartender/install/ev3_interfaces/share/ev3_interfaces/cmake/export_ev3_interfaces__rosidl_typesupport_fastrtps_cExport.cmake
[0.423s] -- Up-to-date: /home/jacky/Documents/robot_bartender/install/ev3_interfaces/share/ev3_interfaces/cmake/export_ev3_interfaces__rosidl_typesupport_fastrtps_cExport-noconfig.cmake
[0.423s] -- Up-to-date: /home/jacky/Documents/robot_bartender/install/ev3_interfaces/share/ev3_interfaces/cmake/ev3_interfaces__rosidl_typesupport_introspection_cExport.cmake
[0.423s] -- Up-to-date: /home/jacky/Documents/robot_bartender/install/ev3_interfaces/share/ev3_interfaces/cmake/ev3_interfaces__rosidl_typesupport_introspection_cExport-noconfig.cmake
[0.423s] -- Up-to-date: /home/jacky/Documents/robot_bartender/install/ev3_interfaces/share/ev3_interfaces/cmake/ev3_interfaces__rosidl_typesupport_cExport.cmake
[0.424s] -- Up-to-date: /home/jacky/Documents/robot_bartender/install/ev3_interfaces/share/ev3_interfaces/cmake/ev3_interfaces__rosidl_typesupport_cExport-noconfig.cmake
[0.424s] -- Up-to-date: /home/jacky/Documents/robot_bartender/install/ev3_interfaces/share/ev3_interfaces/cmake/export_ev3_interfaces__rosidl_generator_cppExport.cmake
[0.424s] -- Up-to-date: /home/jacky/Documents/robot_bartender/install/ev3_interfaces/share/ev3_interfaces/cmake/export_ev3_interfaces__rosidl_typesupport_fastrtps_cppExport.cmake
[0.424s] -- Up-to-date: /home/jacky/Documents/robot_bartender/install/ev3_interfaces/share/ev3_interfaces/cmake/export_ev3_interfaces__rosidl_typesupport_fastrtps_cppExport-noconfig.cmake
[0.424s] -- Up-to-date: /home/jacky/Documents/robot_bartender/install/ev3_interfaces/share/ev3_interfaces/cmake/ev3_interfaces__rosidl_typesupport_introspection_cppExport.cmake
[0.424s] -- Up-to-date: /home/jacky/Documents/robot_bartender/install/ev3_interfaces/share/ev3_interfaces/cmake/ev3_interfaces__rosidl_typesupport_introspection_cppExport-noconfig.cmake
[0.424s] -- Up-to-date: /home/jacky/Documents/robot_bartender/install/ev3_interfaces/share/ev3_interfaces/cmake/ev3_interfaces__rosidl_typesupport_cppExport.cmake
[0.424s] -- Up-to-date: /home/jacky/Documents/robot_bartender/install/ev3_interfaces/share/ev3_interfaces/cmake/ev3_interfaces__rosidl_typesupport_cppExport-noconfig.cmake
[0.424s] -- Up-to-date: /home/jacky/Documents/robot_bartender/install/ev3_interfaces/share/ev3_interfaces/cmake/export_ev3_interfaces__rosidl_generator_pyExport.cmake
[0.424s] -- Up-to-date: /home/jacky/Documents/robot_bartender/install/ev3_interfaces/share/ev3_interfaces/cmake/export_ev3_interfaces__rosidl_generator_pyExport-noconfig.cmake
[0.424s] -- Up-to-date: /home/jacky/Documents/robot_bartender/install/ev3_interfaces/share/ev3_interfaces/cmake/rosidl_cmake-extras.cmake
[0.424s] -- Up-to-date: /home/jacky/Documents/robot_bartender/install/ev3_interfaces/share/ev3_interfaces/cmake/ament_cmake_export_include_directories-extras.cmake
[0.424s] -- Up-to-date: /home/jacky/Documents/robot_bartender/install/ev3_interfaces/share/ev3_interfaces/cmake/ament_cmake_export_libraries-extras.cmake
[0.424s] -- Up-to-date: /home/jacky/Documents/robot_bartender/install/ev3_interfaces/share/ev3_interfaces/cmake/ament_cmake_export_targets-extras.cmake
[0.424s] -- Up-to-date: /home/jacky/Documents/robot_bartender/install/ev3_interfaces/share/ev3_interfaces/cmake/rosidl_cmake_export_typesupport_targets-extras.cmake
[0.424s] -- Up-to-date: /home/jacky/Documents/robot_bartender/install/ev3_interfaces/share/ev3_interfaces/cmake/ament_cmake_export_dependencies-extras.cmake
[0.424s] -- Up-to-date: /home/jacky/Documents/robot_bartender/install/ev3_interfaces/share/ev3_interfaces/cmake/rosidl_cmake_export_typesupport_libraries-extras.cmake
[0.424s] -- Up-to-date: /home/jacky/Documents/robot_bartender/install/ev3_interfaces/share/ev3_interfaces/cmake/ev3_interfacesConfig.cmake
[0.424s] -- Up-to-date: /home/jacky/Documents/robot_bartender/install/ev3_interfaces/share/ev3_interfaces/cmake/ev3_interfacesConfig-version.cmake
[0.424s] -- Up-to-date: /home/jacky/Documents/robot_bartender/install/ev3_interfaces/share/ev3_interfaces/package.xml
[0.425s] Invoked command in '/home/jacky/Documents/robot_bartender/build/ev3_interfaces' returned '0': CMAKE_PREFIX_PATH=${CMAKE_PREFIX_PATH}:/home/jacky/Documents/robot_bartender/install/camera:/home/jacky/Documents/robot_bartender/install/ev3_mqtt_bridge:/opt/ros/humble /usr/bin/cmake --install /home/jacky/Documents/robot_bartender/build/ev3_interfaces
