/home/jacky/Documents/robot_bartender/install/ev3_mqtt_bridge/lib/python3.10/site-packages/ev3_mqtt_bridge/motor_action.py
/home/jacky/Documents/robot_bartender/install/ev3_mqtt_bridge/lib/python3.10/site-packages/ev3_mqtt_bridge/motorD_controller.py
/home/jacky/Documents/robot_bartender/install/ev3_mqtt_bridge/lib/python3.10/site-packages/ev3_mqtt_bridge/motorE_controller.py
/home/jacky/Documents/robot_bartender/install/ev3_mqtt_bridge/lib/python3.10/site-packages/ev3_mqtt_bridge/ros_mqtt_bridge.py
/home/jacky/Documents/robot_bartender/install/ev3_mqtt_bridge/lib/python3.10/site-packages/ev3_mqtt_bridge/motorB_controller.py
/home/jacky/Documents/robot_bartender/install/ev3_mqtt_bridge/lib/python3.10/site-packages/ev3_mqtt_bridge/__init__.py
/home/jacky/Documents/robot_bartender/install/ev3_mqtt_bridge/lib/python3.10/site-packages/ev3_mqtt_bridge/motorA_controller.py
/home/jacky/Documents/robot_bartender/install/ev3_mqtt_bridge/lib/python3.10/site-packages/ev3_mqtt_bridge/led_controller.py
/home/jacky/Documents/robot_bartender/install/ev3_mqtt_bridge/lib/python3.10/site-packages/ev3_mqtt_bridge/motorC_controller.py
/home/jacky/Documents/robot_bartender/install/ev3_mqtt_bridge/lib/python3.10/site-packages/ev3_mqtt_bridge/__pycache__/motor_action.cpython-310.pyc
/home/jacky/Documents/robot_bartender/install/ev3_mqtt_bridge/lib/python3.10/site-packages/ev3_mqtt_bridge/__pycache__/motorD_controller.cpython-310.pyc
/home/jacky/Documents/robot_bartender/install/ev3_mqtt_bridge/lib/python3.10/site-packages/ev3_mqtt_bridge/__pycache__/motorE_controller.cpython-310.pyc
/home/jacky/Documents/robot_bartender/install/ev3_mqtt_bridge/lib/python3.10/site-packages/ev3_mqtt_bridge/__pycache__/ros_mqtt_bridge.cpython-310.pyc
/home/jacky/Documents/robot_bartender/install/ev3_mqtt_bridge/lib/python3.10/site-packages/ev3_mqtt_bridge/__pycache__/motorB_controller.cpython-310.pyc
/home/jacky/Documents/robot_bartender/install/ev3_mqtt_bridge/lib/python3.10/site-packages/ev3_mqtt_bridge/__pycache__/__init__.cpython-310.pyc
/home/jacky/Documents/robot_bartender/install/ev3_mqtt_bridge/lib/python3.10/site-packages/ev3_mqtt_bridge/__pycache__/motorA_controller.cpython-310.pyc
/home/jacky/Documents/robot_bartender/install/ev3_mqtt_bridge/lib/python3.10/site-packages/ev3_mqtt_bridge/__pycache__/led_controller.cpython-310.pyc
/home/jacky/Documents/robot_bartender/install/ev3_mqtt_bridge/lib/python3.10/site-packages/ev3_mqtt_bridge/__pycache__/motorC_controller.cpython-310.pyc
/home/jacky/Documents/robot_bartender/install/ev3_mqtt_bridge/share/ament_index/resource_index/packages/ev3_mqtt_bridge
/home/jacky/Documents/robot_bartender/install/ev3_mqtt_bridge/share/ev3_mqtt_bridge/package.xml
/home/jacky/Documents/robot_bartender/install/ev3_mqtt_bridge/share/ev3_mqtt_bridge/launch/ros_mqtt_bridge_launch.py
/home/jacky/Documents/robot_bartender/install/ev3_mqtt_bridge/lib/python3.10/site-packages/ev3_mqtt_bridge-0.0.0-py3.10.egg-info/entry_points.txt
/home/jacky/Documents/robot_bartender/install/ev3_mqtt_bridge/lib/python3.10/site-packages/ev3_mqtt_bridge-0.0.0-py3.10.egg-info/SOURCES.txt
/home/jacky/Documents/robot_bartender/install/ev3_mqtt_bridge/lib/python3.10/site-packages/ev3_mqtt_bridge-0.0.0-py3.10.egg-info/PKG-INFO
/home/jacky/Documents/robot_bartender/install/ev3_mqtt_bridge/lib/python3.10/site-packages/ev3_mqtt_bridge-0.0.0-py3.10.egg-info/requires.txt
/home/jacky/Documents/robot_bartender/install/ev3_mqtt_bridge/lib/python3.10/site-packages/ev3_mqtt_bridge-0.0.0-py3.10.egg-info/zip-safe
/home/jacky/Documents/robot_bartender/install/ev3_mqtt_bridge/lib/python3.10/site-packages/ev3_mqtt_bridge-0.0.0-py3.10.egg-info/top_level.txt
/home/jacky/Documents/robot_bartender/install/ev3_mqtt_bridge/lib/python3.10/site-packages/ev3_mqtt_bridge-0.0.0-py3.10.egg-info/dependency_links.txt
/home/jacky/Documents/robot_bartender/install/ev3_mqtt_bridge/lib/ev3_mqtt_bridge/led_controller
/home/jacky/Documents/robot_bartender/install/ev3_mqtt_bridge/lib/ev3_mqtt_bridge/motorA_controller
/home/jacky/Documents/robot_bartender/install/ev3_mqtt_bridge/lib/ev3_mqtt_bridge/motorB_controller
/home/jacky/Documents/robot_bartender/install/ev3_mqtt_bridge/lib/ev3_mqtt_bridge/motorC_controller
/home/jacky/Documents/robot_bartender/install/ev3_mqtt_bridge/lib/ev3_mqtt_bridge/motorD_controller
/home/jacky/Documents/robot_bartender/install/ev3_mqtt_bridge/lib/ev3_mqtt_bridge/motorE_controller
/home/jacky/Documents/robot_bartender/install/ev3_mqtt_bridge/lib/ev3_mqtt_bridge/motor_action
/home/jacky/Documents/robot_bartender/install/ev3_mqtt_bridge/lib/ev3_mqtt_bridge/ros_mqtt_bridge
