[0.170s] Invoking command in '/home/jacky/Documents/robot_bartender/build/ev3_interfaces': CMAKE_PREFIX_PATH=/home/jacky/Documents/robot_bartender/install/ev3_mqtt_bridge:/opt/ros/humble /usr/bin/cmake /home/jacky/Documents/robot_bartender/src/ev3_interfaces -DCMAKE_INSTALL_PREFIX=/home/jacky/Documents/robot_bartender/install/ev3_interfaces
[0.224s] -- The C compiler identification is GNU 11.4.0
[0.309s] -- The CXX compiler identification is GNU 11.4.0
[0.317s] -- Detecting C compiler ABI info
[0.360s] -- Detecting C compiler ABI info - done
[0.365s] -- Check for working C compiler: /usr/bin/cc - skipped
[0.365s] -- Detecting C compile features
[0.366s] -- Detecting C compile features - done
[0.368s] -- Detecting CXX compiler ABI info
[0.417s] -- Detecting CXX compiler ABI info - done
[0.422s] -- Check for working CXX compiler: /usr/bin/c++ - skipped
[0.422s] -- Detecting CXX compile features
[0.422s] -- Detecting CXX compile features - done
[0.427s] -- Found ament_cmake: 1.3.11 (/opt/ros/humble/share/ament_cmake/cmake)
[0.524s] -- Found Python3: /usr/bin/python3 (found version "3.10.12") found components: Interpreter 
[0.593s] -- Found rosidl_default_generators: 1.2.0 (/opt/ros/humble/share/rosidl_default_generators/cmake)
[0.596s] -- Using all available rosidl_typesupport_c: rosidl_typesupport_fastrtps_c;rosidl_typesupport_introspection_c
[0.601s] -- Found rosidl_adapter: 3.1.6 (/opt/ros/humble/share/rosidl_adapter/cmake)
[0.638s] -- Using all available rosidl_typesupport_cpp: rosidl_typesupport_fastrtps_cpp;rosidl_typesupport_introspection_cpp
[0.666s] -- Found ament_lint_auto: 0.12.12 (/opt/ros/humble/share/ament_lint_auto/cmake)
[0.833s] -- Found ament_cmake_ros: 0.10.0 (/opt/ros/humble/share/ament_cmake_ros/cmake)
[0.943s] -- Using all available rosidl_typesupport_c: rosidl_typesupport_fastrtps_c;rosidl_typesupport_introspection_c
[1.084s] -- Using all available rosidl_typesupport_cpp: rosidl_typesupport_fastrtps_cpp;rosidl_typesupport_introspection_cpp
[1.097s] -- Found PythonInterp: /usr/bin/python3 (found suitable version "3.10.12", minimum required is "3.6") 
[1.098s] -- Found python_cmake_module: 0.10.0 (/opt/ros/humble/share/python_cmake_module/cmake)
[1.114s] -- Found PythonLibs: /usr/lib/x86_64-linux-gnu/libpython3.10.so (found suitable version "3.10.12", minimum required is "3.5") 
[1.114s] -- Using PYTHON_EXECUTABLE: /usr/bin/python3
[1.114s] -- Using PYTHON_INCLUDE_DIRS: /usr/include/python3.10
[1.114s] -- Using PYTHON_LIBRARIES: /usr/lib/x86_64-linux-gnu/libpython3.10.so
[1.127s] -- Found PythonExtra: .so  
[1.149s] -- Added test 'lint_cmake' to check CMake code style
[1.150s] -- Added test 'xmllint' to check XML markup files
[1.155s] -- Configuring done
[1.169s] -- Generating done
[1.175s] -- Build files have been written to: /home/jacky/Documents/robot_bartender/build/ev3_interfaces
[1.178s] Invoked command in '/home/jacky/Documents/robot_bartender/build/ev3_interfaces' returned '0': CMAKE_PREFIX_PATH=/home/jacky/Documents/robot_bartender/install/ev3_mqtt_bridge:/opt/ros/humble /usr/bin/cmake /home/jacky/Documents/robot_bartender/src/ev3_interfaces -DCMAKE_INSTALL_PREFIX=/home/jacky/Documents/robot_bartender/install/ev3_interfaces
[1.180s] Invoking command in '/home/jacky/Documents/robot_bartender/build/ev3_interfaces': CMAKE_PREFIX_PATH=/home/jacky/Documents/robot_bartender/install/ev3_mqtt_bridge:/opt/ros/humble /usr/bin/cmake --build /home/jacky/Documents/robot_bartender/build/ev3_interfaces -- -j16 -l16
[1.205s] [  3%] [34m[1mGenerating C code for ROS interfaces[0m
[1.214s] [  6%] [34m[1mGenerating C++ code for ROS interfaces[0m
[1.219s] [  6%] Built target ament_cmake_python_copy_ev3_interfaces
[1.374s] running egg_info
[1.374s] creating ev3_interfaces.egg-info
[1.375s] writing ev3_interfaces.egg-info/PKG-INFO
[1.375s] writing dependency_links to ev3_interfaces.egg-info/dependency_links.txt
[1.375s] writing top-level names to ev3_interfaces.egg-info/top_level.txt
[1.375s] writing manifest file 'ev3_interfaces.egg-info/SOURCES.txt'
[1.376s] reading manifest file 'ev3_interfaces.egg-info/SOURCES.txt'
[1.376s] writing manifest file 'ev3_interfaces.egg-info/SOURCES.txt'
[1.392s] [  6%] Built target ament_cmake_python_build_ev3_interfaces_egg
[1.415s] [  9%] [32mBuilding C object CMakeFiles/ev3_interfaces__rosidl_generator_c.dir/rosidl_generator_c/ev3_interfaces/srv/detail/motor_command__functions.c.o[0m
[1.415s] [  9%] Built target ev3_interfaces__cpp
[1.421s] [ 12%] [34m[1mGenerating C++ type support dispatch for ROS interfaces[0m
[1.421s] [ 16%] [34m[1mGenerating C++ type support for eProsima Fast-RTPS[0m
[1.421s] [ 19%] [34m[1mGenerating C++ introspection for ROS interfaces[0m
[1.468s] [ 22%] [32m[1mLinking C shared library libev3_interfaces__rosidl_generator_c.so[0m
[1.490s] [ 22%] Built target ev3_interfaces__rosidl_generator_c
[1.496s] [ 32%] [34m[1mGenerating C type support for eProsima Fast-RTPS[0m
[1.496s] [ 32%] [34m[1mGenerating C introspection for ROS interfaces[0m
[1.496s] [ 32%] [34m[1mGenerating C type support dispatch for ROS interfaces[0m
[1.605s] [ 35%] [32mBuilding CXX object CMakeFiles/ev3_interfaces__rosidl_typesupport_cpp.dir/rosidl_typesupport_cpp/ev3_interfaces/srv/motor_command__type_support.cpp.o[0m
[1.623s] [ 38%] [32mBuilding CXX object CMakeFiles/ev3_interfaces__rosidl_typesupport_introspection_cpp.dir/rosidl_typesupport_introspection_cpp/ev3_interfaces/srv/detail/motor_command__type_support.cpp.o[0m
[1.632s] [ 41%] [32mBuilding CXX object CMakeFiles/ev3_interfaces__rosidl_typesupport_fastrtps_cpp.dir/rosidl_typesupport_fastrtps_cpp/ev3_interfaces/srv/detail/dds_fastrtps/motor_command__type_support.cpp.o[0m
[1.692s] [ 45%] [32mBuilding CXX object CMakeFiles/ev3_interfaces__rosidl_typesupport_c.dir/rosidl_typesupport_c/ev3_interfaces/srv/motor_command__type_support.cpp.o[0m
[1.703s] [ 48%] [32mBuilding C object CMakeFiles/ev3_interfaces__rosidl_typesupport_introspection_c.dir/rosidl_typesupport_introspection_c/ev3_interfaces/srv/detail/motor_command__type_support.c.o[0m
[1.708s] [ 51%] [32mBuilding CXX object CMakeFiles/ev3_interfaces__rosidl_typesupport_fastrtps_c.dir/rosidl_typesupport_fastrtps_c/ev3_interfaces/srv/detail/motor_command__type_support_c.cpp.o[0m
[1.711s] [ 54%] [32m[1mLinking CXX shared library libev3_interfaces__rosidl_typesupport_c.so[0m
[1.726s] [ 58%] [32m[1mLinking C shared library libev3_interfaces__rosidl_typesupport_introspection_c.so[0m
[1.736s] [ 58%] Built target ev3_interfaces__rosidl_typesupport_c
[1.745s] [ 58%] Built target ev3_interfaces__rosidl_typesupport_introspection_c
[1.795s] [ 61%] [32m[1mLinking CXX shared library libev3_interfaces__rosidl_typesupport_cpp.so[0m
[1.820s] [ 61%] Built target ev3_interfaces__rosidl_typesupport_cpp
[1.869s] [ 64%] [32m[1mLinking CXX shared library libev3_interfaces__rosidl_typesupport_introspection_cpp.so[0m
[1.894s] [ 67%] [32m[1mLinking CXX shared library libev3_interfaces__rosidl_typesupport_fastrtps_cpp.so[0m
[1.907s] [ 67%] Built target ev3_interfaces__rosidl_typesupport_introspection_cpp
[1.920s] [ 70%] [32m[1mLinking CXX shared library libev3_interfaces__rosidl_typesupport_fastrtps_c.so[0m
[1.938s] [ 70%] Built target ev3_interfaces__rosidl_typesupport_fastrtps_cpp
[1.963s] [ 70%] Built target ev3_interfaces__rosidl_typesupport_fastrtps_c
[1.974s] [ 70%] Built target ev3_interfaces
[1.995s] [ 74%] [34m[1mGenerating Python code for ROS interfaces[0m
[2.286s] [ 74%] Built target ev3_interfaces__py
[2.297s] [ 77%] [32mBuilding C object CMakeFiles/ev3_interfaces__rosidl_generator_py.dir/rosidl_generator_py/ev3_interfaces/srv/_motor_command_s.c.o[0m
[2.393s] [ 80%] [32m[1mLinking C shared library rosidl_generator_py/ev3_interfaces/libev3_interfaces__rosidl_generator_py.so[0m
[2.417s] [ 80%] Built target ev3_interfaces__rosidl_generator_py
[2.433s] [ 90%] [32mBuilding C object CMakeFiles/ev3_interfaces__rosidl_typesupport_introspection_c__pyext.dir/rosidl_generator_py/ev3_interfaces/_ev3_interfaces_s.ep.rosidl_typesupport_introspection_c.c.o[0m
[2.433s] [ 90%] [32mBuilding C object CMakeFiles/ev3_interfaces__rosidl_typesupport_fastrtps_c__pyext.dir/rosidl_generator_py/ev3_interfaces/_ev3_interfaces_s.ep.rosidl_typesupport_fastrtps_c.c.o[0m
[2.433s] [ 90%] [32mBuilding C object CMakeFiles/ev3_interfaces__rosidl_typesupport_c__pyext.dir/rosidl_generator_py/ev3_interfaces/_ev3_interfaces_s.ep.rosidl_typesupport_c.c.o[0m
[2.489s] [ 96%] [32m[1mLinking C shared library rosidl_generator_py/ev3_interfaces/ev3_interfaces_s__rosidl_typesupport_c.cpython-310-x86_64-linux-gnu.so[0m
[2.489s] [ 96%] [32m[1mLinking C shared library rosidl_generator_py/ev3_interfaces/ev3_interfaces_s__rosidl_typesupport_introspection_c.cpython-310-x86_64-linux-gnu.so[0m
[2.489s] [100%] [32m[1mLinking C shared library rosidl_generator_py/ev3_interfaces/ev3_interfaces_s__rosidl_typesupport_fastrtps_c.cpython-310-x86_64-linux-gnu.so[0m
[2.509s] [100%] Built target ev3_interfaces__rosidl_typesupport_c__pyext
[2.509s] [100%] Built target ev3_interfaces__rosidl_typesupport_introspection_c__pyext
[2.509s] [100%] Built target ev3_interfaces__rosidl_typesupport_fastrtps_c__pyext
[2.516s] Invoked command in '/home/jacky/Documents/robot_bartender/build/ev3_interfaces' returned '0': CMAKE_PREFIX_PATH=/home/jacky/Documents/robot_bartender/install/ev3_mqtt_bridge:/opt/ros/humble /usr/bin/cmake --build /home/jacky/Documents/robot_bartender/build/ev3_interfaces -- -j16 -l16
[2.521s] Invoking command in '/home/jacky/Documents/robot_bartender/build/ev3_interfaces': CMAKE_PREFIX_PATH=/home/jacky/Documents/robot_bartender/install/ev3_mqtt_bridge:/opt/ros/humble /usr/bin/cmake --install /home/jacky/Documents/robot_bartender/build/ev3_interfaces
[2.526s] -- Install configuration: ""
[2.526s] -- Installing: /home/jacky/Documents/robot_bartender/install/ev3_interfaces/share/ament_index/resource_index/rosidl_interfaces/ev3_interfaces
[2.526s] -- Installing: /home/jacky/Documents/robot_bartender/install/ev3_interfaces/include/ev3_interfaces/ev3_interfaces
[2.526s] -- Installing: /home/jacky/Documents/robot_bartender/install/ev3_interfaces/include/ev3_interfaces/ev3_interfaces/srv
[2.526s] -- Installing: /home/jacky/Documents/robot_bartender/install/ev3_interfaces/include/ev3_interfaces/ev3_interfaces/srv/detail
[2.526s] -- Installing: /home/jacky/Documents/robot_bartender/install/ev3_interfaces/include/ev3_interfaces/ev3_interfaces/srv/detail/motor_command__functions.c
[2.527s] -- Installing: /home/jacky/Documents/robot_bartender/install/ev3_interfaces/include/ev3_interfaces/ev3_interfaces/srv/detail/motor_command__functions.h
[2.527s] -- Installing: /home/jacky/Documents/robot_bartender/install/ev3_interfaces/include/ev3_interfaces/ev3_interfaces/srv/detail/motor_command__type_support.h
[2.527s] -- Installing: /home/jacky/Documents/robot_bartender/install/ev3_interfaces/include/ev3_interfaces/ev3_interfaces/srv/detail/motor_command__struct.h
[2.527s] -- Installing: /home/jacky/Documents/robot_bartender/install/ev3_interfaces/include/ev3_interfaces/ev3_interfaces/srv/motor_command.h
[2.527s] -- Installing: /home/jacky/Documents/robot_bartender/install/ev3_interfaces/include/ev3_interfaces/ev3_interfaces/msg
[2.527s] -- Installing: /home/jacky/Documents/robot_bartender/install/ev3_interfaces/include/ev3_interfaces/ev3_interfaces/msg/rosidl_generator_c__visibility_control.h
[2.527s] -- Installing: /home/jacky/Documents/robot_bartender/install/ev3_interfaces/share/ev3_interfaces/environment/library_path.sh
[2.527s] -- Installing: /home/jacky/Documents/robot_bartender/install/ev3_interfaces/share/ev3_interfaces/environment/library_path.dsv
[2.527s] -- Installing: /home/jacky/Documents/robot_bartender/install/ev3_interfaces/lib/libev3_interfaces__rosidl_generator_c.so
[2.527s] -- Set runtime path of "/home/jacky/Documents/robot_bartender/install/ev3_interfaces/lib/libev3_interfaces__rosidl_generator_c.so" to ""
[2.527s] -- Up-to-date: /home/jacky/Documents/robot_bartender/install/ev3_interfaces/include/ev3_interfaces/ev3_interfaces
[2.527s] -- Up-to-date: /home/jacky/Documents/robot_bartender/install/ev3_interfaces/include/ev3_interfaces/ev3_interfaces/srv
[2.527s] -- Up-to-date: /home/jacky/Documents/robot_bartender/install/ev3_interfaces/include/ev3_interfaces/ev3_interfaces/srv/detail
[2.527s] -- Installing: /home/jacky/Documents/robot_bartender/install/ev3_interfaces/include/ev3_interfaces/ev3_interfaces/srv/detail/motor_command__rosidl_typesupport_fastrtps_c.h
[2.527s] -- Up-to-date: /home/jacky/Documents/robot_bartender/install/ev3_interfaces/include/ev3_interfaces/ev3_interfaces/msg
[2.527s] -- Installing: /home/jacky/Documents/robot_bartender/install/ev3_interfaces/include/ev3_interfaces/ev3_interfaces/msg/rosidl_typesupport_fastrtps_c__visibility_control.h
[2.527s] -- Installing: /home/jacky/Documents/robot_bartender/install/ev3_interfaces/lib/libev3_interfaces__rosidl_typesupport_fastrtps_c.so
[2.527s] -- Set runtime path of "/home/jacky/Documents/robot_bartender/install/ev3_interfaces/lib/libev3_interfaces__rosidl_typesupport_fastrtps_c.so" to ""
[2.528s] -- Up-to-date: /home/jacky/Documents/robot_bartender/install/ev3_interfaces/include/ev3_interfaces/ev3_interfaces
[2.528s] -- Up-to-date: /home/jacky/Documents/robot_bartender/install/ev3_interfaces/include/ev3_interfaces/ev3_interfaces/srv
[2.528s] -- Up-to-date: /home/jacky/Documents/robot_bartender/install/ev3_interfaces/include/ev3_interfaces/ev3_interfaces/srv/detail
[2.528s] -- Installing: /home/jacky/Documents/robot_bartender/install/ev3_interfaces/include/ev3_interfaces/ev3_interfaces/srv/detail/motor_command__type_support.c
[2.528s] -- Installing: /home/jacky/Documents/robot_bartender/install/ev3_interfaces/include/ev3_interfaces/ev3_interfaces/srv/detail/motor_command__rosidl_typesupport_introspection_c.h
[2.528s] -- Up-to-date: /home/jacky/Documents/robot_bartender/install/ev3_interfaces/include/ev3_interfaces/ev3_interfaces/msg
[2.528s] -- Installing: /home/jacky/Documents/robot_bartender/install/ev3_interfaces/include/ev3_interfaces/ev3_interfaces/msg/rosidl_typesupport_introspection_c__visibility_control.h
[2.528s] -- Installing: /home/jacky/Documents/robot_bartender/install/ev3_interfaces/lib/libev3_interfaces__rosidl_typesupport_introspection_c.so
[2.528s] -- Set runtime path of "/home/jacky/Documents/robot_bartender/install/ev3_interfaces/lib/libev3_interfaces__rosidl_typesupport_introspection_c.so" to ""
[2.528s] -- Installing: /home/jacky/Documents/robot_bartender/install/ev3_interfaces/lib/libev3_interfaces__rosidl_typesupport_c.so
[2.528s] -- Set runtime path of "/home/jacky/Documents/robot_bartender/install/ev3_interfaces/lib/libev3_interfaces__rosidl_typesupport_c.so" to ""
[2.528s] -- Up-to-date: /home/jacky/Documents/robot_bartender/install/ev3_interfaces/include/ev3_interfaces/ev3_interfaces
[2.528s] -- Up-to-date: /home/jacky/Documents/robot_bartender/install/ev3_interfaces/include/ev3_interfaces/ev3_interfaces/srv
[2.528s] -- Up-to-date: /home/jacky/Documents/robot_bartender/install/ev3_interfaces/include/ev3_interfaces/ev3_interfaces/srv/detail
[2.528s] -- Installing: /home/jacky/Documents/robot_bartender/install/ev3_interfaces/include/ev3_interfaces/ev3_interfaces/srv/detail/motor_command__traits.hpp
[2.528s] -- Installing: /home/jacky/Documents/robot_bartender/install/ev3_interfaces/include/ev3_interfaces/ev3_interfaces/srv/detail/motor_command__type_support.hpp
[2.528s] -- Installing: /home/jacky/Documents/robot_bartender/install/ev3_interfaces/include/ev3_interfaces/ev3_interfaces/srv/detail/motor_command__struct.hpp
[2.528s] -- Installing: /home/jacky/Documents/robot_bartender/install/ev3_interfaces/include/ev3_interfaces/ev3_interfaces/srv/detail/motor_command__builder.hpp
[2.528s] -- Installing: /home/jacky/Documents/robot_bartender/install/ev3_interfaces/include/ev3_interfaces/ev3_interfaces/srv/motor_command.hpp
[2.528s] -- Up-to-date: /home/jacky/Documents/robot_bartender/install/ev3_interfaces/include/ev3_interfaces/ev3_interfaces/msg
[2.528s] -- Installing: /home/jacky/Documents/robot_bartender/install/ev3_interfaces/include/ev3_interfaces/ev3_interfaces/msg/rosidl_generator_cpp__visibility_control.hpp
[2.528s] -- Up-to-date: /home/jacky/Documents/robot_bartender/install/ev3_interfaces/include/ev3_interfaces/ev3_interfaces
[2.528s] -- Up-to-date: /home/jacky/Documents/robot_bartender/install/ev3_interfaces/include/ev3_interfaces/ev3_interfaces/srv
[2.528s] -- Up-to-date: /home/jacky/Documents/robot_bartender/install/ev3_interfaces/include/ev3_interfaces/ev3_interfaces/srv/detail
[2.529s] -- Installing: /home/jacky/Documents/robot_bartender/install/ev3_interfaces/include/ev3_interfaces/ev3_interfaces/srv/detail/motor_command__rosidl_typesupport_fastrtps_cpp.hpp
[2.529s] -- Installing: /home/jacky/Documents/robot_bartender/install/ev3_interfaces/include/ev3_interfaces/ev3_interfaces/srv/detail/dds_fastrtps
[2.529s] -- Up-to-date: /home/jacky/Documents/robot_bartender/install/ev3_interfaces/include/ev3_interfaces/ev3_interfaces/msg
[2.529s] -- Installing: /home/jacky/Documents/robot_bartender/install/ev3_interfaces/include/ev3_interfaces/ev3_interfaces/msg/rosidl_typesupport_fastrtps_cpp__visibility_control.h
[2.529s] -- Installing: /home/jacky/Documents/robot_bartender/install/ev3_interfaces/lib/libev3_interfaces__rosidl_typesupport_fastrtps_cpp.so
[2.529s] -- Set runtime path of "/home/jacky/Documents/robot_bartender/install/ev3_interfaces/lib/libev3_interfaces__rosidl_typesupport_fastrtps_cpp.so" to ""
[2.529s] -- Up-to-date: /home/jacky/Documents/robot_bartender/install/ev3_interfaces/include/ev3_interfaces/ev3_interfaces
[2.529s] -- Up-to-date: /home/jacky/Documents/robot_bartender/install/ev3_interfaces/include/ev3_interfaces/ev3_interfaces/srv
[2.529s] -- Up-to-date: /home/jacky/Documents/robot_bartender/install/ev3_interfaces/include/ev3_interfaces/ev3_interfaces/srv/detail
[2.529s] -- Installing: /home/jacky/Documents/robot_bartender/install/ev3_interfaces/include/ev3_interfaces/ev3_interfaces/srv/detail/motor_command__type_support.cpp
[2.529s] -- Installing: /home/jacky/Documents/robot_bartender/install/ev3_interfaces/include/ev3_interfaces/ev3_interfaces/srv/detail/motor_command__rosidl_typesupport_introspection_cpp.hpp
[2.529s] -- Installing: /home/jacky/Documents/robot_bartender/install/ev3_interfaces/lib/libev3_interfaces__rosidl_typesupport_introspection_cpp.so
[2.529s] -- Set runtime path of "/home/jacky/Documents/robot_bartender/install/ev3_interfaces/lib/libev3_interfaces__rosidl_typesupport_introspection_cpp.so" to ""
[2.529s] -- Installing: /home/jacky/Documents/robot_bartender/install/ev3_interfaces/lib/libev3_interfaces__rosidl_typesupport_cpp.so
[2.529s] -- Set runtime path of "/home/jacky/Documents/robot_bartender/install/ev3_interfaces/lib/libev3_interfaces__rosidl_typesupport_cpp.so" to ""
[2.529s] -- Installing: /home/jacky/Documents/robot_bartender/install/ev3_interfaces/share/ev3_interfaces/environment/pythonpath.sh
[2.529s] -- Installing: /home/jacky/Documents/robot_bartender/install/ev3_interfaces/share/ev3_interfaces/environment/pythonpath.dsv
[2.529s] -- Installing: /home/jacky/Documents/robot_bartender/install/ev3_interfaces/local/lib/python3.10/dist-packages/ev3_interfaces-0.0.0-py3.10.egg-info
[2.530s] -- Installing: /home/jacky/Documents/robot_bartender/install/ev3_interfaces/local/lib/python3.10/dist-packages/ev3_interfaces-0.0.0-py3.10.egg-info/SOURCES.txt
[2.530s] -- Installing: /home/jacky/Documents/robot_bartender/install/ev3_interfaces/local/lib/python3.10/dist-packages/ev3_interfaces-0.0.0-py3.10.egg-info/PKG-INFO
[2.530s] -- Installing: /home/jacky/Documents/robot_bartender/install/ev3_interfaces/local/lib/python3.10/dist-packages/ev3_interfaces-0.0.0-py3.10.egg-info/top_level.txt
[2.530s] -- Installing: /home/jacky/Documents/robot_bartender/install/ev3_interfaces/local/lib/python3.10/dist-packages/ev3_interfaces-0.0.0-py3.10.egg-info/dependency_links.txt
[2.530s] -- Installing: /home/jacky/Documents/robot_bartender/install/ev3_interfaces/local/lib/python3.10/dist-packages/ev3_interfaces
[2.530s] -- Installing: /home/jacky/Documents/robot_bartender/install/ev3_interfaces/local/lib/python3.10/dist-packages/ev3_interfaces/_ev3_interfaces_s.ep.rosidl_typesupport_fastrtps_c.c
[2.530s] -- Installing: /home/jacky/Documents/robot_bartender/install/ev3_interfaces/local/lib/python3.10/dist-packages/ev3_interfaces/_ev3_interfaces_s.ep.rosidl_typesupport_c.c
[2.530s] -- Installing: /home/jacky/Documents/robot_bartender/install/ev3_interfaces/local/lib/python3.10/dist-packages/ev3_interfaces/libev3_interfaces__rosidl_generator_py.so
[2.530s] -- Installing: /home/jacky/Documents/robot_bartender/install/ev3_interfaces/local/lib/python3.10/dist-packages/ev3_interfaces/_ev3_interfaces_s.ep.rosidl_typesupport_introspection_c.c
[2.530s] -- Installing: /home/jacky/Documents/robot_bartender/install/ev3_interfaces/local/lib/python3.10/dist-packages/ev3_interfaces/__init__.py
[2.530s] -- Installing: /home/jacky/Documents/robot_bartender/install/ev3_interfaces/local/lib/python3.10/dist-packages/ev3_interfaces/ev3_interfaces_s__rosidl_typesupport_fastrtps_c.cpython-310-x86_64-linux-gnu.so
[2.530s] -- Installing: /home/jacky/Documents/robot_bartender/install/ev3_interfaces/local/lib/python3.10/dist-packages/ev3_interfaces/ev3_interfaces_s__rosidl_typesupport_introspection_c.cpython-310-x86_64-linux-gnu.so
[2.530s] -- Installing: /home/jacky/Documents/robot_bartender/install/ev3_interfaces/local/lib/python3.10/dist-packages/ev3_interfaces/srv
[2.530s] -- Installing: /home/jacky/Documents/robot_bartender/install/ev3_interfaces/local/lib/python3.10/dist-packages/ev3_interfaces/srv/_motor_command.py
[2.530s] -- Installing: /home/jacky/Documents/robot_bartender/install/ev3_interfaces/local/lib/python3.10/dist-packages/ev3_interfaces/srv/_motor_command_s.c
[2.530s] -- Installing: /home/jacky/Documents/robot_bartender/install/ev3_interfaces/local/lib/python3.10/dist-packages/ev3_interfaces/srv/__init__.py
[2.530s] -- Installing: /home/jacky/Documents/robot_bartender/install/ev3_interfaces/local/lib/python3.10/dist-packages/ev3_interfaces/ev3_interfaces_s__rosidl_typesupport_c.cpython-310-x86_64-linux-gnu.so
[2.552s] Listing '/home/jacky/Documents/robot_bartender/install/ev3_interfaces/local/lib/python3.10/dist-packages/ev3_interfaces'...
[2.553s] Compiling '/home/jacky/Documents/robot_bartender/install/ev3_interfaces/local/lib/python3.10/dist-packages/ev3_interfaces/__init__.py'...
[2.553s] Listing '/home/jacky/Documents/robot_bartender/install/ev3_interfaces/local/lib/python3.10/dist-packages/ev3_interfaces/srv'...
[2.553s] Compiling '/home/jacky/Documents/robot_bartender/install/ev3_interfaces/local/lib/python3.10/dist-packages/ev3_interfaces/srv/__init__.py'...
[2.553s] Compiling '/home/jacky/Documents/robot_bartender/install/ev3_interfaces/local/lib/python3.10/dist-packages/ev3_interfaces/srv/_motor_command.py'...
[2.555s] -- Installing: /home/jacky/Documents/robot_bartender/install/ev3_interfaces/local/lib/python3.10/dist-packages/ev3_interfaces/ev3_interfaces_s__rosidl_typesupport_fastrtps_c.cpython-310-x86_64-linux-gnu.so
[2.556s] -- Set runtime path of "/home/jacky/Documents/robot_bartender/install/ev3_interfaces/local/lib/python3.10/dist-packages/ev3_interfaces/ev3_interfaces_s__rosidl_typesupport_fastrtps_c.cpython-310-x86_64-linux-gnu.so" to ""
[2.556s] -- Installing: /home/jacky/Documents/robot_bartender/install/ev3_interfaces/local/lib/python3.10/dist-packages/ev3_interfaces/ev3_interfaces_s__rosidl_typesupport_introspection_c.cpython-310-x86_64-linux-gnu.so
[2.556s] -- Set runtime path of "/home/jacky/Documents/robot_bartender/install/ev3_interfaces/local/lib/python3.10/dist-packages/ev3_interfaces/ev3_interfaces_s__rosidl_typesupport_introspection_c.cpython-310-x86_64-linux-gnu.so" to ""
[2.556s] -- Installing: /home/jacky/Documents/robot_bartender/install/ev3_interfaces/local/lib/python3.10/dist-packages/ev3_interfaces/ev3_interfaces_s__rosidl_typesupport_c.cpython-310-x86_64-linux-gnu.so
[2.556s] -- Set runtime path of "/home/jacky/Documents/robot_bartender/install/ev3_interfaces/local/lib/python3.10/dist-packages/ev3_interfaces/ev3_interfaces_s__rosidl_typesupport_c.cpython-310-x86_64-linux-gnu.so" to ""
[2.556s] -- Installing: /home/jacky/Documents/robot_bartender/install/ev3_interfaces/lib/libev3_interfaces__rosidl_generator_py.so
[2.556s] -- Set runtime path of "/home/jacky/Documents/robot_bartender/install/ev3_interfaces/lib/libev3_interfaces__rosidl_generator_py.so" to ""
[2.556s] -- Installing: /home/jacky/Documents/robot_bartender/install/ev3_interfaces/share/ev3_interfaces/srv/MotorCommand.idl
[2.556s] -- Installing: /home/jacky/Documents/robot_bartender/install/ev3_interfaces/share/ev3_interfaces/srv/MotorCommand.srv
[2.556s] -- Installing: /home/jacky/Documents/robot_bartender/install/ev3_interfaces/share/ev3_interfaces/srv/MotorCommand_Request.msg
[2.556s] -- Installing: /home/jacky/Documents/robot_bartender/install/ev3_interfaces/share/ev3_interfaces/srv/MotorCommand_Response.msg
[2.556s] -- Installing: /home/jacky/Documents/robot_bartender/install/ev3_interfaces/share/ament_index/resource_index/package_run_dependencies/ev3_interfaces
[2.556s] -- Installing: /home/jacky/Documents/robot_bartender/install/ev3_interfaces/share/ament_index/resource_index/parent_prefix_path/ev3_interfaces
[2.556s] -- Installing: /home/jacky/Documents/robot_bartender/install/ev3_interfaces/share/ev3_interfaces/environment/ament_prefix_path.sh
[2.556s] -- Installing: /home/jacky/Documents/robot_bartender/install/ev3_interfaces/share/ev3_interfaces/environment/ament_prefix_path.dsv
[2.557s] -- Installing: /home/jacky/Documents/robot_bartender/install/ev3_interfaces/share/ev3_interfaces/environment/path.sh
[2.557s] -- Installing: /home/jacky/Documents/robot_bartender/install/ev3_interfaces/share/ev3_interfaces/environment/path.dsv
[2.557s] -- Installing: /home/jacky/Documents/robot_bartender/install/ev3_interfaces/share/ev3_interfaces/local_setup.bash
[2.557s] -- Installing: /home/jacky/Documents/robot_bartender/install/ev3_interfaces/share/ev3_interfaces/local_setup.sh
[2.557s] -- Installing: /home/jacky/Documents/robot_bartender/install/ev3_interfaces/share/ev3_interfaces/local_setup.zsh
[2.557s] -- Installing: /home/jacky/Documents/robot_bartender/install/ev3_interfaces/share/ev3_interfaces/local_setup.dsv
[2.557s] -- Installing: /home/jacky/Documents/robot_bartender/install/ev3_interfaces/share/ev3_interfaces/package.dsv
[2.557s] -- Installing: /home/jacky/Documents/robot_bartender/install/ev3_interfaces/share/ament_index/resource_index/packages/ev3_interfaces
[2.557s] -- Installing: /home/jacky/Documents/robot_bartender/install/ev3_interfaces/share/ev3_interfaces/cmake/export_ev3_interfaces__rosidl_generator_cExport.cmake
[2.557s] -- Installing: /home/jacky/Documents/robot_bartender/install/ev3_interfaces/share/ev3_interfaces/cmake/export_ev3_interfaces__rosidl_generator_cExport-noconfig.cmake
[2.557s] -- Installing: /home/jacky/Documents/robot_bartender/install/ev3_interfaces/share/ev3_interfaces/cmake/export_ev3_interfaces__rosidl_typesupport_fastrtps_cExport.cmake
[2.557s] -- Installing: /home/jacky/Documents/robot_bartender/install/ev3_interfaces/share/ev3_interfaces/cmake/export_ev3_interfaces__rosidl_typesupport_fastrtps_cExport-noconfig.cmake
[2.557s] -- Installing: /home/jacky/Documents/robot_bartender/install/ev3_interfaces/share/ev3_interfaces/cmake/ev3_interfaces__rosidl_typesupport_introspection_cExport.cmake
[2.557s] -- Installing: /home/jacky/Documents/robot_bartender/install/ev3_interfaces/share/ev3_interfaces/cmake/ev3_interfaces__rosidl_typesupport_introspection_cExport-noconfig.cmake
[2.557s] -- Installing: /home/jacky/Documents/robot_bartender/install/ev3_interfaces/share/ev3_interfaces/cmake/ev3_interfaces__rosidl_typesupport_cExport.cmake
[2.557s] -- Installing: /home/jacky/Documents/robot_bartender/install/ev3_interfaces/share/ev3_interfaces/cmake/ev3_interfaces__rosidl_typesupport_cExport-noconfig.cmake
[2.557s] -- Installing: /home/jacky/Documents/robot_bartender/install/ev3_interfaces/share/ev3_interfaces/cmake/export_ev3_interfaces__rosidl_generator_cppExport.cmake
[2.558s] -- Installing: /home/jacky/Documents/robot_bartender/install/ev3_interfaces/share/ev3_interfaces/cmake/export_ev3_interfaces__rosidl_typesupport_fastrtps_cppExport.cmake
[2.558s] -- Installing: /home/jacky/Documents/robot_bartender/install/ev3_interfaces/share/ev3_interfaces/cmake/export_ev3_interfaces__rosidl_typesupport_fastrtps_cppExport-noconfig.cmake
[2.558s] -- Installing: /home/jacky/Documents/robot_bartender/install/ev3_interfaces/share/ev3_interfaces/cmake/ev3_interfaces__rosidl_typesupport_introspection_cppExport.cmake
[2.558s] -- Installing: /home/jacky/Documents/robot_bartender/install/ev3_interfaces/share/ev3_interfaces/cmake/ev3_interfaces__rosidl_typesupport_introspection_cppExport-noconfig.cmake
[2.558s] -- Installing: /home/jacky/Documents/robot_bartender/install/ev3_interfaces/share/ev3_interfaces/cmake/ev3_interfaces__rosidl_typesupport_cppExport.cmake
[2.558s] -- Installing: /home/jacky/Documents/robot_bartender/install/ev3_interfaces/share/ev3_interfaces/cmake/ev3_interfaces__rosidl_typesupport_cppExport-noconfig.cmake
[2.558s] -- Installing: /home/jacky/Documents/robot_bartender/install/ev3_interfaces/share/ev3_interfaces/cmake/export_ev3_interfaces__rosidl_generator_pyExport.cmake
[2.558s] -- Installing: /home/jacky/Documents/robot_bartender/install/ev3_interfaces/share/ev3_interfaces/cmake/export_ev3_interfaces__rosidl_generator_pyExport-noconfig.cmake
[2.558s] -- Installing: /home/jacky/Documents/robot_bartender/install/ev3_interfaces/share/ev3_interfaces/cmake/rosidl_cmake-extras.cmake
[2.558s] -- Installing: /home/jacky/Documents/robot_bartender/install/ev3_interfaces/share/ev3_interfaces/cmake/ament_cmake_export_include_directories-extras.cmake
[2.558s] -- Installing: /home/jacky/Documents/robot_bartender/install/ev3_interfaces/share/ev3_interfaces/cmake/ament_cmake_export_libraries-extras.cmake
[2.558s] -- Installing: /home/jacky/Documents/robot_bartender/install/ev3_interfaces/share/ev3_interfaces/cmake/ament_cmake_export_targets-extras.cmake
[2.558s] -- Installing: /home/jacky/Documents/robot_bartender/install/ev3_interfaces/share/ev3_interfaces/cmake/rosidl_cmake_export_typesupport_targets-extras.cmake
[2.558s] -- Installing: /home/jacky/Documents/robot_bartender/install/ev3_interfaces/share/ev3_interfaces/cmake/ament_cmake_export_dependencies-extras.cmake
[2.558s] -- Installing: /home/jacky/Documents/robot_bartender/install/ev3_interfaces/share/ev3_interfaces/cmake/rosidl_cmake_export_typesupport_libraries-extras.cmake
[2.558s] -- Installing: /home/jacky/Documents/robot_bartender/install/ev3_interfaces/share/ev3_interfaces/cmake/ev3_interfacesConfig.cmake
[2.558s] -- Installing: /home/jacky/Documents/robot_bartender/install/ev3_interfaces/share/ev3_interfaces/cmake/ev3_interfacesConfig-version.cmake
[2.558s] -- Installing: /home/jacky/Documents/robot_bartender/install/ev3_interfaces/share/ev3_interfaces/package.xml
[2.560s] Invoked command in '/home/jacky/Documents/robot_bartender/build/ev3_interfaces' returned '0': CMAKE_PREFIX_PATH=/home/jacky/Documents/robot_bartender/install/ev3_mqtt_bridge:/opt/ros/humble /usr/bin/cmake --install /home/jacky/Documents/robot_bartender/build/ev3_interfaces
