[0.408s] Invoking command in '/home/jacky/Documents/robot_bartender/src/ev3_mqtt_bridge': PYTHONPATH=/home/jacky/Documents/robot_bartender/build/ev3_mqtt_bridge/prefix_override:/usr/lib/python3/dist-packages/colcon_core/task/python/colcon_distutils_commands:/home/jacky/Documents/robot_bartender/install/ev3_mqtt_bridge/lib/python3.10/site-packages:${PYTHONPATH} /usr/bin/python3 -W ignore:setup.py install is deprecated -W ignore:easy_install command is deprecated setup.py egg_info --egg-base ../../build/ev3_mqtt_bridge build --build-base /home/jacky/Documents/robot_bartender/build/ev3_mqtt_bridge/build install --record /home/jacky/Documents/robot_bartender/build/ev3_mqtt_bridge/install.log --single-version-externally-managed install_data
[0.580s] running egg_info
[0.580s] writing ../../build/ev3_mqtt_bridge/ev3_mqtt_bridge.egg-info/PKG-INFO
[0.580s] writing dependency_links to ../../build/ev3_mqtt_bridge/ev3_mqtt_bridge.egg-info/dependency_links.txt
[0.581s] writing entry points to ../../build/ev3_mqtt_bridge/ev3_mqtt_bridge.egg-info/entry_points.txt
[0.581s] writing requirements to ../../build/ev3_mqtt_bridge/ev3_mqtt_bridge.egg-info/requires.txt
[0.581s] writing top-level names to ../../build/ev3_mqtt_bridge/ev3_mqtt_bridge.egg-info/top_level.txt
[0.582s] reading manifest file '../../build/ev3_mqtt_bridge/ev3_mqtt_bridge.egg-info/SOURCES.txt'
[0.583s] writing manifest file '../../build/ev3_mqtt_bridge/ev3_mqtt_bridge.egg-info/SOURCES.txt'
[0.583s] running build
[0.583s] running build_py
[0.583s] copying ev3_mqtt_bridge/motorD_controller.py -> /home/jacky/Documents/robot_bartender/build/ev3_mqtt_bridge/build/lib/ev3_mqtt_bridge
[0.583s] copying ev3_mqtt_bridge/motorE_controller.py -> /home/jacky/Documents/robot_bartender/build/ev3_mqtt_bridge/build/lib/ev3_mqtt_bridge
[0.583s] running install
[0.584s] running install_lib
[0.584s] copying /home/jacky/Documents/robot_bartender/build/ev3_mqtt_bridge/build/lib/ev3_mqtt_bridge/motorD_controller.py -> /home/jacky/Documents/robot_bartender/install/ev3_mqtt_bridge/lib/python3.10/site-packages/ev3_mqtt_bridge
[0.584s] copying /home/jacky/Documents/robot_bartender/build/ev3_mqtt_bridge/build/lib/ev3_mqtt_bridge/motorE_controller.py -> /home/jacky/Documents/robot_bartender/install/ev3_mqtt_bridge/lib/python3.10/site-packages/ev3_mqtt_bridge
[0.585s] byte-compiling /home/jacky/Documents/robot_bartender/install/ev3_mqtt_bridge/lib/python3.10/site-packages/ev3_mqtt_bridge/motorD_controller.py to motorD_controller.cpython-310.pyc
[0.586s] byte-compiling /home/jacky/Documents/robot_bartender/install/ev3_mqtt_bridge/lib/python3.10/site-packages/ev3_mqtt_bridge/motorE_controller.py to motorE_controller.cpython-310.pyc
[0.587s] running install_data
[0.587s] running install_egg_info
[0.588s] removing '/home/jacky/Documents/robot_bartender/install/ev3_mqtt_bridge/lib/python3.10/site-packages/ev3_mqtt_bridge-0.0.0-py3.10.egg-info' (and everything under it)
[0.588s] Copying ../../build/ev3_mqtt_bridge/ev3_mqtt_bridge.egg-info to /home/jacky/Documents/robot_bartender/install/ev3_mqtt_bridge/lib/python3.10/site-packages/ev3_mqtt_bridge-0.0.0-py3.10.egg-info
[0.589s] running install_scripts
[0.603s] Installing led_controller script to /home/jacky/Documents/robot_bartender/install/ev3_mqtt_bridge/lib/ev3_mqtt_bridge
[0.603s] Installing motorA_controller script to /home/jacky/Documents/robot_bartender/install/ev3_mqtt_bridge/lib/ev3_mqtt_bridge
[0.603s] Installing motorB_controller script to /home/jacky/Documents/robot_bartender/install/ev3_mqtt_bridge/lib/ev3_mqtt_bridge
[0.603s] Installing motorC_controller script to /home/jacky/Documents/robot_bartender/install/ev3_mqtt_bridge/lib/ev3_mqtt_bridge
[0.603s] Installing motorD_controller script to /home/jacky/Documents/robot_bartender/install/ev3_mqtt_bridge/lib/ev3_mqtt_bridge
[0.603s] Installing motorE_controller script to /home/jacky/Documents/robot_bartender/install/ev3_mqtt_bridge/lib/ev3_mqtt_bridge
[0.603s] Installing motor_action script to /home/jacky/Documents/robot_bartender/install/ev3_mqtt_bridge/lib/ev3_mqtt_bridge
[0.603s] Installing ros_mqtt_bridge script to /home/jacky/Documents/robot_bartender/install/ev3_mqtt_bridge/lib/ev3_mqtt_bridge
[0.603s] writing list of installed files to '/home/jacky/Documents/robot_bartender/build/ev3_mqtt_bridge/install.log'
[0.618s] Invoked command in '/home/jacky/Documents/robot_bartender/src/ev3_mqtt_bridge' returned '0': PYTHONPATH=/home/jacky/Documents/robot_bartender/build/ev3_mqtt_bridge/prefix_override:/usr/lib/python3/dist-packages/colcon_core/task/python/colcon_distutils_commands:/home/jacky/Documents/robot_bartender/install/ev3_mqtt_bridge/lib/python3.10/site-packages:${PYTHONPATH} /usr/bin/python3 -W ignore:setup.py install is deprecated -W ignore:easy_install command is deprecated setup.py egg_info --egg-base ../../build/ev3_mqtt_bridge build --build-base /home/jacky/Documents/robot_bartender/build/ev3_mqtt_bridge/build install --record /home/jacky/Documents/robot_bartender/build/ev3_mqtt_bridge/install.log --single-version-externally-managed install_data
