[35m[1mConsolidate compiler generated dependencies of target ev3_interfaces__rosidl_generator_c[0m
[  3%] Built target ev3_interfaces__cpp
[ 12%] Built target ev3_interfaces__rosidl_generator_c
[ 12%] Built target ament_cmake_python_copy_ev3_interfaces
[35m[1mConsolidate compiler generated dependencies of target ev3_interfaces__rosidl_typesupport_cpp[0m
[35m[1mConsolidate compiler generated dependencies of target ev3_interfaces__rosidl_typesupport_fastrtps_cpp[0m
[35m[1mConsolidate compiler generated dependencies of target ev3_interfaces__rosidl_typesupport_introspection_cpp[0m
[35m[1mConsolidate compiler generated dependencies of target ev3_interfaces__rosidl_typesupport_fastrtps_c[0m
[35m[1mConsolidate compiler generated dependencies of target ev3_interfaces__rosidl_typesupport_c[0m
[35m[1mConsolidate compiler generated dependencies of target ev3_interfaces__rosidl_typesupport_introspection_c[0m
[ 22%] Built target ev3_interfaces__rosidl_typesupport_cpp
[ 32%] Built target ev3_interfaces__rosidl_typesupport_introspection_c
[ 41%] Built target ev3_interfaces__rosidl_typesupport_c
[ 51%] Built target ev3_interfaces__rosidl_typesupport_fastrtps_cpp
[ 61%] Built target ev3_interfaces__rosidl_typesupport_introspection_cpp
[ 70%] Built target ev3_interfaces__rosidl_typesupport_fastrtps_c
[ 70%] Built target ev3_interfaces
[ 74%] Built target ev3_interfaces__py
[35m[1mConsolidate compiler generated dependencies of target ev3_interfaces__rosidl_generator_py[0m
[ 80%] Built target ev3_interfaces__rosidl_generator_py
[35m[1mConsolidate compiler generated dependencies of target ev3_interfaces__rosidl_typesupport_fastrtps_c__pyext[0m
[35m[1mConsolidate compiler generated dependencies of target ev3_interfaces__rosidl_typesupport_c__pyext[0m
[35m[1mConsolidate compiler generated dependencies of target ev3_interfaces__rosidl_typesupport_introspection_c__pyext[0m
[100%] Built target ev3_interfaces__rosidl_typesupport_introspection_c__pyext
[100%] Built target ev3_interfaces__rosidl_typesupport_fastrtps_c__pyext
[100%] Built target ev3_interfaces__rosidl_typesupport_c__pyext
running egg_info
writing ev3_interfaces.egg-info/PKG-INFO
writing dependency_links to ev3_interfaces.egg-info/dependency_links.txt
writing top-level names to ev3_interfaces.egg-info/top_level.txt
reading manifest file 'ev3_interfaces.egg-info/SOURCES.txt'
writing manifest file 'ev3_interfaces.egg-info/SOURCES.txt'
[100%] Built target ament_cmake_python_build_ev3_interfaces_egg
-- Install configuration: ""
-- Up-to-date: /home/jacky/Documents/robot_bartender/install/ev3_interfaces/share/ament_index/resource_index/rosidl_interfaces/ev3_interfaces
-- Up-to-date: /home/jacky/Documents/robot_bartender/install/ev3_interfaces/include/ev3_interfaces/ev3_interfaces
-- Up-to-date: /home/jacky/Documents/robot_bartender/install/ev3_interfaces/include/ev3_interfaces/ev3_interfaces/srv
-- Up-to-date: /home/jacky/Documents/robot_bartender/install/ev3_interfaces/include/ev3_interfaces/ev3_interfaces/srv/detail
-- Up-to-date: /home/jacky/Documents/robot_bartender/install/ev3_interfaces/include/ev3_interfaces/ev3_interfaces/srv/detail/motor_command__functions.c
-- Up-to-date: /home/jacky/Documents/robot_bartender/install/ev3_interfaces/include/ev3_interfaces/ev3_interfaces/srv/detail/motor_command__functions.h
-- Up-to-date: /home/jacky/Documents/robot_bartender/install/ev3_interfaces/include/ev3_interfaces/ev3_interfaces/srv/detail/motor_command__type_support.h
-- Up-to-date: /home/jacky/Documents/robot_bartender/install/ev3_interfaces/include/ev3_interfaces/ev3_interfaces/srv/detail/motor_command__struct.h
-- Up-to-date: /home/jacky/Documents/robot_bartender/install/ev3_interfaces/include/ev3_interfaces/ev3_interfaces/srv/motor_command.h
-- Up-to-date: /home/jacky/Documents/robot_bartender/install/ev3_interfaces/include/ev3_interfaces/ev3_interfaces/msg
-- Up-to-date: /home/jacky/Documents/robot_bartender/install/ev3_interfaces/include/ev3_interfaces/ev3_interfaces/msg/rosidl_generator_c__visibility_control.h
-- Up-to-date: /home/jacky/Documents/robot_bartender/install/ev3_interfaces/share/ev3_interfaces/environment/library_path.sh
-- Up-to-date: /home/jacky/Documents/robot_bartender/install/ev3_interfaces/share/ev3_interfaces/environment/library_path.dsv
-- Up-to-date: /home/jacky/Documents/robot_bartender/install/ev3_interfaces/lib/libev3_interfaces__rosidl_generator_c.so
-- Up-to-date: /home/jacky/Documents/robot_bartender/install/ev3_interfaces/include/ev3_interfaces/ev3_interfaces
-- Up-to-date: /home/jacky/Documents/robot_bartender/install/ev3_interfaces/include/ev3_interfaces/ev3_interfaces/srv
-- Up-to-date: /home/jacky/Documents/robot_bartender/install/ev3_interfaces/include/ev3_interfaces/ev3_interfaces/srv/detail
-- Up-to-date: /home/jacky/Documents/robot_bartender/install/ev3_interfaces/include/ev3_interfaces/ev3_interfaces/srv/detail/motor_command__rosidl_typesupport_fastrtps_c.h
-- Up-to-date: /home/jacky/Documents/robot_bartender/install/ev3_interfaces/include/ev3_interfaces/ev3_interfaces/msg
-- Up-to-date: /home/jacky/Documents/robot_bartender/install/ev3_interfaces/include/ev3_interfaces/ev3_interfaces/msg/rosidl_typesupport_fastrtps_c__visibility_control.h
-- Up-to-date: /home/jacky/Documents/robot_bartender/install/ev3_interfaces/lib/libev3_interfaces__rosidl_typesupport_fastrtps_c.so
-- Up-to-date: /home/jacky/Documents/robot_bartender/install/ev3_interfaces/include/ev3_interfaces/ev3_interfaces
-- Up-to-date: /home/jacky/Documents/robot_bartender/install/ev3_interfaces/include/ev3_interfaces/ev3_interfaces/srv
-- Up-to-date: /home/jacky/Documents/robot_bartender/install/ev3_interfaces/include/ev3_interfaces/ev3_interfaces/srv/detail
-- Up-to-date: /home/jacky/Documents/robot_bartender/install/ev3_interfaces/include/ev3_interfaces/ev3_interfaces/srv/detail/motor_command__type_support.c
-- Up-to-date: /home/jacky/Documents/robot_bartender/install/ev3_interfaces/include/ev3_interfaces/ev3_interfaces/srv/detail/motor_command__rosidl_typesupport_introspection_c.h
-- Up-to-date: /home/jacky/Documents/robot_bartender/install/ev3_interfaces/include/ev3_interfaces/ev3_interfaces/msg
-- Up-to-date: /home/jacky/Documents/robot_bartender/install/ev3_interfaces/include/ev3_interfaces/ev3_interfaces/msg/rosidl_typesupport_introspection_c__visibility_control.h
-- Up-to-date: /home/jacky/Documents/robot_bartender/install/ev3_interfaces/lib/libev3_interfaces__rosidl_typesupport_introspection_c.so
-- Up-to-date: /home/jacky/Documents/robot_bartender/install/ev3_interfaces/lib/libev3_interfaces__rosidl_typesupport_c.so
-- Up-to-date: /home/jacky/Documents/robot_bartender/install/ev3_interfaces/include/ev3_interfaces/ev3_interfaces
-- Up-to-date: /home/jacky/Documents/robot_bartender/install/ev3_interfaces/include/ev3_interfaces/ev3_interfaces/srv
-- Up-to-date: /home/jacky/Documents/robot_bartender/install/ev3_interfaces/include/ev3_interfaces/ev3_interfaces/srv/detail
-- Up-to-date: /home/jacky/Documents/robot_bartender/install/ev3_interfaces/include/ev3_interfaces/ev3_interfaces/srv/detail/motor_command__traits.hpp
-- Up-to-date: /home/jacky/Documents/robot_bartender/install/ev3_interfaces/include/ev3_interfaces/ev3_interfaces/srv/detail/motor_command__type_support.hpp
-- Up-to-date: /home/jacky/Documents/robot_bartender/install/ev3_interfaces/include/ev3_interfaces/ev3_interfaces/srv/detail/motor_command__struct.hpp
-- Up-to-date: /home/jacky/Documents/robot_bartender/install/ev3_interfaces/include/ev3_interfaces/ev3_interfaces/srv/detail/motor_command__builder.hpp
-- Up-to-date: /home/jacky/Documents/robot_bartender/install/ev3_interfaces/include/ev3_interfaces/ev3_interfaces/srv/motor_command.hpp
-- Up-to-date: /home/jacky/Documents/robot_bartender/install/ev3_interfaces/include/ev3_interfaces/ev3_interfaces/msg
-- Up-to-date: /home/jacky/Documents/robot_bartender/install/ev3_interfaces/include/ev3_interfaces/ev3_interfaces/msg/rosidl_generator_cpp__visibility_control.hpp
-- Up-to-date: /home/jacky/Documents/robot_bartender/install/ev3_interfaces/include/ev3_interfaces/ev3_interfaces
-- Up-to-date: /home/jacky/Documents/robot_bartender/install/ev3_interfaces/include/ev3_interfaces/ev3_interfaces/srv
-- Up-to-date: /home/jacky/Documents/robot_bartender/install/ev3_interfaces/include/ev3_interfaces/ev3_interfaces/srv/detail
-- Up-to-date: /home/jacky/Documents/robot_bartender/install/ev3_interfaces/include/ev3_interfaces/ev3_interfaces/srv/detail/motor_command__rosidl_typesupport_fastrtps_cpp.hpp
-- Up-to-date: /home/jacky/Documents/robot_bartender/install/ev3_interfaces/include/ev3_interfaces/ev3_interfaces/srv/detail/dds_fastrtps
-- Up-to-date: /home/jacky/Documents/robot_bartender/install/ev3_interfaces/include/ev3_interfaces/ev3_interfaces/msg
-- Up-to-date: /home/jacky/Documents/robot_bartender/install/ev3_interfaces/include/ev3_interfaces/ev3_interfaces/msg/rosidl_typesupport_fastrtps_cpp__visibility_control.h
-- Up-to-date: /home/jacky/Documents/robot_bartender/install/ev3_interfaces/lib/libev3_interfaces__rosidl_typesupport_fastrtps_cpp.so
-- Up-to-date: /home/jacky/Documents/robot_bartender/install/ev3_interfaces/include/ev3_interfaces/ev3_interfaces
-- Up-to-date: /home/jacky/Documents/robot_bartender/install/ev3_interfaces/include/ev3_interfaces/ev3_interfaces/srv
-- Up-to-date: /home/jacky/Documents/robot_bartender/install/ev3_interfaces/include/ev3_interfaces/ev3_interfaces/srv/detail
-- Up-to-date: /home/jacky/Documents/robot_bartender/install/ev3_interfaces/include/ev3_interfaces/ev3_interfaces/srv/detail/motor_command__type_support.cpp
-- Up-to-date: /home/jacky/Documents/robot_bartender/install/ev3_interfaces/include/ev3_interfaces/ev3_interfaces/srv/detail/motor_command__rosidl_typesupport_introspection_cpp.hpp
-- Up-to-date: /home/jacky/Documents/robot_bartender/install/ev3_interfaces/lib/libev3_interfaces__rosidl_typesupport_introspection_cpp.so
-- Up-to-date: /home/jacky/Documents/robot_bartender/install/ev3_interfaces/lib/libev3_interfaces__rosidl_typesupport_cpp.so
-- Up-to-date: /home/jacky/Documents/robot_bartender/install/ev3_interfaces/share/ev3_interfaces/environment/pythonpath.sh
-- Up-to-date: /home/jacky/Documents/robot_bartender/install/ev3_interfaces/share/ev3_interfaces/environment/pythonpath.dsv
-- Up-to-date: /home/jacky/Documents/robot_bartender/install/ev3_interfaces/local/lib/python3.10/dist-packages/ev3_interfaces-0.0.0-py3.10.egg-info
-- Installing: /home/jacky/Documents/robot_bartender/install/ev3_interfaces/local/lib/python3.10/dist-packages/ev3_interfaces-0.0.0-py3.10.egg-info/SOURCES.txt
-- Installing: /home/jacky/Documents/robot_bartender/install/ev3_interfaces/local/lib/python3.10/dist-packages/ev3_interfaces-0.0.0-py3.10.egg-info/PKG-INFO
-- Installing: /home/jacky/Documents/robot_bartender/install/ev3_interfaces/local/lib/python3.10/dist-packages/ev3_interfaces-0.0.0-py3.10.egg-info/top_level.txt
-- Installing: /home/jacky/Documents/robot_bartender/install/ev3_interfaces/local/lib/python3.10/dist-packages/ev3_interfaces-0.0.0-py3.10.egg-info/dependency_links.txt
-- Up-to-date: /home/jacky/Documents/robot_bartender/install/ev3_interfaces/local/lib/python3.10/dist-packages/ev3_interfaces
-- Up-to-date: /home/jacky/Documents/robot_bartender/install/ev3_interfaces/local/lib/python3.10/dist-packages/ev3_interfaces/_ev3_interfaces_s.ep.rosidl_typesupport_fastrtps_c.c
-- Up-to-date: /home/jacky/Documents/robot_bartender/install/ev3_interfaces/local/lib/python3.10/dist-packages/ev3_interfaces/_ev3_interfaces_s.ep.rosidl_typesupport_c.c
-- Up-to-date: /home/jacky/Documents/robot_bartender/install/ev3_interfaces/local/lib/python3.10/dist-packages/ev3_interfaces/libev3_interfaces__rosidl_generator_py.so
-- Up-to-date: /home/jacky/Documents/robot_bartender/install/ev3_interfaces/local/lib/python3.10/dist-packages/ev3_interfaces/_ev3_interfaces_s.ep.rosidl_typesupport_introspection_c.c
-- Up-to-date: /home/jacky/Documents/robot_bartender/install/ev3_interfaces/local/lib/python3.10/dist-packages/ev3_interfaces/__init__.py
-- Up-to-date: /home/jacky/Documents/robot_bartender/install/ev3_interfaces/local/lib/python3.10/dist-packages/ev3_interfaces/ev3_interfaces_s__rosidl_typesupport_fastrtps_c.cpython-310-x86_64-linux-gnu.so
-- Up-to-date: /home/jacky/Documents/robot_bartender/install/ev3_interfaces/local/lib/python3.10/dist-packages/ev3_interfaces/ev3_interfaces_s__rosidl_typesupport_introspection_c.cpython-310-x86_64-linux-gnu.so
-- Up-to-date: /home/jacky/Documents/robot_bartender/install/ev3_interfaces/local/lib/python3.10/dist-packages/ev3_interfaces/srv
-- Up-to-date: /home/jacky/Documents/robot_bartender/install/ev3_interfaces/local/lib/python3.10/dist-packages/ev3_interfaces/srv/_motor_command.py
-- Up-to-date: /home/jacky/Documents/robot_bartender/install/ev3_interfaces/local/lib/python3.10/dist-packages/ev3_interfaces/srv/_motor_command_s.c
-- Up-to-date: /home/jacky/Documents/robot_bartender/install/ev3_interfaces/local/lib/python3.10/dist-packages/ev3_interfaces/srv/__init__.py
-- Up-to-date: /home/jacky/Documents/robot_bartender/install/ev3_interfaces/local/lib/python3.10/dist-packages/ev3_interfaces/ev3_interfaces_s__rosidl_typesupport_c.cpython-310-x86_64-linux-gnu.so
Listing '/home/jacky/Documents/robot_bartender/install/ev3_interfaces/local/lib/python3.10/dist-packages/ev3_interfaces'...
Listing '/home/jacky/Documents/robot_bartender/install/ev3_interfaces/local/lib/python3.10/dist-packages/ev3_interfaces/srv'...
-- Up-to-date: /home/jacky/Documents/robot_bartender/install/ev3_interfaces/local/lib/python3.10/dist-packages/ev3_interfaces/ev3_interfaces_s__rosidl_typesupport_fastrtps_c.cpython-310-x86_64-linux-gnu.so
-- Up-to-date: /home/jacky/Documents/robot_bartender/install/ev3_interfaces/local/lib/python3.10/dist-packages/ev3_interfaces/ev3_interfaces_s__rosidl_typesupport_introspection_c.cpython-310-x86_64-linux-gnu.so
-- Up-to-date: /home/jacky/Documents/robot_bartender/install/ev3_interfaces/local/lib/python3.10/dist-packages/ev3_interfaces/ev3_interfaces_s__rosidl_typesupport_c.cpython-310-x86_64-linux-gnu.so
-- Up-to-date: /home/jacky/Documents/robot_bartender/install/ev3_interfaces/lib/libev3_interfaces__rosidl_generator_py.so
-- Up-to-date: /home/jacky/Documents/robot_bartender/install/ev3_interfaces/share/ev3_interfaces/srv/MotorCommand.idl
-- Up-to-date: /home/jacky/Documents/robot_bartender/install/ev3_interfaces/share/ev3_interfaces/srv/MotorCommand.srv
-- Up-to-date: /home/jacky/Documents/robot_bartender/install/ev3_interfaces/share/ev3_interfaces/srv/MotorCommand_Request.msg
-- Up-to-date: /home/jacky/Documents/robot_bartender/install/ev3_interfaces/share/ev3_interfaces/srv/MotorCommand_Response.msg
-- Up-to-date: /home/jacky/Documents/robot_bartender/install/ev3_interfaces/share/ament_index/resource_index/package_run_dependencies/ev3_interfaces
-- Up-to-date: /home/jacky/Documents/robot_bartender/install/ev3_interfaces/share/ament_index/resource_index/parent_prefix_path/ev3_interfaces
-- Up-to-date: /home/jacky/Documents/robot_bartender/install/ev3_interfaces/share/ev3_interfaces/environment/ament_prefix_path.sh
-- Up-to-date: /home/jacky/Documents/robot_bartender/install/ev3_interfaces/share/ev3_interfaces/environment/ament_prefix_path.dsv
-- Up-to-date: /home/jacky/Documents/robot_bartender/install/ev3_interfaces/share/ev3_interfaces/environment/path.sh
-- Up-to-date: /home/jacky/Documents/robot_bartender/install/ev3_interfaces/share/ev3_interfaces/environment/path.dsv
-- Up-to-date: /home/jacky/Documents/robot_bartender/install/ev3_interfaces/share/ev3_interfaces/local_setup.bash
-- Up-to-date: /home/jacky/Documents/robot_bartender/install/ev3_interfaces/share/ev3_interfaces/local_setup.sh
-- Up-to-date: /home/jacky/Documents/robot_bartender/install/ev3_interfaces/share/ev3_interfaces/local_setup.zsh
-- Up-to-date: /home/jacky/Documents/robot_bartender/install/ev3_interfaces/share/ev3_interfaces/local_setup.dsv
-- Installing: /home/jacky/Documents/robot_bartender/install/ev3_interfaces/share/ev3_interfaces/package.dsv
-- Up-to-date: /home/jacky/Documents/robot_bartender/install/ev3_interfaces/share/ament_index/resource_index/packages/ev3_interfaces
-- Up-to-date: /home/jacky/Documents/robot_bartender/install/ev3_interfaces/share/ev3_interfaces/cmake/export_ev3_interfaces__rosidl_generator_cExport.cmake
-- Up-to-date: /home/jacky/Documents/robot_bartender/install/ev3_interfaces/share/ev3_interfaces/cmake/export_ev3_interfaces__rosidl_generator_cExport-noconfig.cmake
-- Up-to-date: /home/jacky/Documents/robot_bartender/install/ev3_interfaces/share/ev3_interfaces/cmake/export_ev3_interfaces__rosidl_typesupport_fastrtps_cExport.cmake
-- Up-to-date: /home/jacky/Documents/robot_bartender/install/ev3_interfaces/share/ev3_interfaces/cmake/export_ev3_interfaces__rosidl_typesupport_fastrtps_cExport-noconfig.cmake
-- Up-to-date: /home/jacky/Documents/robot_bartender/install/ev3_interfaces/share/ev3_interfaces/cmake/ev3_interfaces__rosidl_typesupport_introspection_cExport.cmake
-- Up-to-date: /home/jacky/Documents/robot_bartender/install/ev3_interfaces/share/ev3_interfaces/cmake/ev3_interfaces__rosidl_typesupport_introspection_cExport-noconfig.cmake
-- Up-to-date: /home/jacky/Documents/robot_bartender/install/ev3_interfaces/share/ev3_interfaces/cmake/ev3_interfaces__rosidl_typesupport_cExport.cmake
-- Up-to-date: /home/jacky/Documents/robot_bartender/install/ev3_interfaces/share/ev3_interfaces/cmake/ev3_interfaces__rosidl_typesupport_cExport-noconfig.cmake
-- Up-to-date: /home/jacky/Documents/robot_bartender/install/ev3_interfaces/share/ev3_interfaces/cmake/export_ev3_interfaces__rosidl_generator_cppExport.cmake
-- Up-to-date: /home/jacky/Documents/robot_bartender/install/ev3_interfaces/share/ev3_interfaces/cmake/export_ev3_interfaces__rosidl_typesupport_fastrtps_cppExport.cmake
-- Up-to-date: /home/jacky/Documents/robot_bartender/install/ev3_interfaces/share/ev3_interfaces/cmake/export_ev3_interfaces__rosidl_typesupport_fastrtps_cppExport-noconfig.cmake
-- Up-to-date: /home/jacky/Documents/robot_bartender/install/ev3_interfaces/share/ev3_interfaces/cmake/ev3_interfaces__rosidl_typesupport_introspection_cppExport.cmake
-- Up-to-date: /home/jacky/Documents/robot_bartender/install/ev3_interfaces/share/ev3_interfaces/cmake/ev3_interfaces__rosidl_typesupport_introspection_cppExport-noconfig.cmake
-- Up-to-date: /home/jacky/Documents/robot_bartender/install/ev3_interfaces/share/ev3_interfaces/cmake/ev3_interfaces__rosidl_typesupport_cppExport.cmake
-- Up-to-date: /home/jacky/Documents/robot_bartender/install/ev3_interfaces/share/ev3_interfaces/cmake/ev3_interfaces__rosidl_typesupport_cppExport-noconfig.cmake
-- Up-to-date: /home/jacky/Documents/robot_bartender/install/ev3_interfaces/share/ev3_interfaces/cmake/export_ev3_interfaces__rosidl_generator_pyExport.cmake
-- Up-to-date: /home/jacky/Documents/robot_bartender/install/ev3_interfaces/share/ev3_interfaces/cmake/export_ev3_interfaces__rosidl_generator_pyExport-noconfig.cmake
-- Up-to-date: /home/jacky/Documents/robot_bartender/install/ev3_interfaces/share/ev3_interfaces/cmake/rosidl_cmake-extras.cmake
-- Up-to-date: /home/jacky/Documents/robot_bartender/install/ev3_interfaces/share/ev3_interfaces/cmake/ament_cmake_export_include_directories-extras.cmake
-- Up-to-date: /home/jacky/Documents/robot_bartender/install/ev3_interfaces/share/ev3_interfaces/cmake/ament_cmake_export_libraries-extras.cmake
-- Up-to-date: /home/jacky/Documents/robot_bartender/install/ev3_interfaces/share/ev3_interfaces/cmake/ament_cmake_export_targets-extras.cmake
-- Up-to-date: /home/jacky/Documents/robot_bartender/install/ev3_interfaces/share/ev3_interfaces/cmake/rosidl_cmake_export_typesupport_targets-extras.cmake
-- Up-to-date: /home/jacky/Documents/robot_bartender/install/ev3_interfaces/share/ev3_interfaces/cmake/ament_cmake_export_dependencies-extras.cmake
-- Up-to-date: /home/jacky/Documents/robot_bartender/install/ev3_interfaces/share/ev3_interfaces/cmake/rosidl_cmake_export_typesupport_libraries-extras.cmake
-- Up-to-date: /home/jacky/Documents/robot_bartender/install/ev3_interfaces/share/ev3_interfaces/cmake/ev3_interfacesConfig.cmake
-- Up-to-date: /home/jacky/Documents/robot_bartender/install/ev3_interfaces/share/ev3_interfaces/cmake/ev3_interfacesConfig-version.cmake
-- Up-to-date: /home/jacky/Documents/robot_bartender/install/ev3_interfaces/share/ev3_interfaces/package.xml
