[0.006s] Invoking command in '/home/jacky/Documents/robot_bartender/build/ev3_interfaces': CMAKE_PREFIX_PATH=/home/jacky/Documents/robot_bartender/install/ev3_mqtt_bridge:/home/jacky/Documents/robot_bartender/install/camera:/opt/ros/humble /usr/bin/cmake /home/jacky/Documents/robot_bartender/src/ev3_interfaces -DCMAKE_INSTALL_PREFIX=/home/jacky/Documents/robot_bartender/install/ev3_interfaces
[0.013s] -- Found ament_cmake: 1.3.11 (/opt/ros/humble/share/ament_cmake/cmake)
[0.087s] -- Found rosidl_default_generators: 1.2.0 (/opt/ros/humble/share/rosidl_default_generators/cmake)
[0.088s] -- Using all available rosidl_typesupport_c: rosidl_typesupport_fastrtps_c;rosidl_typesupport_introspection_c
[0.090s] -- Found rosidl_adapter: 3.1.6 (/opt/ros/humble/share/rosidl_adapter/cmake)
[0.106s] -- Using all available rosidl_typesupport_cpp: rosidl_typesupport_fastrtps_cpp;rosidl_typesupport_introspection_cpp
[0.120s] -- Found ament_lint_auto: 0.12.12 (/opt/ros/humble/share/ament_lint_auto/cmake)
[0.275s] -- Found ament_cmake_ros: 0.10.0 (/opt/ros/humble/share/ament_cmake_ros/cmake)
[0.387s] -- Using all available rosidl_typesupport_c: rosidl_typesupport_fastrtps_c;rosidl_typesupport_introspection_c
[0.541s] -- Using all available rosidl_typesupport_cpp: rosidl_typesupport_fastrtps_cpp;rosidl_typesupport_introspection_cpp
[0.557s] -- Found PythonInterp: /usr/bin/python3 (found suitable version "3.10.12", minimum required is "3.6") 
[0.558s] -- Found python_cmake_module: 0.10.0 (/opt/ros/humble/share/python_cmake_module/cmake)
[0.575s] -- Found PythonLibs: /usr/lib/x86_64-linux-gnu/libpython3.10.so (found suitable version "3.10.12", minimum required is "3.5") 
[0.575s] -- Using PYTHON_EXECUTABLE: /usr/bin/python3
[0.575s] -- Using PYTHON_INCLUDE_DIRS: /usr/include/python3.10
[0.575s] -- Using PYTHON_LIBRARIES: /usr/lib/x86_64-linux-gnu/libpython3.10.so
[0.587s] -- Found PythonExtra: .so  
[0.609s] -- Added test 'lint_cmake' to check CMake code style
[0.610s] -- Added test 'xmllint' to check XML markup files
[0.615s] -- Configuring done
[0.630s] -- Generating done
[0.636s] -- Build files have been written to: /home/jacky/Documents/robot_bartender/build/ev3_interfaces
[0.641s] Invoked command in '/home/jacky/Documents/robot_bartender/build/ev3_interfaces' returned '0': CMAKE_PREFIX_PATH=/home/jacky/Documents/robot_bartender/install/ev3_mqtt_bridge:/home/jacky/Documents/robot_bartender/install/camera:/opt/ros/humble /usr/bin/cmake /home/jacky/Documents/robot_bartender/src/ev3_interfaces -DCMAKE_INSTALL_PREFIX=/home/jacky/Documents/robot_bartender/install/ev3_interfaces
[0.641s] Invoking command in '/home/jacky/Documents/robot_bartender/build/ev3_interfaces': CMAKE_PREFIX_PATH=/home/jacky/Documents/robot_bartender/install/ev3_mqtt_bridge:/home/jacky/Documents/robot_bartender/install/camera:/opt/ros/humble /usr/bin/cmake --build /home/jacky/Documents/robot_bartender/build/ev3_interfaces -- -j16 -l16
[0.664s] [  3%] [34m[1mGenerating C code for ROS interfaces[0m
[0.670s] [  6%] [34m[1mGenerating C++ code for ROS interfaces[0m
[0.674s] [  6%] Built target ament_cmake_python_copy_ev3_interfaces
[0.827s] running egg_info
[0.827s] creating ev3_interfaces.egg-info
[0.827s] writing ev3_interfaces.egg-info/PKG-INFO
[0.827s] writing dependency_links to ev3_interfaces.egg-info/dependency_links.txt
[0.827s] writing top-level names to ev3_interfaces.egg-info/top_level.txt
[0.828s] writing manifest file 'ev3_interfaces.egg-info/SOURCES.txt'
[0.829s] reading manifest file 'ev3_interfaces.egg-info/SOURCES.txt'
[0.829s] writing manifest file 'ev3_interfaces.egg-info/SOURCES.txt'
[0.846s] [  6%] Built target ament_cmake_python_build_ev3_interfaces_egg
[0.869s] [  6%] Built target ev3_interfaces__cpp
[0.870s] [  9%] [32mBuilding C object CMakeFiles/ev3_interfaces__rosidl_generator_c.dir/rosidl_generator_c/ev3_interfaces/srv/detail/motor_command__functions.c.o[0m
[0.875s] [ 12%] [34m[1mGenerating C++ type support dispatch for ROS interfaces[0m
[0.875s] [ 16%] [34m[1mGenerating C++ type support for eProsima Fast-RTPS[0m
[0.875s] [ 19%] [34m[1mGenerating C++ introspection for ROS interfaces[0m
[0.909s] [ 22%] [32m[1mLinking C shared library libev3_interfaces__rosidl_generator_c.so[0m
[0.932s] [ 22%] Built target ev3_interfaces__rosidl_generator_c
[0.938s] [ 32%] [34m[1mGenerating C introspection for ROS interfaces[0m
[0.938s] [ 32%] [34m[1mGenerating C type support dispatch for ROS interfaces[0m
[0.938s] [ 32%] [34m[1mGenerating C type support for eProsima Fast-RTPS[0m
[1.056s] [ 35%] [32mBuilding CXX object CMakeFiles/ev3_interfaces__rosidl_typesupport_cpp.dir/rosidl_typesupport_cpp/ev3_interfaces/srv/motor_command__type_support.cpp.o[0m
[1.070s] [ 38%] [32mBuilding CXX object CMakeFiles/ev3_interfaces__rosidl_typesupport_introspection_cpp.dir/rosidl_typesupport_introspection_cpp/ev3_interfaces/srv/detail/motor_command__type_support.cpp.o[0m
[1.084s] [ 41%] [32mBuilding CXX object CMakeFiles/ev3_interfaces__rosidl_typesupport_fastrtps_cpp.dir/rosidl_typesupport_fastrtps_cpp/ev3_interfaces/srv/detail/dds_fastrtps/motor_command__type_support.cpp.o[0m
[1.120s] [ 45%] [32mBuilding CXX object CMakeFiles/ev3_interfaces__rosidl_typesupport_c.dir/rosidl_typesupport_c/ev3_interfaces/srv/motor_command__type_support.cpp.o[0m
[1.139s] [ 48%] [32mBuilding C object CMakeFiles/ev3_interfaces__rosidl_typesupport_introspection_c.dir/rosidl_typesupport_introspection_c/ev3_interfaces/srv/detail/motor_command__type_support.c.o[0m
[1.139s] [ 51%] [32m[1mLinking CXX shared library libev3_interfaces__rosidl_typesupport_c.so[0m
[1.142s] [ 54%] [32mBuilding CXX object CMakeFiles/ev3_interfaces__rosidl_typesupport_fastrtps_c.dir/rosidl_typesupport_fastrtps_c/ev3_interfaces/srv/detail/motor_command__type_support_c.cpp.o[0m
[1.162s] [ 58%] [32m[1mLinking C shared library libev3_interfaces__rosidl_typesupport_introspection_c.so[0m
[1.164s] [ 58%] Built target ev3_interfaces__rosidl_typesupport_c
[1.181s] [ 58%] Built target ev3_interfaces__rosidl_typesupport_introspection_c
[1.220s] [ 61%] [32m[1mLinking CXX shared library libev3_interfaces__rosidl_typesupport_cpp.so[0m
[1.246s] [ 61%] Built target ev3_interfaces__rosidl_typesupport_cpp
[1.300s] [ 64%] [32m[1mLinking CXX shared library libev3_interfaces__rosidl_typesupport_introspection_cpp.so[0m
[1.336s] [ 67%] [32m[1mLinking CXX shared library libev3_interfaces__rosidl_typesupport_fastrtps_cpp.so[0m
[1.338s] [ 67%] Built target ev3_interfaces__rosidl_typesupport_introspection_cpp
[1.351s] [ 70%] [32m[1mLinking CXX shared library libev3_interfaces__rosidl_typesupport_fastrtps_c.so[0m
[1.384s] [ 70%] Built target ev3_interfaces__rosidl_typesupport_fastrtps_cpp
[1.399s] [ 70%] Built target ev3_interfaces__rosidl_typesupport_fastrtps_c
[1.410s] [ 70%] Built target ev3_interfaces
[1.421s] [ 74%] [34m[1mGenerating Python code for ROS interfaces[0m
[1.707s] [ 74%] Built target ev3_interfaces__py
[1.718s] [ 77%] [32mBuilding C object CMakeFiles/ev3_interfaces__rosidl_generator_py.dir/rosidl_generator_py/ev3_interfaces/srv/_motor_command_s.c.o[0m
[1.783s] [ 80%] [32m[1mLinking C shared library rosidl_generator_py/ev3_interfaces/libev3_interfaces__rosidl_generator_py.so[0m
[1.809s] [ 80%] Built target ev3_interfaces__rosidl_generator_py
[1.834s] [ 83%] [32mBuilding C object CMakeFiles/ev3_interfaces__rosidl_typesupport_fastrtps_c__pyext.dir/rosidl_generator_py/ev3_interfaces/_ev3_interfaces_s.ep.rosidl_typesupport_fastrtps_c.c.o[0m
[1.834s] [ 87%] [32mBuilding C object CMakeFiles/ev3_interfaces__rosidl_typesupport_introspection_c__pyext.dir/rosidl_generator_py/ev3_interfaces/_ev3_interfaces_s.ep.rosidl_typesupport_introspection_c.c.o[0m
[1.834s] [ 90%] [32mBuilding C object CMakeFiles/ev3_interfaces__rosidl_typesupport_c__pyext.dir/rosidl_generator_py/ev3_interfaces/_ev3_interfaces_s.ep.rosidl_typesupport_c.c.o[0m
[1.890s] [ 96%] [32m[1mLinking C shared library rosidl_generator_py/ev3_interfaces/ev3_interfaces_s__rosidl_typesupport_c.cpython-310-x86_64-linux-gnu.so[0m
[1.890s] [ 96%] [32m[1mLinking C shared library rosidl_generator_py/ev3_interfaces/ev3_interfaces_s__rosidl_typesupport_introspection_c.cpython-310-x86_64-linux-gnu.so[0m
[1.891s] [100%] [32m[1mLinking C shared library rosidl_generator_py/ev3_interfaces/ev3_interfaces_s__rosidl_typesupport_fastrtps_c.cpython-310-x86_64-linux-gnu.so[0m
[1.910s] [100%] Built target ev3_interfaces__rosidl_typesupport_introspection_c__pyext
[1.910s] [100%] Built target ev3_interfaces__rosidl_typesupport_c__pyext
[1.910s] [100%] Built target ev3_interfaces__rosidl_typesupport_fastrtps_c__pyext
[1.917s] Invoked command in '/home/jacky/Documents/robot_bartender/build/ev3_interfaces' returned '0': CMAKE_PREFIX_PATH=/home/jacky/Documents/robot_bartender/install/ev3_mqtt_bridge:/home/jacky/Documents/robot_bartender/install/camera:/opt/ros/humble /usr/bin/cmake --build /home/jacky/Documents/robot_bartender/build/ev3_interfaces -- -j16 -l16
[1.923s] Invoking command in '/home/jacky/Documents/robot_bartender/build/ev3_interfaces': CMAKE_PREFIX_PATH=/home/jacky/Documents/robot_bartender/install/ev3_mqtt_bridge:/home/jacky/Documents/robot_bartender/install/camera:/opt/ros/humble /usr/bin/cmake --install /home/jacky/Documents/robot_bartender/build/ev3_interfaces
[1.927s] -- Install configuration: ""
[1.927s] -- Installing: /home/jacky/Documents/robot_bartender/install/ev3_interfaces/share/ament_index/resource_index/rosidl_interfaces/ev3_interfaces
[1.927s] -- Installing: /home/jacky/Documents/robot_bartender/install/ev3_interfaces/include/ev3_interfaces/ev3_interfaces
[1.927s] -- Installing: /home/jacky/Documents/robot_bartender/install/ev3_interfaces/include/ev3_interfaces/ev3_interfaces/srv
[1.927s] -- Installing: /home/jacky/Documents/robot_bartender/install/ev3_interfaces/include/ev3_interfaces/ev3_interfaces/srv/detail
[1.927s] -- Installing: /home/jacky/Documents/robot_bartender/install/ev3_interfaces/include/ev3_interfaces/ev3_interfaces/srv/detail/motor_command__functions.c
[1.927s] -- Installing: /home/jacky/Documents/robot_bartender/install/ev3_interfaces/include/ev3_interfaces/ev3_interfaces/srv/detail/motor_command__functions.h
[1.927s] -- Installing: /home/jacky/Documents/robot_bartender/install/ev3_interfaces/include/ev3_interfaces/ev3_interfaces/srv/detail/motor_command__type_support.h
[1.928s] -- Installing: /home/jacky/Documents/robot_bartender/install/ev3_interfaces/include/ev3_interfaces/ev3_interfaces/srv/detail/motor_command__struct.h
[1.928s] -- Installing: /home/jacky/Documents/robot_bartender/install/ev3_interfaces/include/ev3_interfaces/ev3_interfaces/srv/motor_command.h
[1.928s] -- Installing: /home/jacky/Documents/robot_bartender/install/ev3_interfaces/include/ev3_interfaces/ev3_interfaces/msg
[1.928s] -- Installing: /home/jacky/Documents/robot_bartender/install/ev3_interfaces/include/ev3_interfaces/ev3_interfaces/msg/rosidl_generator_c__visibility_control.h
[1.928s] -- Installing: /home/jacky/Documents/robot_bartender/install/ev3_interfaces/share/ev3_interfaces/environment/library_path.sh
[1.928s] -- Installing: /home/jacky/Documents/robot_bartender/install/ev3_interfaces/share/ev3_interfaces/environment/library_path.dsv
[1.928s] -- Installing: /home/jacky/Documents/robot_bartender/install/ev3_interfaces/lib/libev3_interfaces__rosidl_generator_c.so
[1.928s] -- Set runtime path of "/home/jacky/Documents/robot_bartender/install/ev3_interfaces/lib/libev3_interfaces__rosidl_generator_c.so" to ""
[1.928s] -- Up-to-date: /home/jacky/Documents/robot_bartender/install/ev3_interfaces/include/ev3_interfaces/ev3_interfaces
[1.928s] -- Up-to-date: /home/jacky/Documents/robot_bartender/install/ev3_interfaces/include/ev3_interfaces/ev3_interfaces/srv
[1.928s] -- Up-to-date: /home/jacky/Documents/robot_bartender/install/ev3_interfaces/include/ev3_interfaces/ev3_interfaces/srv/detail
[1.928s] -- Installing: /home/jacky/Documents/robot_bartender/install/ev3_interfaces/include/ev3_interfaces/ev3_interfaces/srv/detail/motor_command__rosidl_typesupport_fastrtps_c.h
[1.928s] -- Up-to-date: /home/jacky/Documents/robot_bartender/install/ev3_interfaces/include/ev3_interfaces/ev3_interfaces/msg
[1.928s] -- Installing: /home/jacky/Documents/robot_bartender/install/ev3_interfaces/include/ev3_interfaces/ev3_interfaces/msg/rosidl_typesupport_fastrtps_c__visibility_control.h
[1.928s] -- Installing: /home/jacky/Documents/robot_bartender/install/ev3_interfaces/lib/libev3_interfaces__rosidl_typesupport_fastrtps_c.so
[1.928s] -- Set runtime path of "/home/jacky/Documents/robot_bartender/install/ev3_interfaces/lib/libev3_interfaces__rosidl_typesupport_fastrtps_c.so" to ""
[1.928s] -- Up-to-date: /home/jacky/Documents/robot_bartender/install/ev3_interfaces/include/ev3_interfaces/ev3_interfaces
[1.928s] -- Up-to-date: /home/jacky/Documents/robot_bartender/install/ev3_interfaces/include/ev3_interfaces/ev3_interfaces/srv
[1.929s] -- Up-to-date: /home/jacky/Documents/robot_bartender/install/ev3_interfaces/include/ev3_interfaces/ev3_interfaces/srv/detail
[1.929s] -- Installing: /home/jacky/Documents/robot_bartender/install/ev3_interfaces/include/ev3_interfaces/ev3_interfaces/srv/detail/motor_command__type_support.c
[1.929s] -- Installing: /home/jacky/Documents/robot_bartender/install/ev3_interfaces/include/ev3_interfaces/ev3_interfaces/srv/detail/motor_command__rosidl_typesupport_introspection_c.h
[1.929s] -- Up-to-date: /home/jacky/Documents/robot_bartender/install/ev3_interfaces/include/ev3_interfaces/ev3_interfaces/msg
[1.929s] -- Installing: /home/jacky/Documents/robot_bartender/install/ev3_interfaces/include/ev3_interfaces/ev3_interfaces/msg/rosidl_typesupport_introspection_c__visibility_control.h
[1.929s] -- Installing: /home/jacky/Documents/robot_bartender/install/ev3_interfaces/lib/libev3_interfaces__rosidl_typesupport_introspection_c.so
[1.929s] -- Set runtime path of "/home/jacky/Documents/robot_bartender/install/ev3_interfaces/lib/libev3_interfaces__rosidl_typesupport_introspection_c.so" to ""
[1.929s] -- Installing: /home/jacky/Documents/robot_bartender/install/ev3_interfaces/lib/libev3_interfaces__rosidl_typesupport_c.so
[1.929s] -- Set runtime path of "/home/jacky/Documents/robot_bartender/install/ev3_interfaces/lib/libev3_interfaces__rosidl_typesupport_c.so" to ""
[1.929s] -- Up-to-date: /home/jacky/Documents/robot_bartender/install/ev3_interfaces/include/ev3_interfaces/ev3_interfaces
[1.929s] -- Up-to-date: /home/jacky/Documents/robot_bartender/install/ev3_interfaces/include/ev3_interfaces/ev3_interfaces/srv
[1.929s] -- Up-to-date: /home/jacky/Documents/robot_bartender/install/ev3_interfaces/include/ev3_interfaces/ev3_interfaces/srv/detail
[1.929s] -- Installing: /home/jacky/Documents/robot_bartender/install/ev3_interfaces/include/ev3_interfaces/ev3_interfaces/srv/detail/motor_command__traits.hpp
[1.929s] -- Installing: /home/jacky/Documents/robot_bartender/install/ev3_interfaces/include/ev3_interfaces/ev3_interfaces/srv/detail/motor_command__type_support.hpp
[1.929s] -- Installing: /home/jacky/Documents/robot_bartender/install/ev3_interfaces/include/ev3_interfaces/ev3_interfaces/srv/detail/motor_command__struct.hpp
[1.929s] -- Installing: /home/jacky/Documents/robot_bartender/install/ev3_interfaces/include/ev3_interfaces/ev3_interfaces/srv/detail/motor_command__builder.hpp
[1.929s] -- Installing: /home/jacky/Documents/robot_bartender/install/ev3_interfaces/include/ev3_interfaces/ev3_interfaces/srv/motor_command.hpp
[1.929s] -- Up-to-date: /home/jacky/Documents/robot_bartender/install/ev3_interfaces/include/ev3_interfaces/ev3_interfaces/msg
[1.929s] -- Installing: /home/jacky/Documents/robot_bartender/install/ev3_interfaces/include/ev3_interfaces/ev3_interfaces/msg/rosidl_generator_cpp__visibility_control.hpp
[1.929s] -- Up-to-date: /home/jacky/Documents/robot_bartender/install/ev3_interfaces/include/ev3_interfaces/ev3_interfaces
[1.929s] -- Up-to-date: /home/jacky/Documents/robot_bartender/install/ev3_interfaces/include/ev3_interfaces/ev3_interfaces/srv
[1.930s] -- Up-to-date: /home/jacky/Documents/robot_bartender/install/ev3_interfaces/include/ev3_interfaces/ev3_interfaces/srv/detail
[1.930s] -- Installing: /home/jacky/Documents/robot_bartender/install/ev3_interfaces/include/ev3_interfaces/ev3_interfaces/srv/detail/motor_command__rosidl_typesupport_fastrtps_cpp.hpp
[1.930s] -- Installing: /home/jacky/Documents/robot_bartender/install/ev3_interfaces/include/ev3_interfaces/ev3_interfaces/srv/detail/dds_fastrtps
[1.930s] -- Up-to-date: /home/jacky/Documents/robot_bartender/install/ev3_interfaces/include/ev3_interfaces/ev3_interfaces/msg
[1.930s] -- Installing: /home/jacky/Documents/robot_bartender/install/ev3_interfaces/include/ev3_interfaces/ev3_interfaces/msg/rosidl_typesupport_fastrtps_cpp__visibility_control.h
[1.930s] -- Installing: /home/jacky/Documents/robot_bartender/install/ev3_interfaces/lib/libev3_interfaces__rosidl_typesupport_fastrtps_cpp.so
[1.930s] -- Set runtime path of "/home/jacky/Documents/robot_bartender/install/ev3_interfaces/lib/libev3_interfaces__rosidl_typesupport_fastrtps_cpp.so" to ""
[1.930s] -- Up-to-date: /home/jacky/Documents/robot_bartender/install/ev3_interfaces/include/ev3_interfaces/ev3_interfaces
[1.930s] -- Up-to-date: /home/jacky/Documents/robot_bartender/install/ev3_interfaces/include/ev3_interfaces/ev3_interfaces/srv
[1.930s] -- Up-to-date: /home/jacky/Documents/robot_bartender/install/ev3_interfaces/include/ev3_interfaces/ev3_interfaces/srv/detail
[1.930s] -- Installing: /home/jacky/Documents/robot_bartender/install/ev3_interfaces/include/ev3_interfaces/ev3_interfaces/srv/detail/motor_command__type_support.cpp
[1.930s] -- Installing: /home/jacky/Documents/robot_bartender/install/ev3_interfaces/include/ev3_interfaces/ev3_interfaces/srv/detail/motor_command__rosidl_typesupport_introspection_cpp.hpp
[1.930s] -- Installing: /home/jacky/Documents/robot_bartender/install/ev3_interfaces/lib/libev3_interfaces__rosidl_typesupport_introspection_cpp.so
[1.930s] -- Set runtime path of "/home/jacky/Documents/robot_bartender/install/ev3_interfaces/lib/libev3_interfaces__rosidl_typesupport_introspection_cpp.so" to ""
[1.930s] -- Installing: /home/jacky/Documents/robot_bartender/install/ev3_interfaces/lib/libev3_interfaces__rosidl_typesupport_cpp.so
[1.930s] -- Set runtime path of "/home/jacky/Documents/robot_bartender/install/ev3_interfaces/lib/libev3_interfaces__rosidl_typesupport_cpp.so" to ""
[1.930s] -- Installing: /home/jacky/Documents/robot_bartender/install/ev3_interfaces/share/ev3_interfaces/environment/pythonpath.sh
[1.930s] -- Installing: /home/jacky/Documents/robot_bartender/install/ev3_interfaces/share/ev3_interfaces/environment/pythonpath.dsv
[1.930s] -- Installing: /home/jacky/Documents/robot_bartender/install/ev3_interfaces/local/lib/python3.10/dist-packages/ev3_interfaces-0.0.0-py3.10.egg-info
[1.931s] -- Installing: /home/jacky/Documents/robot_bartender/install/ev3_interfaces/local/lib/python3.10/dist-packages/ev3_interfaces-0.0.0-py3.10.egg-info/SOURCES.txt
[1.931s] -- Installing: /home/jacky/Documents/robot_bartender/install/ev3_interfaces/local/lib/python3.10/dist-packages/ev3_interfaces-0.0.0-py3.10.egg-info/PKG-INFO
[1.931s] -- Installing: /home/jacky/Documents/robot_bartender/install/ev3_interfaces/local/lib/python3.10/dist-packages/ev3_interfaces-0.0.0-py3.10.egg-info/top_level.txt
[1.931s] -- Installing: /home/jacky/Documents/robot_bartender/install/ev3_interfaces/local/lib/python3.10/dist-packages/ev3_interfaces-0.0.0-py3.10.egg-info/dependency_links.txt
[1.931s] -- Installing: /home/jacky/Documents/robot_bartender/install/ev3_interfaces/local/lib/python3.10/dist-packages/ev3_interfaces
[1.931s] -- Installing: /home/jacky/Documents/robot_bartender/install/ev3_interfaces/local/lib/python3.10/dist-packages/ev3_interfaces/_ev3_interfaces_s.ep.rosidl_typesupport_fastrtps_c.c
[1.931s] -- Installing: /home/jacky/Documents/robot_bartender/install/ev3_interfaces/local/lib/python3.10/dist-packages/ev3_interfaces/_ev3_interfaces_s.ep.rosidl_typesupport_c.c
[1.931s] -- Installing: /home/jacky/Documents/robot_bartender/install/ev3_interfaces/local/lib/python3.10/dist-packages/ev3_interfaces/libev3_interfaces__rosidl_generator_py.so
[1.931s] -- Installing: /home/jacky/Documents/robot_bartender/install/ev3_interfaces/local/lib/python3.10/dist-packages/ev3_interfaces/_ev3_interfaces_s.ep.rosidl_typesupport_introspection_c.c
[1.931s] -- Installing: /home/jacky/Documents/robot_bartender/install/ev3_interfaces/local/lib/python3.10/dist-packages/ev3_interfaces/__init__.py
[1.931s] -- Installing: /home/jacky/Documents/robot_bartender/install/ev3_interfaces/local/lib/python3.10/dist-packages/ev3_interfaces/ev3_interfaces_s__rosidl_typesupport_fastrtps_c.cpython-310-x86_64-linux-gnu.so
[1.931s] -- Installing: /home/jacky/Documents/robot_bartender/install/ev3_interfaces/local/lib/python3.10/dist-packages/ev3_interfaces/ev3_interfaces_s__rosidl_typesupport_introspection_c.cpython-310-x86_64-linux-gnu.so
[1.931s] -- Installing: /home/jacky/Documents/robot_bartender/install/ev3_interfaces/local/lib/python3.10/dist-packages/ev3_interfaces/srv
[1.931s] -- Installing: /home/jacky/Documents/robot_bartender/install/ev3_interfaces/local/lib/python3.10/dist-packages/ev3_interfaces/srv/_motor_command.py
[1.931s] -- Installing: /home/jacky/Documents/robot_bartender/install/ev3_interfaces/local/lib/python3.10/dist-packages/ev3_interfaces/srv/_motor_command_s.c
[1.931s] -- Installing: /home/jacky/Documents/robot_bartender/install/ev3_interfaces/local/lib/python3.10/dist-packages/ev3_interfaces/srv/__init__.py
[1.931s] -- Installing: /home/jacky/Documents/robot_bartender/install/ev3_interfaces/local/lib/python3.10/dist-packages/ev3_interfaces/ev3_interfaces_s__rosidl_typesupport_c.cpython-310-x86_64-linux-gnu.so
[1.953s] Listing '/home/jacky/Documents/robot_bartender/install/ev3_interfaces/local/lib/python3.10/dist-packages/ev3_interfaces'...
[1.953s] Compiling '/home/jacky/Documents/robot_bartender/install/ev3_interfaces/local/lib/python3.10/dist-packages/ev3_interfaces/__init__.py'...
[1.954s] Listing '/home/jacky/Documents/robot_bartender/install/ev3_interfaces/local/lib/python3.10/dist-packages/ev3_interfaces/srv'...
[1.954s] Compiling '/home/jacky/Documents/robot_bartender/install/ev3_interfaces/local/lib/python3.10/dist-packages/ev3_interfaces/srv/__init__.py'...
[1.954s] Compiling '/home/jacky/Documents/robot_bartender/install/ev3_interfaces/local/lib/python3.10/dist-packages/ev3_interfaces/srv/_motor_command.py'...
[1.956s] -- Installing: /home/jacky/Documents/robot_bartender/install/ev3_interfaces/local/lib/python3.10/dist-packages/ev3_interfaces/ev3_interfaces_s__rosidl_typesupport_fastrtps_c.cpython-310-x86_64-linux-gnu.so
[1.956s] -- Set runtime path of "/home/jacky/Documents/robot_bartender/install/ev3_interfaces/local/lib/python3.10/dist-packages/ev3_interfaces/ev3_interfaces_s__rosidl_typesupport_fastrtps_c.cpython-310-x86_64-linux-gnu.so" to ""
[1.956s] -- Installing: /home/jacky/Documents/robot_bartender/install/ev3_interfaces/local/lib/python3.10/dist-packages/ev3_interfaces/ev3_interfaces_s__rosidl_typesupport_introspection_c.cpython-310-x86_64-linux-gnu.so
[1.957s] -- Set runtime path of "/home/jacky/Documents/robot_bartender/install/ev3_interfaces/local/lib/python3.10/dist-packages/ev3_interfaces/ev3_interfaces_s__rosidl_typesupport_introspection_c.cpython-310-x86_64-linux-gnu.so" to ""
[1.957s] -- Installing: /home/jacky/Documents/robot_bartender/install/ev3_interfaces/local/lib/python3.10/dist-packages/ev3_interfaces/ev3_interfaces_s__rosidl_typesupport_c.cpython-310-x86_64-linux-gnu.so
[1.957s] -- Set runtime path of "/home/jacky/Documents/robot_bartender/install/ev3_interfaces/local/lib/python3.10/dist-packages/ev3_interfaces/ev3_interfaces_s__rosidl_typesupport_c.cpython-310-x86_64-linux-gnu.so" to ""
[1.957s] -- Installing: /home/jacky/Documents/robot_bartender/install/ev3_interfaces/lib/libev3_interfaces__rosidl_generator_py.so
[1.957s] -- Set runtime path of "/home/jacky/Documents/robot_bartender/install/ev3_interfaces/lib/libev3_interfaces__rosidl_generator_py.so" to ""
[1.957s] -- Installing: /home/jacky/Documents/robot_bartender/install/ev3_interfaces/share/ev3_interfaces/srv/MotorCommand.idl
[1.957s] -- Installing: /home/jacky/Documents/robot_bartender/install/ev3_interfaces/share/ev3_interfaces/srv/MotorCommand.srv
[1.957s] -- Installing: /home/jacky/Documents/robot_bartender/install/ev3_interfaces/share/ev3_interfaces/srv/MotorCommand_Request.msg
[1.957s] -- Installing: /home/jacky/Documents/robot_bartender/install/ev3_interfaces/share/ev3_interfaces/srv/MotorCommand_Response.msg
[1.957s] -- Installing: /home/jacky/Documents/robot_bartender/install/ev3_interfaces/share/ament_index/resource_index/package_run_dependencies/ev3_interfaces
[1.957s] -- Installing: /home/jacky/Documents/robot_bartender/install/ev3_interfaces/share/ament_index/resource_index/parent_prefix_path/ev3_interfaces
[1.958s] -- Installing: /home/jacky/Documents/robot_bartender/install/ev3_interfaces/share/ev3_interfaces/environment/ament_prefix_path.sh
[1.958s] -- Installing: /home/jacky/Documents/robot_bartender/install/ev3_interfaces/share/ev3_interfaces/environment/ament_prefix_path.dsv
[1.958s] -- Installing: /home/jacky/Documents/robot_bartender/install/ev3_interfaces/share/ev3_interfaces/environment/path.sh
[1.958s] -- Installing: /home/jacky/Documents/robot_bartender/install/ev3_interfaces/share/ev3_interfaces/environment/path.dsv
[1.958s] -- Installing: /home/jacky/Documents/robot_bartender/install/ev3_interfaces/share/ev3_interfaces/local_setup.bash
[1.958s] -- Installing: /home/jacky/Documents/robot_bartender/install/ev3_interfaces/share/ev3_interfaces/local_setup.sh
[1.958s] -- Installing: /home/jacky/Documents/robot_bartender/install/ev3_interfaces/share/ev3_interfaces/local_setup.zsh
[1.958s] -- Installing: /home/jacky/Documents/robot_bartender/install/ev3_interfaces/share/ev3_interfaces/local_setup.dsv
[1.958s] -- Installing: /home/jacky/Documents/robot_bartender/install/ev3_interfaces/share/ev3_interfaces/package.dsv
[1.958s] -- Installing: /home/jacky/Documents/robot_bartender/install/ev3_interfaces/share/ament_index/resource_index/packages/ev3_interfaces
[1.958s] -- Installing: /home/jacky/Documents/robot_bartender/install/ev3_interfaces/share/ev3_interfaces/cmake/export_ev3_interfaces__rosidl_generator_cExport.cmake
[1.958s] -- Installing: /home/jacky/Documents/robot_bartender/install/ev3_interfaces/share/ev3_interfaces/cmake/export_ev3_interfaces__rosidl_generator_cExport-noconfig.cmake
[1.958s] -- Installing: /home/jacky/Documents/robot_bartender/install/ev3_interfaces/share/ev3_interfaces/cmake/export_ev3_interfaces__rosidl_typesupport_fastrtps_cExport.cmake
[1.958s] -- Installing: /home/jacky/Documents/robot_bartender/install/ev3_interfaces/share/ev3_interfaces/cmake/export_ev3_interfaces__rosidl_typesupport_fastrtps_cExport-noconfig.cmake
[1.958s] -- Installing: /home/jacky/Documents/robot_bartender/install/ev3_interfaces/share/ev3_interfaces/cmake/ev3_interfaces__rosidl_typesupport_introspection_cExport.cmake
[1.958s] -- Installing: /home/jacky/Documents/robot_bartender/install/ev3_interfaces/share/ev3_interfaces/cmake/ev3_interfaces__rosidl_typesupport_introspection_cExport-noconfig.cmake
[1.959s] -- Installing: /home/jacky/Documents/robot_bartender/install/ev3_interfaces/share/ev3_interfaces/cmake/ev3_interfaces__rosidl_typesupport_cExport.cmake
[1.959s] -- Installing: /home/jacky/Documents/robot_bartender/install/ev3_interfaces/share/ev3_interfaces/cmake/ev3_interfaces__rosidl_typesupport_cExport-noconfig.cmake
[1.959s] -- Installing: /home/jacky/Documents/robot_bartender/install/ev3_interfaces/share/ev3_interfaces/cmake/export_ev3_interfaces__rosidl_generator_cppExport.cmake
[1.959s] -- Installing: /home/jacky/Documents/robot_bartender/install/ev3_interfaces/share/ev3_interfaces/cmake/export_ev3_interfaces__rosidl_typesupport_fastrtps_cppExport.cmake
[1.959s] -- Installing: /home/jacky/Documents/robot_bartender/install/ev3_interfaces/share/ev3_interfaces/cmake/export_ev3_interfaces__rosidl_typesupport_fastrtps_cppExport-noconfig.cmake
[1.959s] -- Installing: /home/jacky/Documents/robot_bartender/install/ev3_interfaces/share/ev3_interfaces/cmake/ev3_interfaces__rosidl_typesupport_introspection_cppExport.cmake
[1.959s] -- Installing: /home/jacky/Documents/robot_bartender/install/ev3_interfaces/share/ev3_interfaces/cmake/ev3_interfaces__rosidl_typesupport_introspection_cppExport-noconfig.cmake
[1.959s] -- Installing: /home/jacky/Documents/robot_bartender/install/ev3_interfaces/share/ev3_interfaces/cmake/ev3_interfaces__rosidl_typesupport_cppExport.cmake
[1.959s] -- Installing: /home/jacky/Documents/robot_bartender/install/ev3_interfaces/share/ev3_interfaces/cmake/ev3_interfaces__rosidl_typesupport_cppExport-noconfig.cmake
[1.959s] -- Installing: /home/jacky/Documents/robot_bartender/install/ev3_interfaces/share/ev3_interfaces/cmake/export_ev3_interfaces__rosidl_generator_pyExport.cmake
[1.959s] -- Installing: /home/jacky/Documents/robot_bartender/install/ev3_interfaces/share/ev3_interfaces/cmake/export_ev3_interfaces__rosidl_generator_pyExport-noconfig.cmake
[1.959s] -- Installing: /home/jacky/Documents/robot_bartender/install/ev3_interfaces/share/ev3_interfaces/cmake/rosidl_cmake-extras.cmake
[1.959s] -- Installing: /home/jacky/Documents/robot_bartender/install/ev3_interfaces/share/ev3_interfaces/cmake/ament_cmake_export_include_directories-extras.cmake
[1.959s] -- Installing: /home/jacky/Documents/robot_bartender/install/ev3_interfaces/share/ev3_interfaces/cmake/ament_cmake_export_libraries-extras.cmake
[1.959s] -- Installing: /home/jacky/Documents/robot_bartender/install/ev3_interfaces/share/ev3_interfaces/cmake/ament_cmake_export_targets-extras.cmake
[1.959s] -- Installing: /home/jacky/Documents/robot_bartender/install/ev3_interfaces/share/ev3_interfaces/cmake/rosidl_cmake_export_typesupport_targets-extras.cmake
[1.960s] -- Installing: /home/jacky/Documents/robot_bartender/install/ev3_interfaces/share/ev3_interfaces/cmake/ament_cmake_export_dependencies-extras.cmake
[1.960s] -- Installing: /home/jacky/Documents/robot_bartender/install/ev3_interfaces/share/ev3_interfaces/cmake/rosidl_cmake_export_typesupport_libraries-extras.cmake
[1.960s] -- Installing: /home/jacky/Documents/robot_bartender/install/ev3_interfaces/share/ev3_interfaces/cmake/ev3_interfacesConfig.cmake
[1.960s] -- Installing: /home/jacky/Documents/robot_bartender/install/ev3_interfaces/share/ev3_interfaces/cmake/ev3_interfacesConfig-version.cmake
[1.960s] -- Installing: /home/jacky/Documents/robot_bartender/install/ev3_interfaces/share/ev3_interfaces/package.xml
[1.961s] Invoked command in '/home/jacky/Documents/robot_bartender/build/ev3_interfaces' returned '0': CMAKE_PREFIX_PATH=/home/jacky/Documents/robot_bartender/install/ev3_mqtt_bridge:/home/jacky/Documents/robot_bartender/install/camera:/opt/ros/humble /usr/bin/cmake --install /home/jacky/Documents/robot_bartender/build/ev3_interfaces
