[0.068s] DEBUG:colcon:Command line arguments: ['/usr/bin/colcon', 'build']
[0.068s] DEBUG:colcon:Parsed command line arguments: Namespace(log_base=None, log_level=None, verb_name='build', build_base='build', install_base='install', merge_install=False, symlink_install=False, test_result_base=None, continue_on_error=False, executor='parallel', parallel_workers=16, event_handlers=None, ignore_user_meta=False, metas=['./colcon.meta'], base_paths=['.'], packages_ignore=None, packages_ignore_regex=None, paths=None, packages_up_to=None, packages_up_to_regex=None, packages_above=None, packages_above_and_dependencies=None, packages_above_depth=None, packages_select_by_dep=None, packages_skip_by_dep=None, packages_skip_up_to=None, packages_select_build_failed=False, packages_skip_build_finished=False, packages_select_test_failures=False, packages_skip_test_passed=False, packages_select=None, packages_skip=None, packages_select_regex=None, packages_skip_regex=None, packages_start=None, packages_end=None, allow_overriding=[], cmake_args=None, cmake_target=None, cmake_target_skip_unavailable=False, cmake_clean_cache=False, cmake_clean_first=False, cmake_force_configure=False, ament_cmake_args=None, catkin_cmake_args=None, catkin_skip_building_tests=False, mixin_files=None, mixin=None, verb_parser=<colcon_mixin.mixin.mixin_argument.MixinArgumentDecorator object at 0x747402be2c80>, verb_extension=<colcon_core.verb.build.BuildVerb object at 0x747402be27a0>, main=<bound method BuildVerb.main of <colcon_core.verb.build.BuildVerb object at 0x747402be27a0>>, mixin_verb=('build',))
[0.176s] Level 1:colcon.colcon_core.package_discovery:discover_packages(colcon_meta) check parameters
[0.176s] Level 1:colcon.colcon_core.package_discovery:discover_packages(recursive) check parameters
[0.176s] Level 1:colcon.colcon_core.package_discovery:discover_packages(ignore) check parameters
[0.176s] Level 1:colcon.colcon_core.package_discovery:discover_packages(path) check parameters
[0.176s] Level 1:colcon.colcon_core.package_discovery:discover_packages(colcon_meta) discover
[0.176s] Level 1:colcon.colcon_core.package_discovery:discover_packages(recursive) discover
[0.176s] INFO:colcon.colcon_core.package_discovery:Crawling recursively for packages in '/home/jacky/Documents/robot_bartender'
[0.176s] Level 1:colcon.colcon_core.package_identification:_identify(.) by extensions ['ignore', 'ignore_ament_install']
[0.176s] Level 1:colcon.colcon_core.package_identification:_identify(.) by extension 'ignore'
[0.176s] Level 1:colcon.colcon_core.package_identification:_identify(.) by extension 'ignore_ament_install'
[0.176s] Level 1:colcon.colcon_core.package_identification:_identify(.) by extensions ['colcon_pkg']
[0.176s] Level 1:colcon.colcon_core.package_identification:_identify(.) by extension 'colcon_pkg'
[0.176s] Level 1:colcon.colcon_core.package_identification:_identify(.) by extensions ['colcon_meta']
[0.176s] Level 1:colcon.colcon_core.package_identification:_identify(.) by extension 'colcon_meta'
[0.176s] Level 1:colcon.colcon_core.package_identification:_identify(.) by extensions ['ros']
[0.176s] Level 1:colcon.colcon_core.package_identification:_identify(.) by extension 'ros'
[0.184s] Level 1:colcon.colcon_core.package_identification:_identify(.) by extensions ['cmake', 'python']
[0.184s] Level 1:colcon.colcon_core.package_identification:_identify(.) by extension 'cmake'
[0.184s] Level 1:colcon.colcon_core.package_identification:_identify(.) by extension 'python'
[0.184s] Level 1:colcon.colcon_core.package_identification:_identify(.) by extensions ['python_setup_py']
[0.184s] Level 1:colcon.colcon_core.package_identification:_identify(.) by extension 'python_setup_py'
[0.184s] Level 1:colcon.colcon_core.package_identification:_identify(build) by extensions ['ignore', 'ignore_ament_install']
[0.184s] Level 1:colcon.colcon_core.package_identification:_identify(build) by extension 'ignore'
[0.184s] Level 1:colcon.colcon_core.package_identification:_identify(build) ignored
[0.184s] Level 1:colcon.colcon_core.package_identification:_identify(install) by extensions ['ignore', 'ignore_ament_install']
[0.184s] Level 1:colcon.colcon_core.package_identification:_identify(install) by extension 'ignore'
[0.184s] Level 1:colcon.colcon_core.package_identification:_identify(install) ignored
[0.184s] Level 1:colcon.colcon_core.package_identification:_identify(log) by extensions ['ignore', 'ignore_ament_install']
[0.184s] Level 1:colcon.colcon_core.package_identification:_identify(log) by extension 'ignore'
[0.184s] Level 1:colcon.colcon_core.package_identification:_identify(log) ignored
[0.184s] Level 1:colcon.colcon_core.package_identification:_identify(src) by extensions ['ignore', 'ignore_ament_install']
[0.184s] Level 1:colcon.colcon_core.package_identification:_identify(src) by extension 'ignore'
[0.184s] Level 1:colcon.colcon_core.package_identification:_identify(src) by extension 'ignore_ament_install'
[0.184s] Level 1:colcon.colcon_core.package_identification:_identify(src) by extensions ['colcon_pkg']
[0.184s] Level 1:colcon.colcon_core.package_identification:_identify(src) by extension 'colcon_pkg'
[0.184s] Level 1:colcon.colcon_core.package_identification:_identify(src) by extensions ['colcon_meta']
[0.184s] Level 1:colcon.colcon_core.package_identification:_identify(src) by extension 'colcon_meta'
[0.184s] Level 1:colcon.colcon_core.package_identification:_identify(src) by extensions ['ros']
[0.184s] Level 1:colcon.colcon_core.package_identification:_identify(src) by extension 'ros'
[0.184s] Level 1:colcon.colcon_core.package_identification:_identify(src) by extensions ['cmake', 'python']
[0.184s] Level 1:colcon.colcon_core.package_identification:_identify(src) by extension 'cmake'
[0.184s] Level 1:colcon.colcon_core.package_identification:_identify(src) by extension 'python'
[0.185s] Level 1:colcon.colcon_core.package_identification:_identify(src) by extensions ['python_setup_py']
[0.185s] Level 1:colcon.colcon_core.package_identification:_identify(src) by extension 'python_setup_py'
[0.185s] Level 1:colcon.colcon_core.package_identification:_identify(src/camera) by extensions ['ignore', 'ignore_ament_install']
[0.185s] Level 1:colcon.colcon_core.package_identification:_identify(src/camera) by extension 'ignore'
[0.185s] Level 1:colcon.colcon_core.package_identification:_identify(src/camera) by extension 'ignore_ament_install'
[0.185s] Level 1:colcon.colcon_core.package_identification:_identify(src/camera) by extensions ['colcon_pkg']
[0.185s] Level 1:colcon.colcon_core.package_identification:_identify(src/camera) by extension 'colcon_pkg'
[0.185s] Level 1:colcon.colcon_core.package_identification:_identify(src/camera) by extensions ['colcon_meta']
[0.185s] Level 1:colcon.colcon_core.package_identification:_identify(src/camera) by extension 'colcon_meta'
[0.185s] Level 1:colcon.colcon_core.package_identification:_identify(src/camera) by extensions ['ros']
[0.185s] Level 1:colcon.colcon_core.package_identification:_identify(src/camera) by extension 'ros'
[0.186s] DEBUG:colcon.colcon_core.package_identification:Package 'src/camera' with type 'ros.ament_python' and name 'camera'
[0.186s] Level 1:colcon.colcon_core.package_identification:_identify(src/ev3_interfaces) by extensions ['ignore', 'ignore_ament_install']
[0.186s] Level 1:colcon.colcon_core.package_identification:_identify(src/ev3_interfaces) by extension 'ignore'
[0.186s] Level 1:colcon.colcon_core.package_identification:_identify(src/ev3_interfaces) by extension 'ignore_ament_install'
[0.186s] Level 1:colcon.colcon_core.package_identification:_identify(src/ev3_interfaces) by extensions ['colcon_pkg']
[0.186s] Level 1:colcon.colcon_core.package_identification:_identify(src/ev3_interfaces) by extension 'colcon_pkg'
[0.186s] Level 1:colcon.colcon_core.package_identification:_identify(src/ev3_interfaces) by extensions ['colcon_meta']
[0.186s] Level 1:colcon.colcon_core.package_identification:_identify(src/ev3_interfaces) by extension 'colcon_meta'
[0.186s] Level 1:colcon.colcon_core.package_identification:_identify(src/ev3_interfaces) by extensions ['ros']
[0.187s] Level 1:colcon.colcon_core.package_identification:_identify(src/ev3_interfaces) by extension 'ros'
[0.192s] DEBUG:colcon.colcon_core.package_identification:Package 'src/ev3_interfaces' with type 'ros.ament_cmake' and name 'ev3_interfaces'
[0.192s] Level 1:colcon.colcon_core.package_identification:_identify(src/ev3_mqtt_bridge) by extensions ['ignore', 'ignore_ament_install']
[0.192s] Level 1:colcon.colcon_core.package_identification:_identify(src/ev3_mqtt_bridge) by extension 'ignore'
[0.192s] Level 1:colcon.colcon_core.package_identification:_identify(src/ev3_mqtt_bridge) by extension 'ignore_ament_install'
[0.192s] Level 1:colcon.colcon_core.package_identification:_identify(src/ev3_mqtt_bridge) by extensions ['colcon_pkg']
[0.192s] Level 1:colcon.colcon_core.package_identification:_identify(src/ev3_mqtt_bridge) by extension 'colcon_pkg'
[0.192s] Level 1:colcon.colcon_core.package_identification:_identify(src/ev3_mqtt_bridge) by extensions ['colcon_meta']
[0.192s] Level 1:colcon.colcon_core.package_identification:_identify(src/ev3_mqtt_bridge) by extension 'colcon_meta'
[0.192s] Level 1:colcon.colcon_core.package_identification:_identify(src/ev3_mqtt_bridge) by extensions ['ros']
[0.192s] Level 1:colcon.colcon_core.package_identification:_identify(src/ev3_mqtt_bridge) by extension 'ros'
[0.193s] DEBUG:colcon.colcon_core.package_identification:Package 'src/ev3_mqtt_bridge' with type 'ros.ament_python' and name 'ev3_mqtt_bridge'
[0.193s] Level 1:colcon.colcon_core.package_discovery:discover_packages(recursive) using defaults
[0.193s] Level 1:colcon.colcon_core.package_discovery:discover_packages(ignore) discover
[0.193s] Level 1:colcon.colcon_core.package_discovery:discover_packages(ignore) using defaults
[0.193s] Level 1:colcon.colcon_core.package_discovery:discover_packages(path) discover
[0.193s] Level 1:colcon.colcon_core.package_discovery:discover_packages(path) using defaults
[0.205s] Level 1:colcon.colcon_core.package_discovery:discover_packages(prefix_path) check parameters
[0.205s] Level 1:colcon.colcon_core.package_discovery:discover_packages(prefix_path) discover
[0.206s] DEBUG:colcon.colcon_installed_package_information.package_discovery:Found 3 installed packages in /home/jacky/Documents/robot_bartender/install
[0.207s] DEBUG:colcon.colcon_installed_package_information.package_discovery:Found 243 installed packages in /opt/ros/humble
[0.208s] Level 1:colcon.colcon_core.package_discovery:discover_packages(prefix_path) using defaults
[0.227s] Level 5:colcon.colcon_core.verb:set package 'camera' build argument 'cmake_args' from command line to 'None'
[0.227s] Level 5:colcon.colcon_core.verb:set package 'camera' build argument 'cmake_target' from command line to 'None'
[0.227s] Level 5:colcon.colcon_core.verb:set package 'camera' build argument 'cmake_target_skip_unavailable' from command line to 'False'
[0.227s] Level 5:colcon.colcon_core.verb:set package 'camera' build argument 'cmake_clean_cache' from command line to 'False'
[0.227s] Level 5:colcon.colcon_core.verb:set package 'camera' build argument 'cmake_clean_first' from command line to 'False'
[0.227s] Level 5:colcon.colcon_core.verb:set package 'camera' build argument 'cmake_force_configure' from command line to 'False'
[0.227s] Level 5:colcon.colcon_core.verb:set package 'camera' build argument 'ament_cmake_args' from command line to 'None'
[0.227s] Level 5:colcon.colcon_core.verb:set package 'camera' build argument 'catkin_cmake_args' from command line to 'None'
[0.227s] Level 5:colcon.colcon_core.verb:set package 'camera' build argument 'catkin_skip_building_tests' from command line to 'False'
[0.227s] DEBUG:colcon.colcon_core.verb:Building package 'camera' with the following arguments: {'ament_cmake_args': None, 'build_base': '/home/jacky/Documents/robot_bartender/build/camera', 'catkin_cmake_args': None, 'catkin_skip_building_tests': False, 'cmake_args': None, 'cmake_clean_cache': False, 'cmake_clean_first': False, 'cmake_force_configure': False, 'cmake_target': None, 'cmake_target_skip_unavailable': False, 'install_base': '/home/jacky/Documents/robot_bartender/install/camera', 'merge_install': False, 'path': '/home/jacky/Documents/robot_bartender/src/camera', 'symlink_install': False, 'test_result_base': None}
[0.227s] Level 5:colcon.colcon_core.verb:set package 'ev3_interfaces' build argument 'cmake_args' from command line to 'None'
[0.227s] Level 5:colcon.colcon_core.verb:set package 'ev3_interfaces' build argument 'cmake_target' from command line to 'None'
[0.227s] Level 5:colcon.colcon_core.verb:set package 'ev3_interfaces' build argument 'cmake_target_skip_unavailable' from command line to 'False'
[0.227s] Level 5:colcon.colcon_core.verb:set package 'ev3_interfaces' build argument 'cmake_clean_cache' from command line to 'False'
[0.228s] Level 5:colcon.colcon_core.verb:set package 'ev3_interfaces' build argument 'cmake_clean_first' from command line to 'False'
[0.228s] Level 5:colcon.colcon_core.verb:set package 'ev3_interfaces' build argument 'cmake_force_configure' from command line to 'False'
[0.228s] Level 5:colcon.colcon_core.verb:set package 'ev3_interfaces' build argument 'ament_cmake_args' from command line to 'None'
[0.228s] Level 5:colcon.colcon_core.verb:set package 'ev3_interfaces' build argument 'catkin_cmake_args' from command line to 'None'
[0.228s] Level 5:colcon.colcon_core.verb:set package 'ev3_interfaces' build argument 'catkin_skip_building_tests' from command line to 'False'
[0.228s] DEBUG:colcon.colcon_core.verb:Building package 'ev3_interfaces' with the following arguments: {'ament_cmake_args': None, 'build_base': '/home/jacky/Documents/robot_bartender/build/ev3_interfaces', 'catkin_cmake_args': None, 'catkin_skip_building_tests': False, 'cmake_args': None, 'cmake_clean_cache': False, 'cmake_clean_first': False, 'cmake_force_configure': False, 'cmake_target': None, 'cmake_target_skip_unavailable': False, 'install_base': '/home/jacky/Documents/robot_bartender/install/ev3_interfaces', 'merge_install': False, 'path': '/home/jacky/Documents/robot_bartender/src/ev3_interfaces', 'symlink_install': False, 'test_result_base': None}
[0.228s] Level 5:colcon.colcon_core.verb:set package 'ev3_mqtt_bridge' build argument 'cmake_args' from command line to 'None'
[0.228s] Level 5:colcon.colcon_core.verb:set package 'ev3_mqtt_bridge' build argument 'cmake_target' from command line to 'None'
[0.228s] Level 5:colcon.colcon_core.verb:set package 'ev3_mqtt_bridge' build argument 'cmake_target_skip_unavailable' from command line to 'False'
[0.228s] Level 5:colcon.colcon_core.verb:set package 'ev3_mqtt_bridge' build argument 'cmake_clean_cache' from command line to 'False'
[0.228s] Level 5:colcon.colcon_core.verb:set package 'ev3_mqtt_bridge' build argument 'cmake_clean_first' from command line to 'False'
[0.228s] Level 5:colcon.colcon_core.verb:set package 'ev3_mqtt_bridge' build argument 'cmake_force_configure' from command line to 'False'
[0.228s] Level 5:colcon.colcon_core.verb:set package 'ev3_mqtt_bridge' build argument 'ament_cmake_args' from command line to 'None'
[0.228s] Level 5:colcon.colcon_core.verb:set package 'ev3_mqtt_bridge' build argument 'catkin_cmake_args' from command line to 'None'
[0.228s] Level 5:colcon.colcon_core.verb:set package 'ev3_mqtt_bridge' build argument 'catkin_skip_building_tests' from command line to 'False'
[0.228s] DEBUG:colcon.colcon_core.verb:Building package 'ev3_mqtt_bridge' with the following arguments: {'ament_cmake_args': None, 'build_base': '/home/jacky/Documents/robot_bartender/build/ev3_mqtt_bridge', 'catkin_cmake_args': None, 'catkin_skip_building_tests': False, 'cmake_args': None, 'cmake_clean_cache': False, 'cmake_clean_first': False, 'cmake_force_configure': False, 'cmake_target': None, 'cmake_target_skip_unavailable': False, 'install_base': '/home/jacky/Documents/robot_bartender/install/ev3_mqtt_bridge', 'merge_install': False, 'path': '/home/jacky/Documents/robot_bartender/src/ev3_mqtt_bridge', 'symlink_install': False, 'test_result_base': None}
[0.228s] INFO:colcon.colcon_core.executor:Executing jobs using 'parallel' executor
[0.229s] DEBUG:colcon.colcon_parallel_executor.executor.parallel:run_until_complete
[0.229s] INFO:colcon.colcon_ros.task.ament_python.build:Building ROS package in '/home/jacky/Documents/robot_bartender/src/camera' with build type 'ament_python'
[0.229s] Level 1:colcon.colcon_core.shell:create_environment_hook('camera', 'ament_prefix_path')
[0.230s] INFO:colcon.colcon_core.plugin_system:Skipping extension 'colcon_core.shell.bat': Not used on non-Windows systems
[0.230s] INFO:colcon.colcon_core.shell:Creating environment hook '/home/jacky/Documents/robot_bartender/install/camera/share/camera/hook/ament_prefix_path.ps1'
[0.231s] INFO:colcon.colcon_core.shell:Creating environment descriptor '/home/jacky/Documents/robot_bartender/install/camera/share/camera/hook/ament_prefix_path.dsv'
[0.231s] INFO:colcon.colcon_core.shell:Creating environment hook '/home/jacky/Documents/robot_bartender/install/camera/share/camera/hook/ament_prefix_path.sh'
[0.231s] INFO:colcon.colcon_core.shell:Skip shell extension 'powershell' for command environment: Not usable outside of PowerShell
[0.231s] DEBUG:colcon.colcon_core.shell:Skip shell extension 'dsv' for command environment
[0.233s] INFO:colcon.colcon_ros.task.ament_cmake.build:Building ROS package in '/home/jacky/Documents/robot_bartender/src/ev3_interfaces' with build type 'ament_cmake'
[0.233s] INFO:colcon.colcon_cmake.task.cmake.build:Building CMake package in '/home/jacky/Documents/robot_bartender/src/ev3_interfaces'
[0.233s] INFO:colcon.colcon_core.shell:Skip shell extension 'powershell' for command environment: Not usable outside of PowerShell
[0.234s] DEBUG:colcon.colcon_core.shell:Skip shell extension 'dsv' for command environment
[0.235s] INFO:colcon.colcon_ros.task.ament_python.build:Building ROS package in '/home/jacky/Documents/robot_bartender/src/ev3_mqtt_bridge' with build type 'ament_python'
[0.235s] Level 1:colcon.colcon_core.shell:create_environment_hook('ev3_mqtt_bridge', 'ament_prefix_path')
[0.235s] INFO:colcon.colcon_core.shell:Creating environment hook '/home/jacky/Documents/robot_bartender/install/ev3_mqtt_bridge/share/ev3_mqtt_bridge/hook/ament_prefix_path.ps1'
[0.236s] INFO:colcon.colcon_core.shell:Creating environment descriptor '/home/jacky/Documents/robot_bartender/install/ev3_mqtt_bridge/share/ev3_mqtt_bridge/hook/ament_prefix_path.dsv'
[0.236s] INFO:colcon.colcon_core.shell:Creating environment hook '/home/jacky/Documents/robot_bartender/install/ev3_mqtt_bridge/share/ev3_mqtt_bridge/hook/ament_prefix_path.sh'
[0.236s] INFO:colcon.colcon_core.shell:Skip shell extension 'powershell' for command environment: Not usable outside of PowerShell
[0.236s] DEBUG:colcon.colcon_core.shell:Skip shell extension 'dsv' for command environment
[0.413s] INFO:colcon.colcon_core.task.python.build:Building Python package in '/home/jacky/Documents/robot_bartender/src/camera'
[0.413s] INFO:colcon.colcon_core.shell:Skip shell extension 'powershell' for command environment: Not usable outside of PowerShell
[0.414s] DEBUG:colcon.colcon_core.shell:Skip shell extension 'dsv' for command environment
[0.418s] DEBUG:colcon.colcon_core.event_handler.log_command:Invoking command in '/home/jacky/Documents/robot_bartender/build/ev3_interfaces': CMAKE_PREFIX_PATH=${CMAKE_PREFIX_PATH}:/home/jacky/Documents/robot_bartender/install/camera:/home/jacky/Documents/robot_bartender/install/ev3_mqtt_bridge:/opt/ros/humble /usr/bin/cmake --build /home/jacky/Documents/robot_bartender/build/ev3_interfaces -- -j16 -l16
[0.596s] INFO:colcon.colcon_core.task.python.build:Building Python package in '/home/jacky/Documents/robot_bartender/src/ev3_mqtt_bridge'
[0.597s] INFO:colcon.colcon_core.shell:Skip shell extension 'powershell' for command environment: Not usable outside of PowerShell
[0.597s] DEBUG:colcon.colcon_core.shell:Skip shell extension 'dsv' for command environment
[0.649s] DEBUG:colcon.colcon_core.event_handler.log_command:Invoked command in '/home/jacky/Documents/robot_bartender/build/ev3_interfaces' returned '0': CMAKE_PREFIX_PATH=${CMAKE_PREFIX_PATH}:/home/jacky/Documents/robot_bartender/install/camera:/home/jacky/Documents/robot_bartender/install/ev3_mqtt_bridge:/opt/ros/humble /usr/bin/cmake --build /home/jacky/Documents/robot_bartender/build/ev3_interfaces -- -j16 -l16
[0.656s] DEBUG:colcon.colcon_core.event_handler.log_command:Invoking command in '/home/jacky/Documents/robot_bartender/build/ev3_interfaces': CMAKE_PREFIX_PATH=${CMAKE_PREFIX_PATH}:/home/jacky/Documents/robot_bartender/install/camera:/home/jacky/Documents/robot_bartender/install/ev3_mqtt_bridge:/opt/ros/humble /usr/bin/cmake --install /home/jacky/Documents/robot_bartender/build/ev3_interfaces
[0.693s] Level 1:colcon.colcon_core.environment:create_environment_scripts_only(ev3_interfaces)
[0.693s] DEBUG:colcon.colcon_core.event_handler.log_command:Invoked command in '/home/jacky/Documents/robot_bartender/build/ev3_interfaces' returned '0': CMAKE_PREFIX_PATH=${CMAKE_PREFIX_PATH}:/home/jacky/Documents/robot_bartender/install/camera:/home/jacky/Documents/robot_bartender/install/ev3_mqtt_bridge:/opt/ros/humble /usr/bin/cmake --install /home/jacky/Documents/robot_bartender/build/ev3_interfaces
[0.694s] Level 1:colcon.colcon_core.environment:checking '/home/jacky/Documents/robot_bartender/install/ev3_interfaces' for CMake module files
[0.695s] Level 1:colcon.colcon_core.environment:checking '/home/jacky/Documents/robot_bartender/install/ev3_interfaces' for CMake config files
[0.695s] Level 1:colcon.colcon_core.shell:create_environment_hook('ev3_interfaces', 'cmake_prefix_path')
[0.695s] INFO:colcon.colcon_core.shell:Creating environment hook '/home/jacky/Documents/robot_bartender/install/ev3_interfaces/share/ev3_interfaces/hook/cmake_prefix_path.ps1'
[0.696s] INFO:colcon.colcon_core.shell:Creating environment descriptor '/home/jacky/Documents/robot_bartender/install/ev3_interfaces/share/ev3_interfaces/hook/cmake_prefix_path.dsv'
[0.696s] INFO:colcon.colcon_core.shell:Creating environment hook '/home/jacky/Documents/robot_bartender/install/ev3_interfaces/share/ev3_interfaces/hook/cmake_prefix_path.sh'
[0.696s] Level 1:colcon.colcon_core.environment:checking '/home/jacky/Documents/robot_bartender/install/ev3_interfaces/lib'
[0.696s] Level 1:colcon.colcon_core.shell:create_environment_hook('ev3_interfaces', 'ld_library_path_lib')
[0.696s] INFO:colcon.colcon_core.shell:Creating environment hook '/home/jacky/Documents/robot_bartender/install/ev3_interfaces/share/ev3_interfaces/hook/ld_library_path_lib.ps1'
[0.697s] INFO:colcon.colcon_core.shell:Creating environment descriptor '/home/jacky/Documents/robot_bartender/install/ev3_interfaces/share/ev3_interfaces/hook/ld_library_path_lib.dsv'
[0.697s] INFO:colcon.colcon_core.shell:Creating environment hook '/home/jacky/Documents/robot_bartender/install/ev3_interfaces/share/ev3_interfaces/hook/ld_library_path_lib.sh'
[0.697s] Level 1:colcon.colcon_core.environment:checking '/home/jacky/Documents/robot_bartender/install/ev3_interfaces/bin'
[0.697s] Level 1:colcon.colcon_core.environment:checking '/home/jacky/Documents/robot_bartender/install/ev3_interfaces/lib/pkgconfig/ev3_interfaces.pc'
[0.697s] Level 1:colcon.colcon_core.environment:checking '/home/jacky/Documents/robot_bartender/install/ev3_interfaces/lib/python3.10/site-packages'
[0.698s] Level 1:colcon.colcon_core.environment:checking '/home/jacky/Documents/robot_bartender/install/ev3_interfaces/bin'
[0.698s] INFO:colcon.colcon_core.shell:Creating package script '/home/jacky/Documents/robot_bartender/install/ev3_interfaces/share/ev3_interfaces/package.ps1'
[0.698s] INFO:colcon.colcon_core.shell:Creating package descriptor '/home/jacky/Documents/robot_bartender/install/ev3_interfaces/share/ev3_interfaces/package.dsv'
[0.699s] INFO:colcon.colcon_core.shell:Creating package script '/home/jacky/Documents/robot_bartender/install/ev3_interfaces/share/ev3_interfaces/package.sh'
[0.699s] INFO:colcon.colcon_core.shell:Creating package script '/home/jacky/Documents/robot_bartender/install/ev3_interfaces/share/ev3_interfaces/package.bash'
[0.700s] INFO:colcon.colcon_core.shell:Creating package script '/home/jacky/Documents/robot_bartender/install/ev3_interfaces/share/ev3_interfaces/package.zsh'
[0.700s] Level 1:colcon.colcon_core.environment:create_file_with_runtime_dependencies(/home/jacky/Documents/robot_bartender/install/ev3_interfaces/share/colcon-core/packages/ev3_interfaces)
[0.701s] Level 1:colcon.colcon_core.environment:create_environment_scripts_only(ev3_interfaces)
[0.701s] Level 1:colcon.colcon_core.environment:checking '/home/jacky/Documents/robot_bartender/install/ev3_interfaces' for CMake module files
[0.701s] Level 1:colcon.colcon_core.environment:checking '/home/jacky/Documents/robot_bartender/install/ev3_interfaces' for CMake config files
[0.701s] Level 1:colcon.colcon_core.shell:create_environment_hook('ev3_interfaces', 'cmake_prefix_path')
[0.702s] INFO:colcon.colcon_core.shell:Creating environment hook '/home/jacky/Documents/robot_bartender/install/ev3_interfaces/share/ev3_interfaces/hook/cmake_prefix_path.ps1'
[0.702s] INFO:colcon.colcon_core.shell:Creating environment descriptor '/home/jacky/Documents/robot_bartender/install/ev3_interfaces/share/ev3_interfaces/hook/cmake_prefix_path.dsv'
[0.702s] INFO:colcon.colcon_core.shell:Creating environment hook '/home/jacky/Documents/robot_bartender/install/ev3_interfaces/share/ev3_interfaces/hook/cmake_prefix_path.sh'
[0.702s] Level 1:colcon.colcon_core.environment:checking '/home/jacky/Documents/robot_bartender/install/ev3_interfaces/lib'
[0.702s] Level 1:colcon.colcon_core.shell:create_environment_hook('ev3_interfaces', 'ld_library_path_lib')
[0.703s] INFO:colcon.colcon_core.shell:Creating environment hook '/home/jacky/Documents/robot_bartender/install/ev3_interfaces/share/ev3_interfaces/hook/ld_library_path_lib.ps1'
[0.703s] INFO:colcon.colcon_core.shell:Creating environment descriptor '/home/jacky/Documents/robot_bartender/install/ev3_interfaces/share/ev3_interfaces/hook/ld_library_path_lib.dsv'
[0.703s] INFO:colcon.colcon_core.shell:Creating environment hook '/home/jacky/Documents/robot_bartender/install/ev3_interfaces/share/ev3_interfaces/hook/ld_library_path_lib.sh'
[0.703s] Level 1:colcon.colcon_core.environment:checking '/home/jacky/Documents/robot_bartender/install/ev3_interfaces/bin'
[0.703s] Level 1:colcon.colcon_core.environment:checking '/home/jacky/Documents/robot_bartender/install/ev3_interfaces/lib/pkgconfig/ev3_interfaces.pc'
[0.703s] Level 1:colcon.colcon_core.environment:checking '/home/jacky/Documents/robot_bartender/install/ev3_interfaces/lib/python3.10/site-packages'
[0.703s] Level 1:colcon.colcon_core.environment:checking '/home/jacky/Documents/robot_bartender/install/ev3_interfaces/bin'
[0.704s] INFO:colcon.colcon_core.shell:Creating package script '/home/jacky/Documents/robot_bartender/install/ev3_interfaces/share/ev3_interfaces/package.ps1'
[0.704s] INFO:colcon.colcon_core.shell:Creating package descriptor '/home/jacky/Documents/robot_bartender/install/ev3_interfaces/share/ev3_interfaces/package.dsv'
[0.704s] INFO:colcon.colcon_core.shell:Creating package script '/home/jacky/Documents/robot_bartender/install/ev3_interfaces/share/ev3_interfaces/package.sh'
[0.705s] INFO:colcon.colcon_core.shell:Creating package script '/home/jacky/Documents/robot_bartender/install/ev3_interfaces/share/ev3_interfaces/package.bash'
[0.705s] INFO:colcon.colcon_core.shell:Creating package script '/home/jacky/Documents/robot_bartender/install/ev3_interfaces/share/ev3_interfaces/package.zsh'
[0.705s] Level 1:colcon.colcon_core.environment:create_file_with_runtime_dependencies(/home/jacky/Documents/robot_bartender/install/ev3_interfaces/share/colcon-core/packages/ev3_interfaces)
[0.819s] DEBUG:colcon.colcon_core.event_handler.log_command:Invoking command in '/home/jacky/Documents/robot_bartender/src/ev3_mqtt_bridge': PYTHONPATH=/home/jacky/Documents/robot_bartender/build/ev3_mqtt_bridge/prefix_override:/usr/lib/python3/dist-packages/colcon_core/task/python/colcon_distutils_commands:/home/jacky/Documents/robot_bartender/install/ev3_mqtt_bridge/lib/python3.10/site-packages:${PYTHONPATH} /usr/bin/python3 -W ignore:setup.py install is deprecated -W ignore:easy_install command is deprecated setup.py egg_info --egg-base ../../build/ev3_mqtt_bridge build --build-base /home/jacky/Documents/robot_bartender/build/ev3_mqtt_bridge/build install --record /home/jacky/Documents/robot_bartender/build/ev3_mqtt_bridge/install.log --single-version-externally-managed install_data
[0.826s] DEBUG:colcon.colcon_core.event_handler.log_command:Invoking command in '/home/jacky/Documents/robot_bartender/src/camera': PYTHONPATH=/home/jacky/Documents/robot_bartender/build/camera/prefix_override:/usr/lib/python3/dist-packages/colcon_core/task/python/colcon_distutils_commands:/home/jacky/Documents/robot_bartender/install/camera/lib/python3.10/site-packages:${PYTHONPATH} /usr/bin/python3 -W ignore:setup.py install is deprecated -W ignore:easy_install command is deprecated setup.py egg_info --egg-base ../../build/camera build --build-base /home/jacky/Documents/robot_bartender/build/camera/build install --record /home/jacky/Documents/robot_bartender/build/camera/install.log --single-version-externally-managed install_data
[1.010s] Level 1:colcon.colcon_core.environment:checking '/home/jacky/Documents/robot_bartender/install/ev3_mqtt_bridge' for CMake module files
[1.010s] DEBUG:colcon.colcon_core.event_handler.log_command:Invoked command in '/home/jacky/Documents/robot_bartender/src/ev3_mqtt_bridge' returned '0': PYTHONPATH=/home/jacky/Documents/robot_bartender/build/ev3_mqtt_bridge/prefix_override:/usr/lib/python3/dist-packages/colcon_core/task/python/colcon_distutils_commands:/home/jacky/Documents/robot_bartender/install/ev3_mqtt_bridge/lib/python3.10/site-packages:${PYTHONPATH} /usr/bin/python3 -W ignore:setup.py install is deprecated -W ignore:easy_install command is deprecated setup.py egg_info --egg-base ../../build/ev3_mqtt_bridge build --build-base /home/jacky/Documents/robot_bartender/build/ev3_mqtt_bridge/build install --record /home/jacky/Documents/robot_bartender/build/ev3_mqtt_bridge/install.log --single-version-externally-managed install_data
[1.011s] Level 1:colcon.colcon_core.environment:checking '/home/jacky/Documents/robot_bartender/install/ev3_mqtt_bridge' for CMake config files
[1.011s] Level 1:colcon.colcon_core.environment:checking '/home/jacky/Documents/robot_bartender/install/ev3_mqtt_bridge/lib'
[1.011s] Level 1:colcon.colcon_core.environment:checking '/home/jacky/Documents/robot_bartender/install/ev3_mqtt_bridge/bin'
[1.011s] Level 1:colcon.colcon_core.environment:checking '/home/jacky/Documents/robot_bartender/install/ev3_mqtt_bridge/lib/pkgconfig/ev3_mqtt_bridge.pc'
[1.011s] Level 1:colcon.colcon_core.environment:checking '/home/jacky/Documents/robot_bartender/install/ev3_mqtt_bridge/lib/python3.10/site-packages'
[1.011s] Level 1:colcon.colcon_core.shell:create_environment_hook('ev3_mqtt_bridge', 'pythonpath')
[1.011s] INFO:colcon.colcon_core.shell:Creating environment hook '/home/jacky/Documents/robot_bartender/install/ev3_mqtt_bridge/share/ev3_mqtt_bridge/hook/pythonpath.ps1'
[1.012s] INFO:colcon.colcon_core.shell:Creating environment descriptor '/home/jacky/Documents/robot_bartender/install/ev3_mqtt_bridge/share/ev3_mqtt_bridge/hook/pythonpath.dsv'
[1.012s] INFO:colcon.colcon_core.shell:Creating environment hook '/home/jacky/Documents/robot_bartender/install/ev3_mqtt_bridge/share/ev3_mqtt_bridge/hook/pythonpath.sh'
[1.012s] Level 1:colcon.colcon_core.environment:checking '/home/jacky/Documents/robot_bartender/install/ev3_mqtt_bridge/bin'
[1.012s] Level 1:colcon.colcon_core.environment:create_environment_scripts_only(ev3_mqtt_bridge)
[1.013s] INFO:colcon.colcon_core.shell:Creating package script '/home/jacky/Documents/robot_bartender/install/ev3_mqtt_bridge/share/ev3_mqtt_bridge/package.ps1'
[1.013s] INFO:colcon.colcon_core.shell:Creating package descriptor '/home/jacky/Documents/robot_bartender/install/ev3_mqtt_bridge/share/ev3_mqtt_bridge/package.dsv'
[1.013s] INFO:colcon.colcon_core.shell:Creating package script '/home/jacky/Documents/robot_bartender/install/ev3_mqtt_bridge/share/ev3_mqtt_bridge/package.sh'
[1.013s] INFO:colcon.colcon_core.shell:Creating package script '/home/jacky/Documents/robot_bartender/install/ev3_mqtt_bridge/share/ev3_mqtt_bridge/package.bash'
[1.014s] INFO:colcon.colcon_core.shell:Creating package script '/home/jacky/Documents/robot_bartender/install/ev3_mqtt_bridge/share/ev3_mqtt_bridge/package.zsh'
[1.014s] Level 1:colcon.colcon_core.environment:create_file_with_runtime_dependencies(/home/jacky/Documents/robot_bartender/install/ev3_mqtt_bridge/share/colcon-core/packages/ev3_mqtt_bridge)
[1.015s] Level 1:colcon.colcon_core.environment:checking '/home/jacky/Documents/robot_bartender/install/camera' for CMake module files
[1.015s] DEBUG:colcon.colcon_core.event_handler.log_command:Invoked command in '/home/jacky/Documents/robot_bartender/src/camera' returned '0': PYTHONPATH=/home/jacky/Documents/robot_bartender/build/camera/prefix_override:/usr/lib/python3/dist-packages/colcon_core/task/python/colcon_distutils_commands:/home/jacky/Documents/robot_bartender/install/camera/lib/python3.10/site-packages:${PYTHONPATH} /usr/bin/python3 -W ignore:setup.py install is deprecated -W ignore:easy_install command is deprecated setup.py egg_info --egg-base ../../build/camera build --build-base /home/jacky/Documents/robot_bartender/build/camera/build install --record /home/jacky/Documents/robot_bartender/build/camera/install.log --single-version-externally-managed install_data
[1.015s] Level 1:colcon.colcon_core.environment:checking '/home/jacky/Documents/robot_bartender/install/camera' for CMake config files
[1.016s] Level 1:colcon.colcon_core.environment:checking '/home/jacky/Documents/robot_bartender/install/camera/lib'
[1.016s] Level 1:colcon.colcon_core.environment:checking '/home/jacky/Documents/robot_bartender/install/camera/bin'
[1.016s] Level 1:colcon.colcon_core.environment:checking '/home/jacky/Documents/robot_bartender/install/camera/lib/pkgconfig/camera.pc'
[1.016s] Level 1:colcon.colcon_core.environment:checking '/home/jacky/Documents/robot_bartender/install/camera/lib/python3.10/site-packages'
[1.016s] Level 1:colcon.colcon_core.shell:create_environment_hook('camera', 'pythonpath')
[1.016s] INFO:colcon.colcon_core.shell:Creating environment hook '/home/jacky/Documents/robot_bartender/install/camera/share/camera/hook/pythonpath.ps1'
[1.016s] INFO:colcon.colcon_core.shell:Creating environment descriptor '/home/jacky/Documents/robot_bartender/install/camera/share/camera/hook/pythonpath.dsv'
[1.016s] INFO:colcon.colcon_core.shell:Creating environment hook '/home/jacky/Documents/robot_bartender/install/camera/share/camera/hook/pythonpath.sh'
[1.017s] Level 1:colcon.colcon_core.environment:checking '/home/jacky/Documents/robot_bartender/install/camera/bin'
[1.017s] Level 1:colcon.colcon_core.environment:create_environment_scripts_only(camera)
[1.017s] INFO:colcon.colcon_core.shell:Creating package script '/home/jacky/Documents/robot_bartender/install/camera/share/camera/package.ps1'
[1.017s] INFO:colcon.colcon_core.shell:Creating package descriptor '/home/jacky/Documents/robot_bartender/install/camera/share/camera/package.dsv'
[1.018s] INFO:colcon.colcon_core.shell:Creating package script '/home/jacky/Documents/robot_bartender/install/camera/share/camera/package.sh'
[1.018s] INFO:colcon.colcon_core.shell:Creating package script '/home/jacky/Documents/robot_bartender/install/camera/share/camera/package.bash'
[1.018s] INFO:colcon.colcon_core.shell:Creating package script '/home/jacky/Documents/robot_bartender/install/camera/share/camera/package.zsh'
[1.018s] Level 1:colcon.colcon_core.environment:create_file_with_runtime_dependencies(/home/jacky/Documents/robot_bartender/install/camera/share/colcon-core/packages/camera)
[1.018s] DEBUG:colcon.colcon_parallel_executor.executor.parallel:closing loop
[1.019s] DEBUG:colcon.colcon_parallel_executor.executor.parallel:loop closed
[1.019s] DEBUG:colcon.colcon_parallel_executor.executor.parallel:run_until_complete finished with '0'
[1.019s] DEBUG:colcon.colcon_core.event_reactor:joining thread
[1.022s] INFO:colcon.colcon_core.plugin_system:Skipping extension 'colcon_notification.desktop_notification.terminal_notifier': Not used on non-Darwin systems
[1.022s] INFO:colcon.colcon_core.plugin_system:Skipping extension 'colcon_notification.desktop_notification.win32': Not used on non-Windows systems
[1.022s] INFO:colcon.colcon_notification.desktop_notification:Sending desktop notification using 'notify2'
[1.030s] DEBUG:colcon.colcon_core.event_reactor:joined thread
[1.031s] INFO:colcon.colcon_core.shell:Creating prefix script '/home/jacky/Documents/robot_bartender/install/local_setup.ps1'
[1.031s] INFO:colcon.colcon_core.shell:Creating prefix util module '/home/jacky/Documents/robot_bartender/install/_local_setup_util_ps1.py'
[1.032s] INFO:colcon.colcon_core.shell:Creating prefix chain script '/home/jacky/Documents/robot_bartender/install/setup.ps1'
[1.033s] INFO:colcon.colcon_core.shell:Creating prefix script '/home/jacky/Documents/robot_bartender/install/local_setup.sh'
[1.033s] INFO:colcon.colcon_core.shell:Creating prefix util module '/home/jacky/Documents/robot_bartender/install/_local_setup_util_sh.py'
[1.034s] INFO:colcon.colcon_core.shell:Creating prefix chain script '/home/jacky/Documents/robot_bartender/install/setup.sh'
[1.034s] INFO:colcon.colcon_core.shell:Creating prefix script '/home/jacky/Documents/robot_bartender/install/local_setup.bash'
[1.035s] INFO:colcon.colcon_core.shell:Creating prefix chain script '/home/jacky/Documents/robot_bartender/install/setup.bash'
[1.035s] INFO:colcon.colcon_core.shell:Creating prefix script '/home/jacky/Documents/robot_bartender/install/local_setup.zsh'
[1.036s] INFO:colcon.colcon_core.shell:Creating prefix chain script '/home/jacky/Documents/robot_bartender/install/setup.zsh'
