[0.359s] Invoking command in '/home/jacky/Documents/robot_bartender/src/camera': PYTHONPATH=/home/jacky/Documents/robot_bartender/build/camera/prefix_override:/usr/lib/python3/dist-packages/colcon_core/task/python/colcon_distutils_commands:/home/jacky/Documents/robot_bartender/install/camera/lib/python3.10/site-packages:${PYTHONPATH} /usr/bin/python3 -W ignore:setup.py install is deprecated -W ignore:easy_install command is deprecated setup.py egg_info --egg-base ../../build/camera build --build-base /home/jacky/Documents/robot_bartender/build/camera/build install --record /home/jacky/Documents/robot_bartender/build/camera/install.log --single-version-externally-managed install_data
[0.504s] running egg_info
[0.505s] writing ../../build/camera/camera.egg-info/PKG-INFO
[0.505s] writing dependency_links to ../../build/camera/camera.egg-info/dependency_links.txt
[0.505s] writing entry points to ../../build/camera/camera.egg-info/entry_points.txt
[0.505s] writing requirements to ../../build/camera/camera.egg-info/requires.txt
[0.505s] writing top-level names to ../../build/camera/camera.egg-info/top_level.txt
[0.506s] reading manifest file '../../build/camera/camera.egg-info/SOURCES.txt'
[0.506s] writing manifest file '../../build/camera/camera.egg-info/SOURCES.txt'
[0.506s] running build
[0.507s] running build_py
[0.507s] copying camera/undistort.py -> /home/jacky/Documents/robot_bartender/build/camera/build/lib/camera
[0.507s] copying camera/sobel.py -> /home/jacky/Documents/robot_bartender/build/camera/build/lib/camera
[0.507s] copying camera/noise.py -> /home/jacky/Documents/robot_bartender/build/camera/build/lib/camera
[0.507s] running install
[0.507s] running install_lib
[0.508s] copying /home/jacky/Documents/robot_bartender/build/camera/build/lib/camera/undistort.py -> /home/jacky/Documents/robot_bartender/install/camera/lib/python3.10/site-packages/camera
[0.508s] copying /home/jacky/Documents/robot_bartender/build/camera/build/lib/camera/sobel.py -> /home/jacky/Documents/robot_bartender/install/camera/lib/python3.10/site-packages/camera
[0.508s] copying /home/jacky/Documents/robot_bartender/build/camera/build/lib/camera/noise.py -> /home/jacky/Documents/robot_bartender/install/camera/lib/python3.10/site-packages/camera
[0.508s] byte-compiling /home/jacky/Documents/robot_bartender/install/camera/lib/python3.10/site-packages/camera/undistort.py to undistort.cpython-310.pyc
[0.509s] byte-compiling /home/jacky/Documents/robot_bartender/install/camera/lib/python3.10/site-packages/camera/sobel.py to sobel.cpython-310.pyc
[0.509s] byte-compiling /home/jacky/Documents/robot_bartender/install/camera/lib/python3.10/site-packages/camera/noise.py to noise.cpython-310.pyc
[0.510s] running install_data
[0.510s] copying launch/camera_launch.py -> /home/jacky/Documents/robot_bartender/install/camera/share/camera/launch
[0.510s] running install_egg_info
[0.511s] removing '/home/jacky/Documents/robot_bartender/install/camera/lib/python3.10/site-packages/camera-0.0.0-py3.10.egg-info' (and everything under it)
[0.511s] Copying ../../build/camera/camera.egg-info to /home/jacky/Documents/robot_bartender/install/camera/lib/python3.10/site-packages/camera-0.0.0-py3.10.egg-info
[0.511s] running install_scripts
[0.524s] Installing camera_node script to /home/jacky/Documents/robot_bartender/install/camera/lib/camera
[0.524s] Installing canny script to /home/jacky/Documents/robot_bartender/install/camera/lib/camera
[0.524s] Installing findLine script to /home/jacky/Documents/robot_bartender/install/camera/lib/camera
[0.524s] Installing noise script to /home/jacky/Documents/robot_bartender/install/camera/lib/camera
[0.524s] Installing sobel script to /home/jacky/Documents/robot_bartender/install/camera/lib/camera
[0.524s] Installing undistort script to /home/jacky/Documents/robot_bartender/install/camera/lib/camera
[0.524s] writing list of installed files to '/home/jacky/Documents/robot_bartender/build/camera/install.log'
[0.538s] Invoked command in '/home/jacky/Documents/robot_bartender/src/camera' returned '0': PYTHONPATH=/home/jacky/Documents/robot_bartender/build/camera/prefix_override:/usr/lib/python3/dist-packages/colcon_core/task/python/colcon_distutils_commands:/home/jacky/Documents/robot_bartender/install/camera/lib/python3.10/site-packages:${PYTHONPATH} /usr/bin/python3 -W ignore:setup.py install is deprecated -W ignore:easy_install command is deprecated setup.py egg_info --egg-base ../../build/camera build --build-base /home/jacky/Documents/robot_bartender/build/camera/build install --record /home/jacky/Documents/robot_bartender/build/camera/install.log --single-version-externally-managed install_data
