/home/jacky/Documents/robot_bartender/install/camera/lib/python3.10/site-packages/camera/undistort.py
/home/jacky/Documents/robot_bartender/install/camera/lib/python3.10/site-packages/camera/sobel.py
/home/jacky/Documents/robot_bartender/install/camera/lib/python3.10/site-packages/camera/camera_node.py
/home/jacky/Documents/robot_bartender/install/camera/lib/python3.10/site-packages/camera/liquid_level.py
/home/jacky/Documents/robot_bartender/install/camera/lib/python3.10/site-packages/camera/canny.py
/home/jacky/Documents/robot_bartender/install/camera/lib/python3.10/site-packages/camera/findLine.py
/home/jacky/Documents/robot_bartender/install/camera/lib/python3.10/site-packages/camera/noise.py
/home/jacky/Documents/robot_bartender/install/camera/lib/python3.10/site-packages/camera/__init__.py
/home/jacky/Documents/robot_bartender/install/camera/lib/python3.10/site-packages/camera/liquid_level_adj.py
/home/jacky/Documents/robot_bartender/install/camera/lib/python3.10/site-packages/camera/__pycache__/undistort.cpython-310.pyc
/home/jacky/Documents/robot_bartender/install/camera/lib/python3.10/site-packages/camera/__pycache__/sobel.cpython-310.pyc
/home/jacky/Documents/robot_bartender/install/camera/lib/python3.10/site-packages/camera/__pycache__/camera_node.cpython-310.pyc
/home/jacky/Documents/robot_bartender/install/camera/lib/python3.10/site-packages/camera/__pycache__/liquid_level.cpython-310.pyc
/home/jacky/Documents/robot_bartender/install/camera/lib/python3.10/site-packages/camera/__pycache__/canny.cpython-310.pyc
/home/jacky/Documents/robot_bartender/install/camera/lib/python3.10/site-packages/camera/__pycache__/findLine.cpython-310.pyc
/home/jacky/Documents/robot_bartender/install/camera/lib/python3.10/site-packages/camera/__pycache__/noise.cpython-310.pyc
/home/jacky/Documents/robot_bartender/install/camera/lib/python3.10/site-packages/camera/__pycache__/__init__.cpython-310.pyc
/home/jacky/Documents/robot_bartender/install/camera/lib/python3.10/site-packages/camera/__pycache__/liquid_level_adj.cpython-310.pyc
/home/jacky/Documents/robot_bartender/install/camera/share/ament_index/resource_index/packages/camera
/home/jacky/Documents/robot_bartender/install/camera/share/camera/package.xml
/home/jacky/Documents/robot_bartender/install/camera/share/camera/launch/camera_launch.py
/home/jacky/Documents/robot_bartender/install/camera/lib/python3.10/site-packages/camera-0.0.0-py3.10.egg-info/entry_points.txt
/home/jacky/Documents/robot_bartender/install/camera/lib/python3.10/site-packages/camera-0.0.0-py3.10.egg-info/SOURCES.txt
/home/jacky/Documents/robot_bartender/install/camera/lib/python3.10/site-packages/camera-0.0.0-py3.10.egg-info/PKG-INFO
/home/jacky/Documents/robot_bartender/install/camera/lib/python3.10/site-packages/camera-0.0.0-py3.10.egg-info/requires.txt
/home/jacky/Documents/robot_bartender/install/camera/lib/python3.10/site-packages/camera-0.0.0-py3.10.egg-info/zip-safe
/home/jacky/Documents/robot_bartender/install/camera/lib/python3.10/site-packages/camera-0.0.0-py3.10.egg-info/top_level.txt
/home/jacky/Documents/robot_bartender/install/camera/lib/python3.10/site-packages/camera-0.0.0-py3.10.egg-info/dependency_links.txt
/home/jacky/Documents/robot_bartender/install/camera/lib/camera/camera_node
/home/jacky/Documents/robot_bartender/install/camera/lib/camera/canny
/home/jacky/Documents/robot_bartender/install/camera/lib/camera/findLine
/home/jacky/Documents/robot_bartender/install/camera/lib/camera/liquid_level
/home/jacky/Documents/robot_bartender/install/camera/lib/camera/liquid_level_adj
/home/jacky/Documents/robot_bartender/install/camera/lib/camera/noise
/home/jacky/Documents/robot_bartender/install/camera/lib/camera/sobel
/home/jacky/Documents/robot_bartender/install/camera/lib/camera/undistort
